;  LST file generated by mikroListExporter - v.2.0 
; Date/Time: 9/6/2012 1:27:49 PM
;----------------------------------------------

;Address Opcode 	ASM
0x0000	0x2A79      	GOTO       633
_interrupt:
0x0004	0x00FF      	MOVWF      R15
0x0005	0x0E03      	SWAPF      STATUS, 0
0x0006	0x0183      	CLRF       STATUS
0x0007	0x00B0      	MOVWF      ___saveSTATUS
0x0008	0x080A      	MOVF       PCLATH, 0
0x0009	0x00B1      	MOVWF      ___savePCLATH
0x000A	0x018A      	CLRF       PCLATH
0x000B	0x0870      	MOVF       R0, 0
0x000C	0x00A0      	MOVWF      32
;code_added.c,680 :: 		void interrupt(){                              //Timer0 interrupts are handled at here. Here is the main driving section of the cube
;code_added.c,681 :: 		if(INTCON.TMR0IF){
0x000D	0x1D0B      	BTFSS      INTCON, 2
0x000E	0x2811      	GOTO       L_interrupt265
;code_added.c,682 :: 		encoder();
0x000F	0x2234      	CALL       _encoder
;code_added.c,683 :: 		INTCON.TMR0IF = 0; // clear TMR1IF
0x0010	0x110B      	BCF        INTCON, 2
;code_added.c,684 :: 		}
L_interrupt265:
;code_added.c,687 :: 		}
L__interrupt652:
0x0011	0x0820      	MOVF       32, 0
0x0012	0x00F0      	MOVWF      R0
0x0013	0x0831      	MOVF       ___savePCLATH, 0
0x0014	0x008A      	MOVWF      PCLATH
0x0015	0x0E30      	SWAPF      ___saveSTATUS, 0
0x0016	0x0083      	MOVWF      STATUS
0x0017	0x0EFF      	SWAPF      R15, 1
0x0018	0x0E7F      	SWAPF      R15, 0
0x0019	0x0009      	RETFIE
; end of _interrupt
_Mul_16x16_U:
;__Lib_Math.c,136 :: 		
;__Lib_Math.c,143 :: 		
0x001A	0x1283      	BCF        STATUS, 5
;__Lib_Math.c,144 :: 		
0x001B	0x1303      	BCF        STATUS, 6
;__Lib_Math.c,145 :: 		
0x001C	0x01FB      	CLRF       R11
;__Lib_Math.c,146 :: 		
0x001D	0x01FA      	CLRF       R10
;__Lib_Math.c,147 :: 		
0x001E	0x01F9      	CLRF       R9
;__Lib_Math.c,148 :: 		
0x001F	0x3080      	MOVLW      128
;__Lib_Math.c,149 :: 		
0x0020	0x00F8      	MOVWF      R8
;__Lib_Math.c,150 :: 		
0x0021	0x0CF1      	RRF        R1, 1
;__Lib_Math.c,151 :: 		
0x0022	0x0CF0      	RRF        R0, 1
;__Lib_Math.c,152 :: 		
0x0023	0x1C03      	BTFSS      STATUS, 0
;__Lib_Math.c,153 :: 		
0x0024	0x282E      	GOTO       $+10
;__Lib_Math.c,154 :: 		
0x0025	0x0874      	MOVF       R4, 0
;__Lib_Math.c,155 :: 		
0x0026	0x07F9      	ADDWF      R9, 1
;__Lib_Math.c,156 :: 		
0x0027	0x0875      	MOVF       R5, 0
;__Lib_Math.c,157 :: 		
0x0028	0x1803      	BTFSC      STATUS, 0
;__Lib_Math.c,158 :: 		
0x0029	0x0F75      	INCFSZ     R5, 0
;__Lib_Math.c,159 :: 		
0x002A	0x07FA      	ADDWF      R10, 1
;__Lib_Math.c,160 :: 		
0x002B	0x1803      	BTFSC      STATUS, 0
;__Lib_Math.c,161 :: 		
0x002C	0x0AFB      	INCF       R11, 1
;__Lib_Math.c,162 :: 		
0x002D	0x1003      	BCF        STATUS, 0
;__Lib_Math.c,163 :: 		
0x002E	0x1FF0      	BTFSS      R0, 7
;__Lib_Math.c,164 :: 		
0x002F	0x2836      	GOTO       $+7
;__Lib_Math.c,165 :: 		
0x0030	0x0874      	MOVF       R4, 0
;__Lib_Math.c,166 :: 		
0x0031	0x07FA      	ADDWF      R10, 1
;__Lib_Math.c,167 :: 		
0x0032	0x0875      	MOVF       R5, 0
;__Lib_Math.c,168 :: 		
0x0033	0x1803      	BTFSC      STATUS, 0
;__Lib_Math.c,169 :: 		
0x0034	0x0F75      	INCFSZ     R5, 0
;__Lib_Math.c,170 :: 		
0x0035	0x07FB      	ADDWF      R11, 1
;__Lib_Math.c,171 :: 		
0x0036	0x0CFB      	RRF        R11, 1
;__Lib_Math.c,172 :: 		
0x0037	0x0CFA      	RRF        R10, 1
;__Lib_Math.c,173 :: 		
0x0038	0x0CF9      	RRF        R9, 1
;__Lib_Math.c,174 :: 		
0x0039	0x0CF8      	RRF        R8, 1
;__Lib_Math.c,175 :: 		
0x003A	0x1C03      	BTFSS      STATUS, 0
;__Lib_Math.c,176 :: 		
0x003B	0x2821      	GOTO       $-26
;__Lib_Math.c,177 :: 		
0x003C	0x087B      	MOVF       R11, 0
;__Lib_Math.c,178 :: 		
0x003D	0x00F3      	MOVWF      R3
;__Lib_Math.c,179 :: 		
0x003E	0x087A      	MOVF       R10, 0
;__Lib_Math.c,180 :: 		
0x003F	0x00F2      	MOVWF      R2
;__Lib_Math.c,181 :: 		
0x0040	0x0879      	MOVF       R9, 0
;__Lib_Math.c,182 :: 		
0x0041	0x00F1      	MOVWF      R1
;__Lib_Math.c,183 :: 		
0x0042	0x0878      	MOVF       R8, 0
;__Lib_Math.c,184 :: 		
0x0043	0x00F0      	MOVWF      R0
;__Lib_Math.c,187 :: 		
0x0044	0x0008      	RETURN
; end of _Mul_16x16_U
_PWM2_Set_Duty:
;__Lib_PWM_c21.c,8 :: 		
;__Lib_PWM_c21.c,12 :: 		
0x0045	0x1683      	BSF        STATUS, 5
0x0046	0x1303      	BCF        STATUS, 6
0x0047	0x0812      	MOVF       PR2, 0
0x0048	0x3E01      	ADDLW      1
0x0049	0x00F0      	MOVWF      R0
0x004A	0x01F1      	CLRF       R0+1
0x004B	0x1803      	BTFSC      STATUS, 0
0x004C	0x0AF1      	INCF       R0+1, 1
0x004D	0x1283      	BCF        STATUS, 5
0x004E	0x0836      	MOVF       FARG_PWM2_Set_Duty_new_duty, 0
0x004F	0x00F4      	MOVWF      R4
0x0050	0x01F5      	CLRF       R4+1
0x0051	0x201A      	CALL       _Mul_16x16_U
0x0052	0x3006      	MOVLW      6
0x0053	0x00F2      	MOVWF      R2
0x0054	0x0870      	MOVF       R0, 0
0x0055	0x00F4      	MOVWF      R4
0x0056	0x0871      	MOVF       R0+1, 0
0x0057	0x00F5      	MOVWF      R4+1
0x0058	0x0872      	MOVF       R2, 0
L__PWM2_Set_Duty0:
0x0059	0x1903      	BTFSC      STATUS, 2
0x005A	0x2860      	GOTO       L__PWM2_Set_Duty1
0x005B	0x0CF5      	RRF        R4+1, 1
0x005C	0x0CF4      	RRF        R4, 1
0x005D	0x13F5      	BCF        R4+1, 7
0x005E	0x3EFF      	ADDLW      255
0x005F	0x2859      	GOTO       L__PWM2_Set_Duty0
L__PWM2_Set_Duty1:
;__Lib_PWM_c21.c,13 :: 		
0x0060	0x3004      	MOVLW      4
0x0061	0x00F1      	MOVWF      R1
0x0062	0x0874      	MOVF       R4, 0
0x0063	0x00F0      	MOVWF      R0
0x0064	0x0871      	MOVF       R1, 0
L__PWM2_Set_Duty2:
0x0065	0x1903      	BTFSC      STATUS, 2
0x0066	0x286B      	GOTO       L__PWM2_Set_Duty3
0x0067	0x0DF0      	RLF        R0, 1
0x0068	0x1070      	BCF        R0, 0
0x0069	0x3EFF      	ADDLW      255
0x006A	0x2865      	GOTO       L__PWM2_Set_Duty2
L__PWM2_Set_Duty3:
0x006B	0x1283      	BCF        STATUS, 5
0x006C	0x1303      	BCF        STATUS, 6
0x006D	0x3030      	MOVLW      48
0x006E	0x0570      	ANDWF      R0, 0
0x006F	0x00F3      	MOVWF      R3
;__Lib_PWM_c21.c,14 :: 		
0x0070	0x0874      	MOVF       R4, 0
0x0071	0x00F0      	MOVWF      R0
0x0072	0x0875      	MOVF       R4+1, 0
0x0073	0x00F1      	MOVWF      R0+1
0x0074	0x0CF1      	RRF        R0+1, 1
0x0075	0x0CF0      	RRF        R0, 1
0x0076	0x13F1      	BCF        R0+1, 7
0x0077	0x0CF1      	RRF        R0+1, 1
0x0078	0x0CF0      	RRF        R0, 1
0x0079	0x13F1      	BCF        R0+1, 7
0x007A	0x0870      	MOVF       R0, 0
0x007B	0x009B      	MOVWF      CCPR2L
;__Lib_PWM_c21.c,15 :: 		
0x007C	0x300F      	MOVLW      15
0x007D	0x059D      	ANDWF      CCP2CON, 1
;__Lib_PWM_c21.c,16 :: 		
0x007E	0x0873      	MOVF       R3, 0
0x007F	0x049D      	IORWF      CCP2CON, 1
;__Lib_PWM_c21.c,17 :: 		
0x0080	0x0008      	RETURN
; end of _PWM2_Set_Duty
_PWM1_Set_Duty:
;__Lib_PWM_c21.c,40 :: 		
;__Lib_PWM_c21.c,44 :: 		
0x0081	0x1683      	BSF        STATUS, 5
0x0082	0x1303      	BCF        STATUS, 6
0x0083	0x0812      	MOVF       PR2, 0
0x0084	0x3E01      	ADDLW      1
0x0085	0x00F0      	MOVWF      R0
0x0086	0x01F1      	CLRF       R0+1
0x0087	0x1803      	BTFSC      STATUS, 0
0x0088	0x0AF1      	INCF       R0+1, 1
0x0089	0x1283      	BCF        STATUS, 5
0x008A	0x0836      	MOVF       FARG_PWM1_Set_Duty_new_duty, 0
0x008B	0x00F4      	MOVWF      R4
0x008C	0x01F5      	CLRF       R4+1
0x008D	0x201A      	CALL       _Mul_16x16_U
0x008E	0x3006      	MOVLW      6
0x008F	0x00F2      	MOVWF      R2
0x0090	0x0870      	MOVF       R0, 0
0x0091	0x00F4      	MOVWF      R4
0x0092	0x0871      	MOVF       R0+1, 0
0x0093	0x00F5      	MOVWF      R4+1
0x0094	0x0872      	MOVF       R2, 0
L__PWM1_Set_Duty4:
0x0095	0x1903      	BTFSC      STATUS, 2
0x0096	0x289C      	GOTO       L__PWM1_Set_Duty5
0x0097	0x0CF5      	RRF        R4+1, 1
0x0098	0x0CF4      	RRF        R4, 1
0x0099	0x13F5      	BCF        R4+1, 7
0x009A	0x3EFF      	ADDLW      255
0x009B	0x2895      	GOTO       L__PWM1_Set_Duty4
L__PWM1_Set_Duty5:
;__Lib_PWM_c21.c,45 :: 		
0x009C	0x3004      	MOVLW      4
0x009D	0x00F1      	MOVWF      R1
0x009E	0x0874      	MOVF       R4, 0
0x009F	0x00F0      	MOVWF      R0
0x00A0	0x0871      	MOVF       R1, 0
L__PWM1_Set_Duty6:
0x00A1	0x1903      	BTFSC      STATUS, 2
0x00A2	0x28A7      	GOTO       L__PWM1_Set_Duty7
0x00A3	0x0DF0      	RLF        R0, 1
0x00A4	0x1070      	BCF        R0, 0
0x00A5	0x3EFF      	ADDLW      255
0x00A6	0x28A1      	GOTO       L__PWM1_Set_Duty6
L__PWM1_Set_Duty7:
0x00A7	0x1283      	BCF        STATUS, 5
0x00A8	0x1303      	BCF        STATUS, 6
0x00A9	0x3030      	MOVLW      48
0x00AA	0x0570      	ANDWF      R0, 0
0x00AB	0x00F3      	MOVWF      R3
;__Lib_PWM_c21.c,46 :: 		
0x00AC	0x0874      	MOVF       R4, 0
0x00AD	0x00F0      	MOVWF      R0
0x00AE	0x0875      	MOVF       R4+1, 0
0x00AF	0x00F1      	MOVWF      R0+1
0x00B0	0x0CF1      	RRF        R0+1, 1
0x00B1	0x0CF0      	RRF        R0, 1
0x00B2	0x13F1      	BCF        R0+1, 7
0x00B3	0x0CF1      	RRF        R0+1, 1
0x00B4	0x0CF0      	RRF        R0, 1
0x00B5	0x13F1      	BCF        R0+1, 7
0x00B6	0x0870      	MOVF       R0, 0
0x00B7	0x0095      	MOVWF      CCPR1L
;__Lib_PWM_c21.c,47 :: 		
0x00B8	0x300F      	MOVLW      15
0x00B9	0x0597      	ANDWF      CCP1CON, 1
;__Lib_PWM_c21.c,48 :: 		
0x00BA	0x0873      	MOVF       R3, 0
0x00BB	0x0497      	IORWF      CCP1CON, 1
;__Lib_PWM_c21.c,49 :: 		
0x00BC	0x0008      	RETURN
; end of _PWM1_Set_Duty
_leftT:
;code_added.c,124 :: 		leftT(){
;code_added.c,125 :: 		PORTC.F3=1;    //left motor backward
0x00BD	0x1283      	BCF        STATUS, 5
0x00BE	0x1303      	BCF        STATUS, 6
0x00BF	0x1587      	BSF        PORTC, 3
;code_added.c,126 :: 		PORTC.F6=1;
0x00C0	0x1707      	BSF        PORTC, 6
;code_added.c,127 :: 		PORTC.F4=1;    //Right motor forward
0x00C1	0x1607      	BSF        PORTC, 4
;code_added.c,128 :: 		PORTC.F5=0;
0x00C2	0x1287      	BCF        PORTC, 5
;code_added.c,129 :: 		PWM1_Set_Duty(180);
0x00C3	0x30B4      	MOVLW      180
0x00C4	0x00B6      	MOVWF      FARG_PWM1_Set_Duty_new_duty
0x00C5	0x2081      	CALL       _PWM1_Set_Duty
;code_added.c,130 :: 		PWM2_Set_Duty(180);
0x00C6	0x30B4      	MOVLW      180
0x00C7	0x00B6      	MOVWF      FARG_PWM2_Set_Duty_new_duty
0x00C8	0x2045      	CALL       _PWM2_Set_Duty
;code_added.c,132 :: 		}
0x00C9	0x0008      	RETURN
; end of _leftT
_rightT:
;code_added.c,142 :: 		rightT(){
;code_added.c,144 :: 		PORTC.F3=1;    //left motor forward
0x00CA	0x1283      	BCF        STATUS, 5
0x00CB	0x1303      	BCF        STATUS, 6
0x00CC	0x1587      	BSF        PORTC, 3
;code_added.c,145 :: 		PORTC.F6=1;
0x00CD	0x1707      	BSF        PORTC, 6
;code_added.c,146 :: 		PORTC.F4=0;    //Right motor stopped
0x00CE	0x1207      	BCF        PORTC, 4
;code_added.c,147 :: 		PORTC.F5=1;
0x00CF	0x1687      	BSF        PORTC, 5
;code_added.c,148 :: 		PWM1_Set_Duty(180);
0x00D0	0x30B4      	MOVLW      180
0x00D1	0x00B6      	MOVWF      FARG_PWM1_Set_Duty_new_duty
0x00D2	0x2081      	CALL       _PWM1_Set_Duty
;code_added.c,149 :: 		PWM2_Set_Duty(180);
0x00D3	0x30B4      	MOVLW      180
0x00D4	0x00B6      	MOVWF      FARG_PWM2_Set_Duty_new_duty
0x00D5	0x2045      	CALL       _PWM2_Set_Duty
;code_added.c,151 :: 		}
0x00D6	0x0008      	RETURN
; end of _rightT
_Delay_1us:
;__Lib_Delays.c,7 :: 		void Delay_1us() {
;__Lib_Delays.c,8 :: 		Delay_us(1);
0x00D7	0x0000      	NOP
0x00D8	0x0000      	NOP
0x00D9	0x0000      	NOP
0x00DA	0x0000      	NOP
0x00DB	0x0000      	NOP
;__Lib_Delays.c,9 :: 		}
0x00DC	0x0008      	RETURN
; end of _Delay_1us
_moveF:
;code_added.c,64 :: 		void moveF(){
;code_added.c,65 :: 		PORTC.F3=1;
0x00DD	0x1283      	BCF        STATUS, 5
0x00DE	0x1303      	BCF        STATUS, 6
0x00DF	0x1587      	BSF        PORTC, 3
;code_added.c,66 :: 		PORTC.F4=0;
0x00E0	0x1207      	BCF        PORTC, 4
;code_added.c,67 :: 		PORTC.F5=0;
0x00E1	0x1287      	BCF        PORTC, 5
;code_added.c,68 :: 		PORTC.F6=1;
0x00E2	0x1707      	BSF        PORTC, 6
;code_added.c,69 :: 		rotationMode=3;
0x00E3	0x3003      	MOVLW      3
0x00E4	0x00A5      	MOVWF      _rotationMode
0x00E5	0x3000      	MOVLW      0
0x00E6	0x00A6      	MOVWF      _rotationMode+1
;code_added.c,70 :: 		}
0x00E7	0x0008      	RETURN
; end of _moveF
_____DoICP:
;__Lib_System.c,6 :: 		
;__Lib_System.c,9 :: 		
0x00E8	0x1283      	BCF        STATUS, 5
0x00E9	0x1303      	BCF        STATUS, 6
0x00EA	0x082F      	MOVF       ___DoICPAddr+1, 0
0x00EB	0x008A      	MOVWF      PCLATH
;__Lib_System.c,10 :: 		
0x00EC	0x082E      	MOVF       ___DoICPAddr, 0
0x00ED	0x0082      	MOVWF      PCL
;__Lib_System.c,12 :: 		
0x00EE	0x0008      	RETURN
; end of _____DoICP
_Delay_50us:
;__Lib_Delays.c,19 :: 		void Delay_50us() {
;__Lib_Delays.c,20 :: 		Delay_us(50);
0x00EF	0x3053      	MOVLW      83
0x00F0	0x1283      	BCF        STATUS, 5
0x00F1	0x1303      	BCF        STATUS, 6
0x00F2	0x00FD      	MOVWF      R13
L_Delay_50us2:
0x00F3	0x0BFD      	DECFSZ     R13, 1
0x00F4	0x28F3      	GOTO       L_Delay_50us2
;__Lib_Delays.c,21 :: 		}
0x00F5	0x0008      	RETURN
; end of _Delay_50us
_initEncoder:
;code_added.c,507 :: 		void initEncoder(){
;code_added.c,508 :: 		TMR1_value=0;
0x00F6	0x1283      	BCF        STATUS, 5
0x00F7	0x1303      	BCF        STATUS, 6
0x00F8	0x01A3      	CLRF       _TMR1_value
0x00F9	0x01A4      	CLRF       _TMR1_value+1
;code_added.c,509 :: 		TMR0_value=0;
0x00FA	0x01A1      	CLRF       _TMR0_value
0x00FB	0x01A2      	CLRF       _TMR0_value+1
;code_added.c,510 :: 		}
0x00FC	0x0008      	RETURN
; end of _initEncoder
_Delay_5500us:
;__Lib_Delays.c,31 :: 		void Delay_5500us() {
;__Lib_Delays.c,32 :: 		Delay_us(5500);
0x00FD	0x3024      	MOVLW      36
0x00FE	0x1283      	BCF        STATUS, 5
0x00FF	0x1303      	BCF        STATUS, 6
0x0100	0x00FC      	MOVWF      R12
0x0101	0x30B5      	MOVLW      181
0x0102	0x00FD      	MOVWF      R13
L_Delay_5500us5:
0x0103	0x0BFD      	DECFSZ     R13, 1
0x0104	0x2903      	GOTO       L_Delay_5500us5
0x0105	0x0BFC      	DECFSZ     R12, 1
0x0106	0x2903      	GOTO       L_Delay_5500us5
0x0107	0x0000      	NOP
0x0108	0x0000      	NOP
;__Lib_Delays.c,33 :: 		}
0x0109	0x0008      	RETURN
; end of _Delay_5500us
_init_timer:
;code_added.c,689 :: 		void init_timer(){
;code_added.c,690 :: 		OPTION_REG = 0b10000101; //Timer0 interrupts are configured
0x010A	0x3085      	MOVLW      133
0x010B	0x1683      	BSF        STATUS, 5
0x010C	0x1303      	BCF        STATUS, 6
0x010D	0x0081      	MOVWF      OPTION_REG
;code_added.c,691 :: 		INTCON = 0b10100000; //Interrupts are enabled.
0x010E	0x30A0      	MOVLW      160
0x010F	0x008B      	MOVWF      INTCON
;code_added.c,692 :: 		}
0x0110	0x0008      	RETURN
; end of _init_timer
_goStraight_1:
;code_added.c,567 :: 		void goStraight_1(){
;code_added.c,568 :: 		int left=0;
0x0111	0x1283      	BCF        STATUS, 5
0x0112	0x1303      	BCF        STATUS, 6
0x0113	0x01B2      	CLRF       goStraight_1_left_L0
0x0114	0x01B3      	CLRF       goStraight_1_left_L0+1
;code_added.c,569 :: 		int right=0;
0x0115	0x01B4      	CLRF       goStraight_1_right_L0
0x0116	0x01B5      	CLRF       goStraight_1_right_L0+1
;code_added.c,570 :: 		if(TMR0_value>150||TMR1_value>150){
0x0117	0x3080      	MOVLW      128
0x0118	0x00F0      	MOVWF      R0
0x0119	0x3080      	MOVLW      128
0x011A	0x0622      	XORWF      _TMR0_value+1, 0
0x011B	0x0270      	SUBWF      R0, 0
0x011C	0x1D03      	BTFSS      STATUS, 2
0x011D	0x2920      	GOTO       L__goStraight_1628
0x011E	0x0821      	MOVF       _TMR0_value, 0
0x011F	0x3C96      	SUBLW      150
L__goStraight_1628:
0x0120	0x1C03      	BTFSS      STATUS, 0
0x0121	0x292E      	GOTO       L__goStraight_1434
0x0122	0x3080      	MOVLW      128
0x0123	0x00F0      	MOVWF      R0
0x0124	0x3080      	MOVLW      128
0x0125	0x0624      	XORWF      _TMR1_value+1, 0
0x0126	0x0270      	SUBWF      R0, 0
0x0127	0x1D03      	BTFSS      STATUS, 2
0x0128	0x292B      	GOTO       L__goStraight_1629
0x0129	0x0823      	MOVF       _TMR1_value, 0
0x012A	0x3C96      	SUBLW      150
L__goStraight_1629:
0x012B	0x1C03      	BTFSS      STATUS, 0
0x012C	0x292E      	GOTO       L__goStraight_1434
0x012D	0x292F      	GOTO       L_goStraight_1227
L__goStraight_1434:
;code_added.c,571 :: 		initEncoder();
0x012E	0x20F6      	CALL       _initEncoder
;code_added.c,572 :: 		}
L_goStraight_1227:
;code_added.c,573 :: 		moveF();
0x012F	0x20DD      	CALL       _moveF
;code_added.c,575 :: 		if(TMR0_value>=TMR1_value){
0x0130	0x3080      	MOVLW      128
0x0131	0x0622      	XORWF      _TMR0_value+1, 0
0x0132	0x00F0      	MOVWF      R0
0x0133	0x3080      	MOVLW      128
0x0134	0x0624      	XORWF      _TMR1_value+1, 0
0x0135	0x0270      	SUBWF      R0, 0
0x0136	0x1D03      	BTFSS      STATUS, 2
0x0137	0x293A      	GOTO       L__goStraight_1630
0x0138	0x0823      	MOVF       _TMR1_value, 0
0x0139	0x0221      	SUBWF      _TMR0_value, 0
L__goStraight_1630:
0x013A	0x1C03      	BTFSS      STATUS, 0
0x013B	0x295D      	GOTO       L_goStraight_1228
;code_added.c,577 :: 		if(TMR0_value-TMR1_value>=5){
0x013C	0x0823      	MOVF       _TMR1_value, 0
0x013D	0x0221      	SUBWF      _TMR0_value, 0
0x013E	0x00F1      	MOVWF      R1
0x013F	0x0824      	MOVF       _TMR1_value+1, 0
0x0140	0x1C03      	BTFSS      STATUS, 0
0x0141	0x3E01      	ADDLW      1
0x0142	0x0222      	SUBWF      _TMR0_value+1, 0
0x0143	0x00F2      	MOVWF      R1+1
0x0144	0x3080      	MOVLW      128
0x0145	0x0672      	XORWF      R1+1, 0
0x0146	0x00F0      	MOVWF      R0
0x0147	0x3080      	MOVLW      128
0x0148	0x0270      	SUBWF      R0, 0
0x0149	0x1D03      	BTFSS      STATUS, 2
0x014A	0x294D      	GOTO       L__goStraight_1631
0x014B	0x3005      	MOVLW      5
0x014C	0x0271      	SUBWF      R1, 0
L__goStraight_1631:
0x014D	0x1C03      	BTFSS      STATUS, 0
0x014E	0x295C      	GOTO       L_goStraight_1229
;code_added.c,580 :: 		do{
L_goStraight_1230:
;code_added.c,581 :: 		rightT();
0x014F	0x20CA      	CALL       _rightT
;code_added.c,582 :: 		}while(TMR0_value>=TMR1_value);
0x0150	0x3080      	MOVLW      128
0x0151	0x0622      	XORWF      _TMR0_value+1, 0
0x0152	0x00F0      	MOVWF      R0
0x0153	0x3080      	MOVLW      128
0x0154	0x0624      	XORWF      _TMR1_value+1, 0
0x0155	0x0270      	SUBWF      R0, 0
0x0156	0x1D03      	BTFSS      STATUS, 2
0x0157	0x295A      	GOTO       L__goStraight_1632
0x0158	0x0823      	MOVF       _TMR1_value, 0
0x0159	0x0221      	SUBWF      _TMR0_value, 0
L__goStraight_1632:
0x015A	0x1803      	BTFSC      STATUS, 0
0x015B	0x294F      	GOTO       L_goStraight_1230
;code_added.c,583 :: 		}
L_goStraight_1229:
;code_added.c,586 :: 		}else{
0x015C	0x297D      	GOTO       L_goStraight_1233
L_goStraight_1228:
;code_added.c,588 :: 		if(TMR1_value-TMR0_value>=5){
0x015D	0x0821      	MOVF       _TMR0_value, 0
0x015E	0x0223      	SUBWF      _TMR1_value, 0
0x015F	0x00F1      	MOVWF      R1
0x0160	0x0822      	MOVF       _TMR0_value+1, 0
0x0161	0x1C03      	BTFSS      STATUS, 0
0x0162	0x3E01      	ADDLW      1
0x0163	0x0224      	SUBWF      _TMR1_value+1, 0
0x0164	0x00F2      	MOVWF      R1+1
0x0165	0x3080      	MOVLW      128
0x0166	0x0672      	XORWF      R1+1, 0
0x0167	0x00F0      	MOVWF      R0
0x0168	0x3080      	MOVLW      128
0x0169	0x0270      	SUBWF      R0, 0
0x016A	0x1D03      	BTFSS      STATUS, 2
0x016B	0x296E      	GOTO       L__goStraight_1633
0x016C	0x3005      	MOVLW      5
0x016D	0x0271      	SUBWF      R1, 0
L__goStraight_1633:
0x016E	0x1C03      	BTFSS      STATUS, 0
0x016F	0x297D      	GOTO       L_goStraight_1234
;code_added.c,591 :: 		do{
L_goStraight_1235:
;code_added.c,592 :: 		leftT();
0x0170	0x20BD      	CALL       _leftT
;code_added.c,593 :: 		}while(TMR0_value<=TMR1_value);
0x0171	0x3080      	MOVLW      128
0x0172	0x0624      	XORWF      _TMR1_value+1, 0
0x0173	0x00F0      	MOVWF      R0
0x0174	0x3080      	MOVLW      128
0x0175	0x0622      	XORWF      _TMR0_value+1, 0
0x0176	0x0270      	SUBWF      R0, 0
0x0177	0x1D03      	BTFSS      STATUS, 2
0x0178	0x297B      	GOTO       L__goStraight_1634
0x0179	0x0821      	MOVF       _TMR0_value, 0
0x017A	0x0223      	SUBWF      _TMR1_value, 0
L__goStraight_1634:
0x017B	0x1803      	BTFSC      STATUS, 0
0x017C	0x2970      	GOTO       L_goStraight_1235
;code_added.c,594 :: 		}
L_goStraight_1234:
;code_added.c,599 :: 		}
L_goStraight_1233:
;code_added.c,604 :: 		}
0x017D	0x0008      	RETURN
; end of _goStraight_1
_PWM2_Init:
;__Lib_PWM_c21.c,1 :: 		
;__Lib_PWM_c21.c,2 :: 		
;__Lib_PWM_c21.c,3 :: 		
0x017E	0x1283      	BCF        STATUS, 5
0x017F	0x1303      	BCF        STATUS, 6
0x0180	0x019B      	CLRF       CCPR2L
;__Lib_PWM_c21.c,4 :: 		
0x0181	0x121D      	BCF        CCP2CON, 4
;__Lib_PWM_c21.c,5 :: 		
0x0182	0x129D      	BCF        CCP2CON, 5
;__Lib_PWM_c21.c,6 :: 		
0x0183	0x0008      	RETURN
; end of _PWM2_Init
_PWM1_Init:
;__Lib_PWM_c21.c,33 :: 		
;__Lib_PWM_c21.c,34 :: 		
;__Lib_PWM_c21.c,35 :: 		
0x0184	0x1283      	BCF        STATUS, 5
0x0185	0x1303      	BCF        STATUS, 6
0x0186	0x0195      	CLRF       CCPR1L
;__Lib_PWM_c21.c,36 :: 		
0x0187	0x1217      	BCF        CCP1CON, 4
;__Lib_PWM_c21.c,37 :: 		
0x0188	0x1297      	BCF        CCP1CON, 5
;__Lib_PWM_c21.c,38 :: 		
0x0189	0x0008      	RETURN
; end of _PWM1_Init
_PWM2_Start:
;__Lib_PWM_c21.c,19 :: 		
;__Lib_PWM_c21.c,20 :: 		
0x018A	0x1683      	BSF        STATUS, 5
0x018B	0x1303      	BCF        STATUS, 6
0x018C	0x1087      	BCF        TRISC1_bit, 1
;__Lib_PWM_c21.c,21 :: 		
0x018D	0x1283      	BCF        STATUS, 5
0x018E	0x1512      	BSF        T2CON, 2
;__Lib_PWM_c21.c,22 :: 		
0x018F	0x300C      	MOVLW      12
0x0190	0x049D      	IORWF      CCP2CON, 1
;__Lib_PWM_c21.c,23 :: 		
0x0191	0x0008      	RETURN
; end of _PWM2_Start
___CC2DW:
;__Lib_System.c,24 :: 		
;__Lib_System.c,27 :: 		
_CC2D_Loop1:
;__Lib_System.c,29 :: 		
0x0192	0x20E8      	CALL       _____DoICP
0x0193	0x118A      	BCF        PCLATH, 3
0x0194	0x120A      	BCF        PCLATH, 4
;__Lib_System.c,31 :: 		
0x0195	0x0080      	MOVWF      INDF
;__Lib_System.c,32 :: 		
0x0196	0x0A84      	INCF       FSR, 1
;__Lib_System.c,33 :: 		
0x0197	0x0AAE      	INCF       ___DoICPAddr, 1
;__Lib_System.c,35 :: 		
0x0198	0x1903      	BTFSC      STATUS, 2
;__Lib_System.c,36 :: 		
0x0199	0x0AAF      	INCF       ___DoICPAddr+1, 1
;__Lib_System.c,37 :: 		
0x019A	0x03F0      	DECF       R0, 1
;__Lib_System.c,39 :: 		
0x019B	0x1D03      	BTFSS      STATUS, 2
;__Lib_System.c,40 :: 		
0x019C	0x2992      	GOTO       _CC2D_Loop1
;__Lib_System.c,42 :: 		
0x019D	0x0008      	RETURN
; end of ___CC2DW
_Lcd_Cmd:
;__Lib_Lcd.c,18 :: 		
;__Lib_Lcd.c,20 :: 		
0x019E	0x1283      	BCF        STATUS, 5
0x019F	0x1303      	BCF        STATUS, 6
0x01A0	0x1BB2      	BTFSC      FARG_Lcd_Cmd_out_char, 7
0x01A1	0x29A4      	GOTO       L__Lcd_Cmd20
0x01A2	0x1188      	BCF        LCD_D7, BitPos(LCD_D7+0)
0x01A3	0x29A5      	GOTO       L__Lcd_Cmd21
L__Lcd_Cmd20:
0x01A4	0x1588      	BSF        LCD_D7, BitPos(LCD_D7+0)
L__Lcd_Cmd21:
;__Lib_Lcd.c,21 :: 		
0x01A5	0x1B32      	BTFSC      FARG_Lcd_Cmd_out_char, 6
0x01A6	0x29A9      	GOTO       L__Lcd_Cmd22
0x01A7	0x1108      	BCF        LCD_D6, BitPos(LCD_D6+0)
0x01A8	0x29AA      	GOTO       L__Lcd_Cmd23
L__Lcd_Cmd22:
0x01A9	0x1508      	BSF        LCD_D6, BitPos(LCD_D6+0)
L__Lcd_Cmd23:
;__Lib_Lcd.c,22 :: 		
0x01AA	0x1AB2      	BTFSC      FARG_Lcd_Cmd_out_char, 5
0x01AB	0x29AE      	GOTO       L__Lcd_Cmd24
0x01AC	0x1088      	BCF        LCD_D5, BitPos(LCD_D5+0)
0x01AD	0x29AF      	GOTO       L__Lcd_Cmd25
L__Lcd_Cmd24:
0x01AE	0x1488      	BSF        LCD_D5, BitPos(LCD_D5+0)
L__Lcd_Cmd25:
;__Lib_Lcd.c,23 :: 		
0x01AF	0x1A32      	BTFSC      FARG_Lcd_Cmd_out_char, 4
0x01B0	0x29B3      	GOTO       L__Lcd_Cmd26
0x01B1	0x1008      	BCF        LCD_D4, BitPos(LCD_D4+0)
0x01B2	0x29B4      	GOTO       L__Lcd_Cmd27
L__Lcd_Cmd26:
0x01B3	0x1408      	BSF        LCD_D4, BitPos(LCD_D4+0)
L__Lcd_Cmd27:
;__Lib_Lcd.c,25 :: 		
0x01B4	0x182D      	BTFSC      __Lib_Lcd_cmd_status, BitPos(__Lib_Lcd_cmd_status+0)
0x01B5	0x29B8      	GOTO       L__Lcd_Cmd28
0x01B6	0x1688      	BSF        LCD_RS, BitPos(LCD_RS+0)
0x01B7	0x29B9      	GOTO       L__Lcd_Cmd29
L__Lcd_Cmd28:
0x01B8	0x1288      	BCF        LCD_RS, BitPos(LCD_RS+0)
L__Lcd_Cmd29:
;__Lib_Lcd.c,28 :: 		
0x01B9	0x1608      	BSF        LCD_EN, BitPos(LCD_EN+0)
;__Lib_Lcd.c,29 :: 		
0x01BA	0x20D7      	CALL       _Delay_1us
;__Lib_Lcd.c,30 :: 		
0x01BB	0x1208      	BCF        LCD_EN, BitPos(LCD_EN+0)
;__Lib_Lcd.c,33 :: 		
0x01BC	0x19B2      	BTFSC      FARG_Lcd_Cmd_out_char, 3
0x01BD	0x29C0      	GOTO       L__Lcd_Cmd30
0x01BE	0x1188      	BCF        LCD_D7, BitPos(LCD_D7+0)
0x01BF	0x29C1      	GOTO       L__Lcd_Cmd31
L__Lcd_Cmd30:
0x01C0	0x1588      	BSF        LCD_D7, BitPos(LCD_D7+0)
L__Lcd_Cmd31:
;__Lib_Lcd.c,34 :: 		
0x01C1	0x1932      	BTFSC      FARG_Lcd_Cmd_out_char, 2
0x01C2	0x29C5      	GOTO       L__Lcd_Cmd32
0x01C3	0x1108      	BCF        LCD_D6, BitPos(LCD_D6+0)
0x01C4	0x29C6      	GOTO       L__Lcd_Cmd33
L__Lcd_Cmd32:
0x01C5	0x1508      	BSF        LCD_D6, BitPos(LCD_D6+0)
L__Lcd_Cmd33:
;__Lib_Lcd.c,35 :: 		
0x01C6	0x18B2      	BTFSC      FARG_Lcd_Cmd_out_char, 1
0x01C7	0x29CA      	GOTO       L__Lcd_Cmd34
0x01C8	0x1088      	BCF        LCD_D5, BitPos(LCD_D5+0)
0x01C9	0x29CB      	GOTO       L__Lcd_Cmd35
L__Lcd_Cmd34:
0x01CA	0x1488      	BSF        LCD_D5, BitPos(LCD_D5+0)
L__Lcd_Cmd35:
;__Lib_Lcd.c,36 :: 		
0x01CB	0x1832      	BTFSC      FARG_Lcd_Cmd_out_char, 0
0x01CC	0x29CF      	GOTO       L__Lcd_Cmd36
0x01CD	0x1008      	BCF        LCD_D4, BitPos(LCD_D4+0)
0x01CE	0x29D0      	GOTO       L__Lcd_Cmd37
L__Lcd_Cmd36:
0x01CF	0x1408      	BSF        LCD_D4, BitPos(LCD_D4+0)
L__Lcd_Cmd37:
;__Lib_Lcd.c,38 :: 		
0x01D0	0x182D      	BTFSC      __Lib_Lcd_cmd_status, BitPos(__Lib_Lcd_cmd_status+0)
0x01D1	0x29D4      	GOTO       L__Lcd_Cmd38
0x01D2	0x1688      	BSF        LCD_RS, BitPos(LCD_RS+0)
0x01D3	0x29D5      	GOTO       L__Lcd_Cmd39
L__Lcd_Cmd38:
0x01D4	0x1288      	BCF        LCD_RS, BitPos(LCD_RS+0)
L__Lcd_Cmd39:
;__Lib_Lcd.c,40 :: 		
0x01D5	0x1608      	BSF        LCD_EN, BitPos(LCD_EN+0)
;__Lib_Lcd.c,41 :: 		
0x01D6	0x20D7      	CALL       _Delay_1us
;__Lib_Lcd.c,42 :: 		
0x01D7	0x1208      	BCF        LCD_EN, BitPos(LCD_EN+0)
;__Lib_Lcd.c,44 :: 		
0x01D8	0x1C2D      	BTFSS      __Lib_Lcd_cmd_status, BitPos(__Lib_Lcd_cmd_status+0)
0x01D9	0x29DC      	GOTO       L_Lcd_Cmd0
;__Lib_Lcd.c,45 :: 		
0x01DA	0x20FD      	CALL       _Delay_5500us
0x01DB	0x29DD      	GOTO       L_Lcd_Cmd1
L_Lcd_Cmd0:
;__Lib_Lcd.c,47 :: 		
0x01DC	0x20EF      	CALL       _Delay_50us
L_Lcd_Cmd1:
;__Lib_Lcd.c,48 :: 		
0x01DD	0x0008      	RETURN
; end of _Lcd_Cmd
_PWM1_Start:
;__Lib_PWM_c21.c,51 :: 		
;__Lib_PWM_c21.c,52 :: 		
0x01DE	0x1683      	BSF        STATUS, 5
0x01DF	0x1303      	BCF        STATUS, 6
0x01E0	0x1107      	BCF        TRISC2_bit, 2
;__Lib_PWM_c21.c,53 :: 		
0x01E1	0x1283      	BCF        STATUS, 5
0x01E2	0x1512      	BSF        T2CON, 2
;__Lib_PWM_c21.c,54 :: 		
0x01E3	0x300C      	MOVLW      12
0x01E4	0x0497      	IORWF      CCP1CON, 1
;__Lib_PWM_c21.c,55 :: 		
0x01E5	0x0008      	RETURN
; end of _PWM1_Start
_Lcd_Init:
;__Lib_Lcd.c,84 :: 		
;__Lib_Lcd.c,86 :: 		
0x01E6	0x1683      	BSF        STATUS, 5
0x01E7	0x1303      	BCF        STATUS, 6
0x01E8	0x1208      	BCF        LCD_EN_Direction, BitPos(LCD_EN_Direction+0)
;__Lib_Lcd.c,87 :: 		
0x01E9	0x1288      	BCF        LCD_RS_Direction, BitPos(LCD_RS_Direction+0)
;__Lib_Lcd.c,88 :: 		
0x01EA	0x1008      	BCF        LCD_D4_Direction, BitPos(LCD_D4_Direction+0)
;__Lib_Lcd.c,89 :: 		
0x01EB	0x1088      	BCF        LCD_D5_Direction, BitPos(LCD_D5_Direction+0)
;__Lib_Lcd.c,90 :: 		
0x01EC	0x1108      	BCF        LCD_D6_Direction, BitPos(LCD_D6_Direction+0)
;__Lib_Lcd.c,91 :: 		
0x01ED	0x1188      	BCF        LCD_D7_Direction, BitPos(LCD_D7_Direction+0)
;__Lib_Lcd.c,93 :: 		
0x01EE	0x1283      	BCF        STATUS, 5
0x01EF	0x1208      	BCF        LCD_EN, BitPos(LCD_EN+0)
;__Lib_Lcd.c,94 :: 		
0x01F0	0x1288      	BCF        LCD_RS, BitPos(LCD_RS+0)
;__Lib_Lcd.c,95 :: 		
0x01F1	0x1188      	BCF        LCD_D7, BitPos(LCD_D7+0)
;__Lib_Lcd.c,96 :: 		
0x01F2	0x1108      	BCF        LCD_D6, BitPos(LCD_D6+0)
;__Lib_Lcd.c,97 :: 		
0x01F3	0x1088      	BCF        LCD_D5, BitPos(LCD_D5+0)
;__Lib_Lcd.c,98 :: 		
0x01F4	0x1008      	BCF        LCD_D4, BitPos(LCD_D4+0)
;__Lib_Lcd.c,100 :: 		
0x01F5	0x20FD      	CALL       _Delay_5500us
;__Lib_Lcd.c,101 :: 		
0x01F6	0x20FD      	CALL       _Delay_5500us
;__Lib_Lcd.c,102 :: 		
0x01F7	0x20FD      	CALL       _Delay_5500us
;__Lib_Lcd.c,105 :: 		
0x01F8	0x1488      	BSF        LCD_D5, BitPos(LCD_D5+0)
;__Lib_Lcd.c,106 :: 		
0x01F9	0x1408      	BSF        LCD_D4, BitPos(LCD_D4+0)
;__Lib_Lcd.c,107 :: 		
0x01FA	0x1608      	BSF        LCD_EN, BitPos(LCD_EN+0)
;__Lib_Lcd.c,108 :: 		
0x01FB	0x20D7      	CALL       _Delay_1us
;__Lib_Lcd.c,109 :: 		
0x01FC	0x1208      	BCF        LCD_EN, BitPos(LCD_EN+0)
;__Lib_Lcd.c,110 :: 		
0x01FD	0x20FD      	CALL       _Delay_5500us
;__Lib_Lcd.c,112 :: 		
0x01FE	0x1608      	BSF        LCD_EN, BitPos(LCD_EN+0)
;__Lib_Lcd.c,113 :: 		
0x01FF	0x20D7      	CALL       _Delay_1us
;__Lib_Lcd.c,114 :: 		
0x0200	0x1208      	BCF        LCD_EN, BitPos(LCD_EN+0)
;__Lib_Lcd.c,115 :: 		
0x0201	0x20FD      	CALL       _Delay_5500us
;__Lib_Lcd.c,117 :: 		
0x0202	0x1608      	BSF        LCD_EN, BitPos(LCD_EN+0)
;__Lib_Lcd.c,118 :: 		
0x0203	0x20D7      	CALL       _Delay_1us
;__Lib_Lcd.c,119 :: 		
0x0204	0x1208      	BCF        LCD_EN, BitPos(LCD_EN+0)
;__Lib_Lcd.c,120 :: 		
0x0205	0x20FD      	CALL       _Delay_5500us
;__Lib_Lcd.c,123 :: 		
0x0206	0x1008      	BCF        LCD_D4, BitPos(LCD_D4+0)
;__Lib_Lcd.c,124 :: 		
0x0207	0x1608      	BSF        LCD_EN, BitPos(LCD_EN+0)
;__Lib_Lcd.c,125 :: 		
0x0208	0x20D7      	CALL       _Delay_1us
;__Lib_Lcd.c,126 :: 		
0x0209	0x1208      	BCF        LCD_EN, BitPos(LCD_EN+0)
;__Lib_Lcd.c,127 :: 		
0x020A	0x20FD      	CALL       _Delay_5500us
;__Lib_Lcd.c,130 :: 		
0x020B	0x1608      	BSF        LCD_EN, BitPos(LCD_EN+0)
;__Lib_Lcd.c,131 :: 		
0x020C	0x20D7      	CALL       _Delay_1us
;__Lib_Lcd.c,132 :: 		
0x020D	0x1208      	BCF        LCD_EN, BitPos(LCD_EN+0)
;__Lib_Lcd.c,134 :: 		
0x020E	0x1088      	BCF        LCD_D5, BitPos(LCD_D5+0)
;__Lib_Lcd.c,135 :: 		
0x020F	0x1588      	BSF        LCD_D7, BitPos(LCD_D7+0)
;__Lib_Lcd.c,136 :: 		
0x0210	0x1608      	BSF        LCD_EN, BitPos(LCD_EN+0)
;__Lib_Lcd.c,137 :: 		
0x0211	0x20D7      	CALL       _Delay_1us
;__Lib_Lcd.c,138 :: 		
0x0212	0x1208      	BCF        LCD_EN, BitPos(LCD_EN+0)
;__Lib_Lcd.c,139 :: 		
0x0213	0x20FD      	CALL       _Delay_5500us
;__Lib_Lcd.c,142 :: 		
0x0214	0x1188      	BCF        LCD_D7, BitPos(LCD_D7+0)
;__Lib_Lcd.c,143 :: 		
0x0215	0x1408      	BSF        LCD_D4, BitPos(LCD_D4+0)
;__Lib_Lcd.c,144 :: 		
0x0216	0x1608      	BSF        LCD_EN, BitPos(LCD_EN+0)
;__Lib_Lcd.c,145 :: 		
0x0217	0x20D7      	CALL       _Delay_1us
;__Lib_Lcd.c,146 :: 		
0x0218	0x1208      	BCF        LCD_EN, BitPos(LCD_EN+0)
;__Lib_Lcd.c,148 :: 		
0x0219	0x1008      	BCF        LCD_D4, BitPos(LCD_D4+0)
;__Lib_Lcd.c,149 :: 		
0x021A	0x1608      	BSF        LCD_EN, BitPos(LCD_EN+0)
;__Lib_Lcd.c,150 :: 		
0x021B	0x20D7      	CALL       _Delay_1us
;__Lib_Lcd.c,151 :: 		
0x021C	0x1208      	BCF        LCD_EN, BitPos(LCD_EN+0)
;__Lib_Lcd.c,152 :: 		
0x021D	0x20FD      	CALL       _Delay_5500us
;__Lib_Lcd.c,155 :: 		
0x021E	0x1608      	BSF        LCD_EN, BitPos(LCD_EN+0)
;__Lib_Lcd.c,156 :: 		
0x021F	0x20D7      	CALL       _Delay_1us
;__Lib_Lcd.c,157 :: 		
0x0220	0x1208      	BCF        LCD_EN, BitPos(LCD_EN+0)
;__Lib_Lcd.c,159 :: 		
0x0221	0x1408      	BSF        LCD_D4, BitPos(LCD_D4+0)
;__Lib_Lcd.c,160 :: 		
0x0222	0x1608      	BSF        LCD_EN, BitPos(LCD_EN+0)
;__Lib_Lcd.c,161 :: 		
0x0223	0x20D7      	CALL       _Delay_1us
;__Lib_Lcd.c,162 :: 		
0x0224	0x1208      	BCF        LCD_EN, BitPos(LCD_EN+0)
;__Lib_Lcd.c,163 :: 		
0x0225	0x20FD      	CALL       _Delay_5500us
;__Lib_Lcd.c,166 :: 		
0x0226	0x1008      	BCF        LCD_D4, BitPos(LCD_D4+0)
;__Lib_Lcd.c,167 :: 		
0x0227	0x1608      	BSF        LCD_EN, BitPos(LCD_EN+0)
;__Lib_Lcd.c,168 :: 		
0x0228	0x20D7      	CALL       _Delay_1us
;__Lib_Lcd.c,169 :: 		
0x0229	0x1208      	BCF        LCD_EN, BitPos(LCD_EN+0)
;__Lib_Lcd.c,171 :: 		
0x022A	0x1588      	BSF        LCD_D7, BitPos(LCD_D7+0)
;__Lib_Lcd.c,172 :: 		
0x022B	0x1508      	BSF        LCD_D6, BitPos(LCD_D6+0)
;__Lib_Lcd.c,173 :: 		
0x022C	0x1488      	BSF        LCD_D5, BitPos(LCD_D5+0)
;__Lib_Lcd.c,174 :: 		
0x022D	0x1408      	BSF        LCD_D4, BitPos(LCD_D4+0)
;__Lib_Lcd.c,175 :: 		
0x022E	0x1608      	BSF        LCD_EN, BitPos(LCD_EN+0)
;__Lib_Lcd.c,176 :: 		
0x022F	0x20D7      	CALL       _Delay_1us
;__Lib_Lcd.c,177 :: 		
0x0230	0x1208      	BCF        LCD_EN, BitPos(LCD_EN+0)
;__Lib_Lcd.c,179 :: 		
0x0231	0x20FD      	CALL       _Delay_5500us
;__Lib_Lcd.c,181 :: 		
0x0232	0x142D      	BSF        __Lib_Lcd_cmd_status, BitPos(__Lib_Lcd_cmd_status+0)
;__Lib_Lcd.c,182 :: 		
0x0233	0x0008      	RETURN
; end of _Lcd_Init
_encoder:
;code_added.c,483 :: 		void encoder(){
;code_added.c,484 :: 		if(PORTC.F0==1){
0x0234	0x1283      	BCF        STATUS, 5
0x0235	0x1303      	BCF        STATUS, 6
0x0236	0x1C07      	BTFSS      PORTC, 0
0x0237	0x2A3A      	GOTO       L_encoder201
;code_added.c,485 :: 		tm1st= 0;
0x0238	0x01A7      	CLRF       _tm1st
0x0239	0x01A8      	CLRF       _tm1st+1
;code_added.c,487 :: 		}
L_encoder201:
;code_added.c,488 :: 		if(PORTC.F0==0&&tm1st==0){
0x023A	0x1807      	BTFSC      PORTC, 0
0x023B	0x2A63      	GOTO       L_encoder204
0x023C	0x3000      	MOVLW      0
0x023D	0x0628      	XORWF      _tm1st+1, 0
0x023E	0x1D03      	BTFSS      STATUS, 2
0x023F	0x2A42      	GOTO       L__encoder602
0x0240	0x3000      	MOVLW      0
0x0241	0x0627      	XORWF      _tm1st, 0
L__encoder602:
0x0242	0x1D03      	BTFSS      STATUS, 2
0x0243	0x2A63      	GOTO       L_encoder204
L__encoder431:
;code_added.c,489 :: 		tm1st= 1;
0x0244	0x3001      	MOVLW      1
0x0245	0x00A7      	MOVWF      _tm1st
0x0246	0x3000      	MOVLW      0
0x0247	0x00A8      	MOVWF      _tm1st+1
;code_added.c,490 :: 		TMR1_value= TMR1_value+1;
0x0248	0x0AA3      	INCF       _TMR1_value, 1
0x0249	0x1903      	BTFSC      STATUS, 2
0x024A	0x0AA4      	INCF       _TMR1_value+1, 1
;code_added.c,491 :: 		if(rotationMode==1){
0x024B	0x3000      	MOVLW      0
0x024C	0x0626      	XORWF      _rotationMode+1, 0
0x024D	0x1D03      	BTFSS      STATUS, 2
0x024E	0x2A51      	GOTO       L__encoder603
0x024F	0x3001      	MOVLW      1
0x0250	0x0625      	XORWF      _rotationMode, 0
L__encoder603:
0x0251	0x1D03      	BTFSS      STATUS, 2
0x0252	0x2A57      	GOTO       L_encoder205
;code_added.c,492 :: 		clockEncoder=clockEncoder+1;
0x0253	0x0AAB      	INCF       _clockEncoder, 1
0x0254	0x1903      	BTFSC      STATUS, 2
0x0255	0x0AAC      	INCF       _clockEncoder+1, 1
;code_added.c,493 :: 		}else if(rotationMode==2){
0x0256	0x2A63      	GOTO       L_encoder206
L_encoder205:
0x0257	0x3000      	MOVLW      0
0x0258	0x0626      	XORWF      _rotationMode+1, 0
0x0259	0x1D03      	BTFSS      STATUS, 2
0x025A	0x2A5D      	GOTO       L__encoder604
0x025B	0x3002      	MOVLW      2
0x025C	0x0625      	XORWF      _rotationMode, 0
L__encoder604:
0x025D	0x1D03      	BTFSS      STATUS, 2
0x025E	0x2A63      	GOTO       L_encoder207
;code_added.c,494 :: 		clockEncoder=clockEncoder-1;
0x025F	0x3001      	MOVLW      1
0x0260	0x02AB      	SUBWF      _clockEncoder, 1
0x0261	0x1C03      	BTFSS      STATUS, 0
0x0262	0x03AC      	DECF       _clockEncoder+1, 1
;code_added.c,495 :: 		}
L_encoder207:
L_encoder206:
;code_added.c,496 :: 		}
L_encoder204:
;code_added.c,498 :: 		if(PORTA.F4==1){
0x0263	0x1E05      	BTFSS      PORTA, 4
0x0264	0x2A67      	GOTO       L_encoder208
;code_added.c,499 :: 		tm0st= 0;
0x0265	0x01A9      	CLRF       _tm0st
0x0266	0x01AA      	CLRF       _tm0st+1
;code_added.c,500 :: 		}
L_encoder208:
;code_added.c,501 :: 		if(PORTA.F4==0&&tm0st==0){
0x0267	0x1A05      	BTFSC      PORTA, 4
0x0268	0x2A78      	GOTO       L_encoder211
0x0269	0x3000      	MOVLW      0
0x026A	0x062A      	XORWF      _tm0st+1, 0
0x026B	0x1D03      	BTFSS      STATUS, 2
0x026C	0x2A6F      	GOTO       L__encoder605
0x026D	0x3000      	MOVLW      0
0x026E	0x0629      	XORWF      _tm0st, 0
L__encoder605:
0x026F	0x1D03      	BTFSS      STATUS, 2
0x0270	0x2A78      	GOTO       L_encoder211
L__encoder430:
;code_added.c,502 :: 		tm0st= 1;
0x0271	0x3001      	MOVLW      1
0x0272	0x00A9      	MOVWF      _tm0st
0x0273	0x3000      	MOVLW      0
0x0274	0x00AA      	MOVWF      _tm0st+1
;code_added.c,503 :: 		TMR0_value= TMR0_value+1;
0x0275	0x0AA1      	INCF       _TMR0_value, 1
0x0276	0x1903      	BTFSC      STATUS, 2
0x0277	0x0AA2      	INCF       _TMR0_value+1, 1
;code_added.c,504 :: 		}
L_encoder211:
;code_added.c,505 :: 		}
0x0278	0x0008      	RETURN
; end of _encoder
_main:
0x0279	0x1283      	BCF        STATUS, 5
0x027A	0x1303      	BCF        STATUS, 6
0x027B	0x01A1      	CLRF       _TMR0_value
0x027C	0x01A2      	CLRF       34
0x027D	0x01A3      	CLRF       _TMR1_value
0x027E	0x01A4      	CLRF       36
0x027F	0x01A5      	CLRF       _rotationMode
0x0280	0x01A6      	CLRF       38
0x0281	0x01A7      	CLRF       _tm1st
0x0282	0x01A8      	CLRF       40
0x0283	0x01A9      	CLRF       _tm0st
0x0284	0x01AA      	CLRF       42
0x0285	0x01AB      	CLRF       _clockEncoder
0x0286	0x01AC      	CLRF       44
;code_added.c,1058 :: 		void main() {
;code_added.c,1060 :: 		TRISD=0b11000000;
0x0287	0x30C0      	MOVLW      192
0x0288	0x1683      	BSF        STATUS, 5
0x0289	0x0088      	MOVWF      TRISD
;code_added.c,1061 :: 		TRISC=0b10000001;
0x028A	0x3081      	MOVLW      129
0x028B	0x0087      	MOVWF      TRISC
;code_added.c,1062 :: 		ADCON1=0x06; // Configure all input and output in to digital
0x028C	0x3006      	MOVLW      6
0x028D	0x009F      	MOVWF      ADCON1
;code_added.c,1063 :: 		TRISA.F4=1;
0x028E	0x1605      	BSF        TRISA, 4
;code_added.c,1064 :: 		Lcd_init(); // Initialize LCD
0x028F	0x21E6      	CALL       _Lcd_Init
;code_added.c,1065 :: 		Lcd_Cmd(_LCD_CLEAR);               // Clear display
0x0290	0x3001      	MOVLW      1
0x0291	0x00B2      	MOVWF      FARG_Lcd_Cmd_out_char
0x0292	0x219E      	CALL       _Lcd_Cmd
;code_added.c,1066 :: 		Lcd_Cmd(_LCD_CURSOR_OFF);
0x0293	0x300C      	MOVLW      12
0x0294	0x00B2      	MOVWF      FARG_Lcd_Cmd_out_char
0x0295	0x219E      	CALL       _Lcd_Cmd
;code_added.c,1067 :: 		init_timer();
0x0296	0x210A      	CALL       _init_timer
;code_added.c,1068 :: 		TRISB.F6=0;
0x0297	0x1306      	BCF        TRISB, 6
;code_added.c,1069 :: 		TRISB.F7=0;
0x0298	0x1386      	BCF        TRISB, 7
;code_added.c,1071 :: 		PWM1_Init(5000);
0x0299	0x1283      	BCF        STATUS, 5
0x029A	0x1412      	BSF        T2CON, 0
0x029B	0x1092      	BCF        T2CON, 1
0x029C	0x30F9      	MOVLW      249
0x029D	0x1683      	BSF        STATUS, 5
0x029E	0x0092      	MOVWF      PR2
0x029F	0x2184      	CALL       _PWM1_Init
;code_added.c,1072 :: 		PWM2_Init(5000);
0x02A0	0x1412      	BSF        T2CON, 0
0x02A1	0x1092      	BCF        T2CON, 1
0x02A2	0x30F9      	MOVLW      249
0x02A3	0x1683      	BSF        STATUS, 5
0x02A4	0x0092      	MOVWF      PR2
0x02A5	0x217E      	CALL       _PWM2_Init
;code_added.c,1073 :: 		PWM1_Set_Duty(190);
0x02A6	0x30BE      	MOVLW      190
0x02A7	0x00B6      	MOVWF      FARG_PWM1_Set_Duty_new_duty
0x02A8	0x2081      	CALL       _PWM1_Set_Duty
;code_added.c,1074 :: 		PWM2_Set_Duty(190);
0x02A9	0x30BE      	MOVLW      190
0x02AA	0x00B6      	MOVWF      FARG_PWM2_Set_Duty_new_duty
0x02AB	0x2045      	CALL       _PWM2_Set_Duty
;code_added.c,1075 :: 		PWM1_Start();
0x02AC	0x21DE      	CALL       _PWM1_Start
;code_added.c,1076 :: 		PWM2_Start();
0x02AD	0x218A      	CALL       _PWM2_Start
;code_added.c,1077 :: 		TRISA.F4=1;
0x02AE	0x1683      	BSF        STATUS, 5
0x02AF	0x1605      	BSF        TRISA, 4
;code_added.c,1078 :: 		TRISC.F0=1;
0x02B0	0x1407      	BSF        TRISC, 0
;code_added.c,1080 :: 		PORTD.F7=1;
0x02B1	0x1283      	BCF        STATUS, 5
0x02B2	0x1788      	BSF        PORTD, 7
;code_added.c,1081 :: 		TRISD.F7 = 1;
0x02B3	0x1683      	BSF        STATUS, 5
0x02B4	0x1788      	BSF        TRISD, 7
;code_added.c,1082 :: 		initEncoder();
0x02B5	0x20F6      	CALL       _initEncoder
;code_added.c,1084 :: 		init_timer();
0x02B6	0x210A      	CALL       _init_timer
;code_added.c,1086 :: 		while(1){
L_main384:
;code_added.c,1110 :: 		goStraight_1();
0x02B7	0x2111      	CALL       _goStraight_1
;code_added.c,1159 :: 		Delay_us(100);
0x02B8	0x30A6      	MOVLW      166
0x02B9	0x00FD      	MOVWF      R13
L_main386:
0x02BA	0x0BFD      	DECFSZ     R13, 1
0x02BB	0x2ABA      	GOTO       L_main386
0x02BC	0x0000      	NOP
;code_added.c,1164 :: 		}
0x02BD	0x2AB7      	GOTO       L_main384
;code_added.c,1167 :: 		}
0x02BE	0x2ABE      	GOTO       $+0
; end of _main
Symbol List:
//** Routines locations **
//ADDRESS    SIZE    PROCEDURE
//----------------------------------------------
0x0004      [22]    _interrupt
0x001A      [43]    _Mul_16x16_U
0x0045      [60]    _PWM2_Set_Duty
0x0081      [60]    _PWM1_Set_Duty
0x00BD      [13]    _leftT
0x00CA      [13]    _rightT
0x00D7       [6]    _Delay_1us
0x00DD      [11]    _moveF
0x00E8       [7]    _____DoICP
0x00EF       [7]    _Delay_50us
0x00F6       [7]    _initEncoder
0x00FD      [13]    _Delay_5500us
0x010A       [7]    _init_timer
0x0111     [109]    _goStraight_1
0x017E       [6]    _PWM2_Init
0x0184       [6]    _PWM1_Init
0x018A       [8]    _PWM2_Start
0x0192      [12]    ___CC2DW
0x019E      [64]    _Lcd_Cmd
0x01DE       [8]    _PWM1_Start
0x01E6      [78]    _Lcd_Init
0x0234      [69]    _encoder
0x0279      [70]    _main
//** Variables locations ** 
//ADDRESS    SIZE    VARIABLE
//----------------------------------------------
0x0000       [1]    INDF
0x0001       [1]    TMR0
0x0002       [1]    PCL
0x0003       [1]    STATUS
0x0003       [0]    RP0_bit
0x0003       [0]    NOT_TO_bit
0x0003       [0]    IRP_bit
0x0003       [0]    RP1_bit
0x0003       [0]    DC_bit
0x0003       [0]    C_bit
0x0003       [0]    NOT_PD_bit
0x0003       [0]    Z_bit
0x0004       [1]    FSRPTR
0x0004       [1]    FSR
0x0005       [0]    RA1_bit
0x0005       [0]    RA7_bit
0x0005       [1]    PORTA
0x0005       [0]    RA0_bit
0x0005       [0]    RA2_bit
0x0005       [0]    RA5_bit
0x0005       [0]    RA4_bit
0x0005       [0]    RA3_bit
0x0005       [0]    RA6_bit
0x0006       [0]    RB1_bit
0x0006       [0]    RB3_bit
0x0006       [0]    RB5_bit
0x0006       [0]    RB0_bit
0x0006       [0]    RB4_bit
0x0006       [0]    RB7_bit
0x0006       [1]    PORTB
0x0006       [0]    RB6_bit
0x0006       [0]    RB2_bit
0x0007       [0]    RC1_bit
0x0007       [0]    RC5_bit
0x0007       [0]    RC6_bit
0x0007       [1]    PORTC
0x0007       [0]    RC4_bit
0x0007       [0]    RC0_bit
0x0007       [0]    RC3_bit
0x0007       [0]    RC2_bit
0x0007       [0]    RC7_bit
0x0008       [0]    RD7_bit
0x0008       [0]    LCD_D4
0x0008       [0]    RD5_bit
0x0008       [0]    RD3_bit
0x0008       [0]    RD4_bit
0x0008       [0]    RD6_bit
0x0008       [0]    LCD_EN
0x0008       [1]    PORTD
0x0008       [0]    LCD_D6
0x0008       [0]    LCD_RS
0x0008       [0]    LCD_D7
0x0008       [0]    RD0_bit
0x0008       [0]    LCD_D5
0x0008       [0]    RD2_bit
0x0008       [0]    RD1_bit
0x0009       [0]    RE1_bit
0x0009       [0]    RE3_bit
0x0009       [0]    RE0_bit
0x0009       [0]    RE2_bit
0x0009       [1]    PORTE
0x000A       [1]    PCLATH
0x000B       [0]    RBIF_bit
0x000B       [0]    T0IE_bit
0x000B       [0]    INTF_bit
0x000B       [0]    INTE_bit
0x000B       [0]    GIE_bit
0x000B       [1]    INTCON
0x000B       [0]    PEIE_bit
0x000B       [0]    T0IF_bit
0x000B       [0]    TMR0IE_bit
0x000B       [0]    TMR0IF_bit
0x000B       [0]    RBIE_bit
0x000C       [0]    SSPIF_bit
0x000C       [0]    CCP1IF_bit
0x000C       [0]    TMR2IF_bit
0x000C       [0]    TXIF_bit
0x000C       [1]    PIR1
0x000C       [0]    ADIF_bit
0x000C       [0]    RCIF_bit
0x000C       [0]    TMR1IF_bit
0x000D       [0]    ULPWUIF_bit
0x000D       [0]    BCLIF_bit
0x000D       [1]    PIR2
0x000D       [0]    CCP2IF_bit
0x000D       [0]    EEIF_bit
0x000D       [0]    OSFIF_bit
0x000D       [0]    C2IF_bit
0x000D       [0]    C1IF_bit
0x000E       [1]    TMR1L
0x000F       [1]    TMR1H
0x0010       [0]    TMR1ON_bit
0x0010       [0]    TMR1CS_bit
0x0010       [0]    T1CKPS1_bit
0x0010       [0]    T1CKPS0_bit
0x0010       [0]    T1OSCEN_bit
0x0010       [1]    T1CON
0x0010       [0]    T1GINV_bit
0x0010       [0]    TMR1GE_bit
0x0010       [0]    T1SYNC_bit
0x0010       [0]    T1INSYNC_bit
0x0010       [0]    NOT_T1SYNC_bit
0x0011       [1]    TMR2
0x0012       [0]    TMR2ON_bit
0x0012       [0]    TOUTPS1_bit
0x0012       [0]    TOUTPS0_bit
0x0012       [1]    T2CON
0x0012       [0]    T2CKPS0_bit
0x0012       [0]    TOUTPS2_bit
0x0012       [0]    T2CKPS1_bit
0x0012       [0]    TOUTPS3_bit
0x0013       [1]    SSPBUF
0x0014       [0]    WCOL_bit
0x0014       [0]    SSPOV_bit
0x0014       [0]    SSPM2_bit
0x0014       [0]    SSPM1_bit
0x0014       [0]    SSPM0_bit
0x0014       [0]    SSPM3_bit
0x0014       [0]    SSPEN_bit
0x0014       [0]    CKP_bit
0x0014       [1]    SSPCON
0x0015       [1]    CCPR1L
0x0015       [2]    CCPR1
0x0016       [1]    CCPR1H
0x0017       [0]    CCP1X_bit
0x0017       [0]    CCP1M2_bit
0x0017       [0]    CCP1M0_bit
0x0017       [0]    DC1B1_bit
0x0017       [0]    P1M1_bit
0x0017       [1]    CCP1CON
0x0017       [0]    CCP1M1_bit
0x0017       [0]    P1M0_bit
0x0017       [0]    CCP1Y_bit
0x0017       [0]    CCP1M3_bit
0x0017       [0]    DC1B0_bit
0x0018       [0]    FERR_bit
0x0018       [0]    OERR_bit
0x0018       [1]    RCSTA
0x0018       [0]    CREN_bit
0x0018       [0]    RCD8_bit
0x0018       [0]    ADDEN_bit
0x0018       [0]    RX9_bit
0x0018       [0]    RC9_bit
0x0018       [0]    SPEN_bit
0x0018       [0]    RX9D_bit
0x0018       [0]    SREN_bit
0x0018       [0]    NOT_RC8_bit
0x0018       [0]    RC8_9_bit
0x0019       [1]    TXREG
0x001A       [1]    RCREG
0x001B       [1]    CCPR2L
0x001B       [2]    CCPR2
0x001C       [1]    CCPR2H
0x001D       [0]    CCP2M2_bit
0x001D       [0]    CCP2M3_bit
0x001D       [0]    CCP2M0_bit
0x001D       [0]    CCP2M1_bit
0x001D       [0]    DC2B1_bit
0x001D       [0]    CCP2X_bit
0x001D       [0]    DC2B0_bit
0x001D       [0]    CCP2Y_bit
0x001D       [1]    CCP2CON
0x001E       [1]    ADRESH
0x001F       [0]    ADON_bit
0x001F       [0]    CHS0_bit
0x001F       [0]    CHS2_bit
0x001F       [0]    CHS1_bit
0x001F       [0]    ADCS0_bit
0x001F       [0]    CHS3_bit
0x001F       [0]    NOT_DONE_bit
0x001F       [0]    GO_bit
0x001F       [1]    ADCON0
0x001F       [0]    ADCS1_bit
0x001F       [0]    GO_DONE_bit
0x0021       [2]    _TMR0_value
0x0023       [2]    _TMR1_value
0x0025       [2]    _rotationMode
0x0027       [2]    _tm1st
0x0029       [2]    _tm0st
0x002B       [2]    _clockEncoder
0x002D       [0]    __Lib_Lcd_cmd_status
0x002E       [2]    ___DoICPAddr
0x0030       [1]    ___saveSTATUS
0x0031       [1]    ___savePCLATH
0x0032       [2]    goStraight_1_left_L0
0x0032       [4]    FARG_PWM1_Init_PWM_Freq
0x0032       [4]    FARG_PWM2_Init_PWM_Freq
0x0032       [1]    FARG_Lcd_Cmd_out_char
0x0034       [2]    goStraight_1_right_L0
0x0036       [1]    FARG_PWM1_Set_Duty_new_duty
0x0036       [1]    FARG_PWM2_Set_Duty_new_duty
0x0070       [1]    R0
0x0071       [1]    R1
0x0072       [1]    R2
0x0073       [1]    R3
0x0074       [1]    R4
0x0075       [1]    R5
0x0076       [1]    R6
0x0077       [1]    R7
0x0078       [1]    R8
0x0079       [1]    R9
0x007A       [1]    R10
0x007B       [1]    R11
0x007C       [1]    R12
0x007D       [1]    R13
0x007E       [1]    R14
0x007F       [1]    R15
0x0081       [0]    PS0_bit
0x0081       [0]    NOT_RBPU_bit
0x0081       [0]    PS2_bit
0x0081       [1]    OPTION_REG
0x0081       [0]    T0CS_bit
0x0081       [0]    T0SE_bit
0x0081       [0]    PSA_bit
0x0081       [0]    PS1_bit
0x0081       [0]    INTEDG_bit
0x0085       [1]    TRISA
0x0085       [0]    TRISA0_bit
0x0085       [0]    TRISA4_bit
0x0085       [0]    TRISA5_bit
0x0085       [0]    TRISA6_bit
0x0085       [0]    TRISA3_bit
0x0085       [0]    TRISA7_bit
0x0085       [0]    TRISA2_bit
0x0085       [0]    TRISA1_bit
0x0086       [0]    TRISB0_bit
0x0086       [0]    TRISB1_bit
0x0086       [1]    TRISB
0x0086       [0]    TRISB6_bit
0x0086       [0]    TRISB7_bit
0x0086       [0]    TRISB5_bit
0x0086       [0]    TRISB4_bit
0x0086       [0]    TRISB2_bit
0x0086       [0]    TRISB3_bit
0x0087       [0]    TRISC5_bit
0x0087       [0]    TRISC7_bit
0x0087       [0]    TRISC6_bit
0x0087       [1]    TRISC
0x0087       [0]    TRISC0_bit
0x0087       [0]    TRISC4_bit
0x0087       [0]    TRISC1_bit
0x0087       [0]    TRISC2_bit
0x0087       [0]    TRISC3_bit
0x0088       [0]    TRISD7_bit
0x0088       [0]    LCD_RS_Direction
0x0088       [0]    LCD_D7_Direction
0x0088       [0]    TRISD6_bit
0x0088       [0]    LCD_D5_Direction
0x0088       [0]    LCD_D4_Direction
0x0088       [0]    TRISD5_bit
0x0088       [0]    LCD_D6_Direction
0x0088       [0]    LCD_EN_Direction
0x0088       [0]    TRISD2_bit
0x0088       [1]    TRISD
0x0088       [0]    TRISD3_bit
0x0088       [0]    TRISD0_bit
0x0088       [0]    TRISD1_bit
0x0088       [0]    TRISD4_bit
0x0089       [0]    TRISE3_bit
0x0089       [1]    TRISE
0x0089       [0]    TRISE0_bit
0x0089       [0]    TRISE1_bit
0x0089       [0]    TRISE2_bit
0x008C       [1]    PIE1
0x008C       [0]    SSPIE_bit
0x008C       [0]    TXIE_bit
0x008C       [0]    CCP1IE_bit
0x008C       [0]    TMR1IE_bit
0x008C       [0]    TMR2IE_bit
0x008C       [0]    RCIE_bit
0x008C       [0]    ADIE_bit
0x008D       [0]    CCP2IE_bit
0x008D       [0]    C1IE_bit
0x008D       [0]    ULPWUIE_bit
0x008D       [0]    EEIE_bit
0x008D       [0]    BCLIE_bit
0x008D       [0]    C2IE_bit
0x008D       [1]    PIE2
0x008D       [0]    OSFIE_bit
0x008E       [0]    SBOREN_bit
0x008E       [0]    NOT_POR_bit
0x008E       [0]    NOT_BOR_bit
0x008E       [0]    NOT_BO_bit
0x008E       [0]    ULPWUE_bit
0x008E       [1]    PCON
0x008F       [0]    OSTS_bit
0x008F       [0]    IRCF0_bit
0x008F       [0]    LTS_bit
0x008F       [0]    HTS_bit
0x008F       [0]    SCS_bit
0x008F       [0]    IRCF1_bit
0x008F       [0]    IRCF2_bit
0x008F       [1]    OSCCON
0x0090       [0]    TUN3_bit
0x0090       [0]    TUN2_bit
0x0090       [0]    TUN0_bit
0x0090       [0]    TUN1_bit
0x0090       [0]    TUN4_bit
0x0090       [1]    OSCTUNE
0x0091       [0]    RCEN_bit
0x0091       [0]    ACKEN_bit
0x0091       [0]    ACKDT_bit
0x0091       [0]    PEN_bit
0x0091       [0]    RSEN_bit
0x0091       [0]    SEN_bit
0x0091       [0]    GCEN_bit
0x0091       [1]    SSPCON2
0x0091       [0]    ACKSTAT_bit
0x0092       [1]    PR2
0x0093       [1]    MSK
0x0093       [1]    SSPMSK
0x0093       [1]    SSPADD
0x0094       [0]    I2C_READ_bit
0x0094       [0]    NOT_W_bit
0x0094       [0]    I2C_START__bit
0x0094       [0]    R_bit
0x0094       [0]    NOT_WRITE_bit
0x0094       [0]    BF_bit
0x0094       [1]    SSPSTAT
0x0094       [0]    UA_bit
0x0094       [0]    R_W_bit
0x0094       [0]    READ_WRITE_bit
0x0094       [0]    S_bit
0x0094       [0]    I2C_DATA_bit
0x0094       [0]    NOT_A_bit
0x0094       [0]    D_bit
0x0094       [0]    SMP_bit
0x0094       [0]    CKE_bit
0x0094       [0]    P_bit
0x0094       [0]    I2C_STOP__bit
0x0094       [0]    DATA_ADDRESS_bit
0x0094       [0]    NOT_ADDRESS_bit
0x0094       [0]    D_A_bit
0x0095       [0]    WPUB1_bit
0x0095       [0]    WPUB2_bit
0x0095       [1]    WPUB
0x0095       [0]    WPUB0_bit
0x0095       [0]    WPUB7_bit
0x0095       [0]    WPUB6_bit
0x0095       [0]    WPUB5_bit
0x0095       [0]    WPUB3_bit
0x0095       [0]    WPUB4_bit
0x0096       [0]    IOCB2_bit
0x0096       [0]    IOCB1_bit
0x0096       [1]    IOCB
0x0096       [0]    IOCB0_bit
0x0096       [0]    IOCB6_bit
0x0096       [0]    IOCB7_bit
0x0096       [0]    IOCB5_bit
0x0096       [0]    IOCB3_bit
0x0096       [0]    IOCB4_bit
0x0097       [0]    VR1_bit
0x0097       [0]    VR2_bit
0x0097       [1]    VRCON
0x0097       [0]    VR0_bit
0x0097       [0]    VROE_bit
0x0097       [0]    VREN_bit
0x0097       [0]    VRR_bit
0x0097       [0]    VRSS_bit
0x0097       [0]    VR3_bit
0x0098       [1]    TXSTA
0x0098       [0]    SENDB_bit
0x0098       [0]    BRGH_bit
0x0098       [0]    TXD8_bit
0x0098       [0]    TX9D_bit
0x0098       [0]    TRMT_bit
0x0098       [0]    NOT_TX8_bit
0x0098       [0]    TX9_bit
0x0098       [0]    CSRC_bit
0x0098       [0]    TXEN_bit
0x0098       [0]    SYNC_bit
0x0098       [0]    TX8_9_bit
0x0099       [0]    BRG5_bit
0x0099       [0]    BRG3_bit
0x0099       [0]    BRG4_bit
0x0099       [0]    BRG0_bit
0x0099       [0]    BRG1_bit
0x0099       [0]    BRG2_bit
0x0099       [1]    SPBRG
0x0099       [0]    BRG7_bit
0x0099       [0]    BRG6_bit
0x009A       [0]    BRG12_bit
0x009A       [0]    BRG14_bit
0x009A       [0]    BRG13_bit
0x009A       [1]    SPBRGH
0x009A       [0]    BRG9_bit
0x009A       [0]    BRG10_bit
0x009A       [0]    BRG8_bit
0x009A       [0]    BRG11_bit
0x009A       [0]    BRG15_bit
0x009B       [0]    PRSEN_bit
0x009B       [0]    PDC2_bit
0x009B       [0]    PDC1_bit
0x009B       [0]    PDC0_bit
0x009B       [0]    PDC6_bit
0x009B       [1]    PWM1CON
0x009B       [0]    PDC4_bit
0x009B       [0]    PDC5_bit
0x009B       [0]    PDC3_bit
0x009C       [0]    ECCPAS0_bit
0x009C       [0]    PSSAC1_bit
0x009C       [1]    ECCPAS
0x009C       [0]    ECCPASE_bit
0x009C       [0]    ECCPAS2_bit
0x009C       [0]    ECCPAS1_bit
0x009C       [0]    PSSBD0_bit
0x009C       [0]    PSSAC0_bit
0x009C       [0]    PSSBD1_bit
0x009D       [0]    STRB_bit
0x009D       [0]    STRC_bit
0x009D       [0]    STRD_bit
0x009D       [0]    STRSYNC_bit
0x009D       [0]    STRA_bit
0x009D       [1]    PSTRCON
0x009E       [1]    ADRESL
0x009F       [0]    ADFM_bit
0x009F       [1]    ADCON1
0x009F       [0]    VCFG0_bit
0x009F       [0]    VCFG1_bit
0x0105       [0]    WDTPS3_bit
0x0105       [1]    WDTCON
0x0105       [0]    WDTPS0_bit
0x0105       [0]    SWDTEN_bit
0x0105       [0]    WDTPS2_bit
0x0105       [0]    WDTPS1_bit
0x0107       [0]    C1ON_bit
0x0107       [0]    C1POL_bit
0x0107       [0]    C1OE_bit
0x0107       [0]    C1OUT_bit
0x0107       [0]    C1CH0_bit
0x0107       [0]    C1CH1_bit
0x0107       [0]    C1R_bit
0x0107       [1]    CM1CON0
0x0108       [0]    C2CH0_bit
0x0108       [0]    C2OUT_bit
0x0108       [0]    C2CH1_bit
0x0108       [0]    C2OE_bit
0x0108       [0]    C2POL_bit
0x0108       [0]    C2R_bit
0x0108       [1]    CM2CON0
0x0108       [0]    C2ON_bit
0x0109       [0]    MC1OUT_bit
0x0109       [0]    T1GSS_bit
0x0109       [0]    C2RSEL_bit
0x0109       [0]    C1RSEL_bit
0x0109       [0]    MC2OUT_bit
0x0109       [0]    C2SYNC_bit
0x0109       [1]    CM2CON1
0x010C       [1]    EEDAT
0x010C       [1]    EEDATA
0x010D       [1]    EEADR
0x010E       [1]    EEDATH
0x010F       [1]    EEADRH
0x0185       [1]    SRCON
0x0185       [0]    SR0_bit
0x0185       [0]    FVREN_bit
0x0185       [0]    C2REN_bit
0x0185       [0]    PULSS_bit
0x0185       [0]    SR1_bit
0x0185       [0]    PULSR_bit
0x0185       [0]    C1SEN_bit
0x0187       [0]    ABDEN_bit
0x0187       [0]    RCIDL_bit
0x0187       [0]    BRG16_bit
0x0187       [0]    SCKP_bit
0x0187       [1]    BAUDCTL
0x0187       [0]    ABDOVF_bit
0x0187       [0]    WUE_bit
0x0188       [0]    ANS7_bit
0x0188       [0]    ANS2_bit
0x0188       [0]    ANS1_bit
0x0188       [0]    ANS0_bit
0x0188       [0]    ANS3_bit
0x0188       [0]    ANS6_bit
0x0188       [0]    ANS5_bit
0x0188       [0]    ANS4_bit
0x0188       [1]    ANSEL
0x0189       [0]    ANS10_bit
0x0189       [0]    ANS12_bit
0x0189       [0]    ANS11_bit
0x0189       [0]    ANS13_bit
0x0189       [1]    ANSELH
0x0189       [0]    ANS8_bit
0x0189       [0]    ANS9_bit
0x018C       [0]    EEPGD_bit
0x018C       [0]    WRERR_bit
0x018C       [1]    EECON1
0x018C       [0]    WREN_bit
0x018C       [0]    RD_bit
0x018C       [0]    WR_bit
0x018D       [1]    EECON2
//** Label List: ** 
//----------------------------------------------
  L_sensorRead0
  L_sensorRead1
  L_sensorRead2
  L_sensorRead3
  L_sensorRead4
  L_sensorRead5
  L_sensorRead6
  L_sensorRead7
  L_sensorRead8
  L_sensorRead9
  L_sensorRead10
  L_sensorRead11
  L_sensorRead12
  L_sensorRead13
  L_sensorRead14
  L_sensorRead15
  L_sensorRead16
  L_sensorRead17
  L_sensorRead18
  L_sensorRead19
  L_sensorRead20
  L_sensorRead21
  L_sensorRead22
  L_sensorRead23
  L_sensorRead24
  L_sensorRead25
  L_sensorRead26
  L_sensorRead27
  L_lineFollow28
  L_lineFollow29
  L_lineFollow30
  L_lineFollow31
  L_lineFollow32
  L_lineFollow33
  L_lineFollow34
  L_lineFollow35
  L_lineFollow36
  L_lineFollow37
  L_lineFollow38
  L_lineFollow39
  L_lineFollow40
  L_lineFollow41
  L_lineFollow42
  L_lineFollow43
  L_lineFollow44
  L_lineFollow45
  L_lineFollow46
  L_lineFollow47
  L_lineFollow48
  L_lineFollow49
  L_lineFollow50
  L_lineFollow51
  L_lineFollow52
  L_lineFollow53
  L_lineFollow54
  L_lineFollow55
  L_lineFollow56
  L_lineFollow57
  L_lineFollow58
  L_lineFollow59
  L_lineFollow60
  L_lineFollow61
  L_lineFollow62
  L_lineFollow63
  L_lineFollow64
  L_lineFollow65
  L_lineFollow66
  L_lineFollow67
  L_lineFollow68
  L_lineFollow69
  L_lineFollow70
  L_lineFollow71
  L_lineFollow72
  L_lineFollow73
  L_lineFollow74
  L_lineFollow75
  L_lineFollow76
  L_lineFollow77
  L_lineFollow78
  L_lineFollow79
  L_lineFollow80
  L_lineFollow81
  L_lineFollow82
  L_lineFollow83
  L_lineFollow84
  L_lineFollow85
  L_lineFollow86
  L_lineFollow87
  L_lineFollow88
  L_lineFollow89
  L_lineFollow90
  L_lineFollow91
  L_lineFollow92
  L_lineFollow93
  L_lineFollow94
  L_lineFollow95
  L_lineFollow96
  L_lineFollow97
  L_lineFollow98
  L_lineFollow99
  L_lineFollow100
  L_lineFollow101
  L_lineFollow102
  L_lineFollow103
  L_lineFollow104
  L_lineFollow105
  L_lineFollow106
  L_lineFollow107
  L_lineFollow108
  L_lineFollow109
  L_lineFollow110
  L_lineFollow111
  L_lineFollow112
  L_lineFollow113
  L_lineFollow114
  L_lineFollow115
  L_lineFollow116
  L_lineFollow117
  L_lineFollow118
  L_lineFollow119
  L_lineFollow120
  L_lineFollow121
  L_lineFollow122
  L_lineFollow123
  L_lineFollow124
  L_lineFollow125
  L_lineFollow126
  L_lineFollow127
  L_lineFollow128
  L_lineFollow129
  L_lineFollow130
  L_lineFollow131
  L_lineFollow132
  L_lineFollow133
  L_lineFollow134
  L_lineFollow135
  L_lineFollow136
  L_SemSmallFollow137
  L_SemSmallFollow138
  L_SemSmallFollow139
  L_SemSmallFollow140
  L_SemSmallFollow141
  L_SemSmallFollow142
  L_SemSmallFollow143
  L_SemSmallFollow144
  L_SemSmallFollow145
  L_SemSmallFollow146
  L_SemSmallFollow147
  L_SemSmallFollow148
  L_SemSmallFollow149
  L_SemSmallFollow150
  L_SemSmallFollow151
  L_SemSmallFollow152
  L_SemSmallFollow153
  L_SemSmallFollow154
  L_SemSmallFollow155
  L_SemSmallFollow156
  L_SemSmallFollow157
  L_SemSmallFollow158
  L_SemSmallFollow159
  L_SemSmallFollow160
  L_SemSmallFollow161
  L_SemSmallFollow162
  L_SemSmallFollow163
  L_SemSmallFollow164
  L_SemSmallFollow165
  L_SemSmallFollow166
  L_SemSmallFollow167
  L_SemSmallFollow168
  L_SemSmallFollow169
  L_SemSmallFollow170
  L_SemSmallFollow171
  L_SemSmallFollow172
  L_SemSmallFollow173
  L_SemSmallFollow174
  L_SemSmallFollow175
  L_SemSmallFollow176
  L_SemSmallFollow177
  L_SemSmallFollow178
  L_SemSmallFollow179
  L_SemSmallFollow180
  L_SemSmallFollow181
  L_SemSmallFollow182
  L_SemSmallFollow183
  L_SemSmallFollow184
  L_tuneToMiddle185
  L_tuneToMiddle186
  L_tuneToMiddle187
  L_tuneToMiddle188
  L_tuneToMiddle189
  L_tuneToMiddle190
  L_tuneToMiddle191
  L_tuneToMiddle192
  L_tuneToMiddle193
  L_tuneToMiddle194
  L_tuneToMiddle195
  L_tuneToMiddle196
  L_tuneToMiddle197
  L_tuneToMiddle198
  L_tuneToMiddle199
  L_tuneToMiddle200
  L_encoder201
  L_encoder202
  L_encoder203
  L_encoder204
  L_encoder205
  L_encoder206
  L_encoder207
  L_encoder208
  L_encoder209
  L_encoder210
  L_encoder211
  L_printClockEncoders212
  L_printClockEncoders213
  L_printClockEncoders214
  L_goStraight215
  L_goStraight216
  L_goStraight217
  L_goStraight218
  L_goStraight219
  L_goStraight220
  L_goStraight221
  L_goStraight222
  L_goStraight223
  L_goStraight224
  L_goStraight_1225
  L_goStraight_1226
  L_goStraight_1227
  L_goStraight_1228
  L_goStraight_1229
  L_goStraight_1230
  L_goStraight_1231
  L_goStraight_1232
  L_goStraight_1233
  L_goStraight_1234
  L_goStraight_1235
  L_goStraight_1236
  L_goStraight_1237
  L_followArrow238
  L_followArrow239
  L_followArrow240
  L_followArrow241
  L_followArrow242
  L_followArrow243
  L_followArrow244
  L_followArrow245
  L_followArrow246
  L_followArrow247
  L_followArrow248
  L_followArrow249
  L_followArrow250
  L_followArrow251
  L_followArrow252
  L_followArrow253
  L_followArrow254
  L_followArrow255
  L_followArrow256
  L_followArrow257
  L_followArrow258
  L_followArrow259
  L_followArrow260
  L_followArrow261
  L_followArrow262
  L_followArrow263
  L_followArrow264
  L_interrupt265
  L_pulseIn1266
  L_pulseIn1267
  L_pulseIn1268
  L_pulseIn1269
  L_pulseIn1270
  L_pulseIn1271
  L_pulseIn1272
  L_pulseIn1273
  L_pulseIn2274
  L_pulseIn2275
  L_pulseIn2276
  L_pulseIn2277
  L_pulseIn2278
  L_pulseIn2279
  L_pulseIn2280
  L_pulseIn2281
  L_pulseIn3282
  L_pulseIn3283
  L_pulseIn3284
  L_pulseIn3285
  L_pulseIn3286
  L_pulseIn3287
  L_pulseIn3288
  L_pulseIn3289
  L_getDis1290
  L_getDis1291
  L_getDis1292
  L_getDis2293
  L_getDis2294
  L_getDis2295
  L_getDis3296
  L_getDis3297
  L_getDis3298
  L_NidegL299
  L_NidegL300
  L_NidegL301
  L_NidegR302
  L_NidegR303
  L_NidegR304
  L_moFEnc305
  L_moFEnc306
  L_moFEnc307
  L_normalize308
  L_normalize309
  L_normalize310
  L_normalize311
  L_normalize312
  L_normalize313
  L_normalize314
  L_normalize315
  L_normalize316
  L_normalize317
  L_normalize318
  L_Obs_avoid319
  L_Obs_avoid320
  L_Obs_avoid321
  L_Obs_avoid322
  L_Obs_avoid323
  L_Obs_avoid324
  L_Obs_avoid325
  L_Obs_avoid326
  L_Obs_avoid327
  L_Obs_avoid328
  L_Obs_avoid329
  L_Obs_avoid330
  L_Obs_avoid331
  L_Obs_avoid332
  L_Obs_avoid333
  L_Obs_avoid334
  L_Obs_avoid335
  L_Obs_avoid336
  L_Obs_avoid337
  L_Obs_avoid338
  L_Obs_avoid339
  L_Obs_avoid340
  L_Obs_avoid341
  L_Obs_avoid342
  L_Obs_avoid343
  L_Obs_avoid344
  L_Obs_avoid345
  L_Obs_avoid346
  L_Obs_avoid347
  L_Obs_avoid348
  L_Obs_avoid349
  L_Obs_avoid350
  L_Obs_avoid351
  L_Obs_avoid352
  L_avoidObstacles353
  L_avoidObstacles354
  L_avoidObstacles355
  L_avoidObstacles356
  L_avoidObstacles357
  L_avoidObstacles358
  L_avoidObstacles359
  L_avoidObstacles360
  L_avoidObstacles361
  L_avoidObstacles362
  L_avoidObstacles363
  L_avoidObstacles364
  L_avoidObstacles365
  L_avoidObstacles366
  L_avoidObstacles367
  L_avoidObstacles368
  L_avoidObstacles369
  L_avoidObstacles370
  L_avoidObstacles371
  L_avoidObstacles372
  L_avoidObstacles373
  L_avoidObstacles374
  L_avoidObstacles375
  L_avoidObstacles376
  L_avoidObstacles377
  L_avoidObstacles378
  L_avoidObstacles379
  L_avoidObstacles380
  L_avoidObstacles381
  L_avoidObstacles382
  L_avoidObstacles383
  L_main384
  L_main385
  L_main386
  L__lineFollow387
  L__lineFollow388
  L__lineFollow389
  L__lineFollow390
  L__lineFollow391
  L__lineFollow392
  L__lineFollow393
  L__lineFollow394
  L__lineFollow395
  L__lineFollow396
  L__lineFollow397
  L__lineFollow398
  L__lineFollow399
  L__lineFollow400
  L__lineFollow401
  L__lineFollow402
  L__lineFollow403
  L__lineFollow404
  L__lineFollow405
  L__lineFollow406
  L__lineFollow407
  L__lineFollow408
  L__lineFollow409
  L__lineFollow410
  L__lineFollow411
  L__lineFollow412
  L__lineFollow413
  L__lineFollow414
  L__lineFollow415
  L__lineFollow416
  L__SemSmallFollow417
  L__SemSmallFollow418
  L__SemSmallFollow419
  L__SemSmallFollow420
  L__SemSmallFollow421
  L__SemSmallFollow422
  L__SemSmallFollow423
  L__SemSmallFollow424
  L__SemSmallFollow425
  L__SemSmallFollow426
  L__SemSmallFollow427
  L__SemSmallFollow428
  L__tuneToMiddle429
  L__encoder430
  L__encoder431
  L__goStraight432
  L__goStraight433
  L__goStraight_1434
  L__Obs_avoid435
  L__Obs_avoid436
  L__Obs_avoid437
  L__Obs_avoid438
  L__Obs_avoid439
  L__avoidObstacles440
  L__avoidObstacles441
  L__avoidObstacles442
  _speedChangeObsF
  _speedChangeback
  _rotateLeft
  _rotateRight
  _moveF
  _moveB
  _forward
  _backward
  _leftHardTurn
  _RightHardTurn
  _leftTurn
  _leftT
  _RightTurn
  _rightT
  _leftSoftTurn
  _rightSoftTurn
  _stopAll
  _sensorRead
  L__sensorRead443
  L__sensorRead444
  L__sensorRead445
  L__sensorRead446
  L__sensorRead447
  L__sensorRead448
  L__sensorRead449
  L__sensorRead450
  L__sensorRead451
  L__sensorRead452
  L__sensorRead453
  L__sensorRead454
  L__sensorRead455
  L__sensorRead456
  _bin_deci
  L__bin_deci457
  L__bin_deci458
  L__bin_deci459
  L__bin_deci460
  L__bin_deci461
  L__bin_deci462
  L__bin_deci463
  L__bin_deci464
  L__bin_deci465
  L__bin_deci466
  _lineFollow
  L__lineFollow467
  L__lineFollow468
  L__lineFollow469
  L__lineFollow470
  L__lineFollow471
  L__lineFollow472
  L__lineFollow473
  L__lineFollow474
  L__lineFollow475
  L__lineFollow476
  L__lineFollow477
  L__lineFollow478
  L__lineFollow479
  L__lineFollow480
  L__lineFollow481
  L__lineFollow482
  L__lineFollow483
  L__lineFollow484
  L__lineFollow485
  L__lineFollow486
  L__lineFollow487
  L__lineFollow488
  L__lineFollow489
  L__lineFollow490
  L__lineFollow491
  L__lineFollow492
  L__lineFollow493
  L__lineFollow494
  L__lineFollow495
  L__lineFollow496
  L__lineFollow497
  L__lineFollow498
  L__lineFollow499
  L__lineFollow500
  L__lineFollow501
  L__lineFollow502
  L__lineFollow503
  L__lineFollow504
  L__lineFollow505
  L__lineFollow506
  L__lineFollow507
  L__lineFollow508
  L__lineFollow509
  L__lineFollow510
  L__lineFollow511
  L__lineFollow512
  L__lineFollow513
  L__lineFollow514
  L__lineFollow515
  L__lineFollow516
  L__lineFollow517
  L__lineFollow518
  L__lineFollow519
  L__lineFollow520
  L__lineFollow521
  L__lineFollow522
  L__lineFollow523
  L__lineFollow524
  L__lineFollow525
  L__lineFollow526
  L__lineFollow527
  L__lineFollow528
  L__lineFollow529
  L__lineFollow530
  L__lineFollow531
  _SemSmallFollow
  L__SemSmallFollow532
  L__SemSmallFollow533
  L__SemSmallFollow534
  L__SemSmallFollow535
  L__SemSmallFollow536
  L__SemSmallFollow537
  L__SemSmallFollow538
  L__SemSmallFollow539
  L__SemSmallFollow540
  L__SemSmallFollow541
  L__SemSmallFollow542
  L__SemSmallFollow543
  L__SemSmallFollow544
  L__SemSmallFollow545
  L__SemSmallFollow546
  L__SemSmallFollow547
  L__SemSmallFollow548
  L__SemSmallFollow549
  L__SemSmallFollow550
  L__SemSmallFollow551
  L__SemSmallFollow552
  L__SemSmallFollow553
  L__SemSmallFollow554
  L__SemSmallFollow555
  L__SemSmallFollow556
  L__SemSmallFollow557
  L__SemSmallFollow558
  L__SemSmallFollow559
  L__SemSmallFollow560
  L__SemSmallFollow561
  L__SemSmallFollow562
  L__SemSmallFollow563
  L__SemSmallFollow564
  L__SemSmallFollow565
  L__SemSmallFollow566
  L__SemSmallFollow567
  L__SemSmallFollow568
  L__SemSmallFollow569
  L__SemSmallFollow570
  L__SemSmallFollow571
  L__SemSmallFollow572
  L__SemSmallFollow573
  L__SemSmallFollow574
  L__SemSmallFollow575
  L__SemSmallFollow576
  L__SemSmallFollow577
  L__SemSmallFollow578
  L__SemSmallFollow579
  L__SemSmallFollow580
  L__SemSmallFollow581
  L__SemSmallFollow582
  L__SemSmallFollow583
  L__SemSmallFollow584
  L__SemSmallFollow585
  L__SemSmallFollow586
  L__SemSmallFollow587
  L__SemSmallFollow588
  L__SemSmallFollow589
  L__SemSmallFollow590
  L__SemSmallFollow591
  _tuneToMiddle
  L__tuneToMiddle592
  L__tuneToMiddle593
  L__tuneToMiddle594
  L__tuneToMiddle595
  L__tuneToMiddle596
  L__tuneToMiddle597
  L__tuneToMiddle598
  L__tuneToMiddle599
  L__tuneToMiddle600
  L__tuneToMiddle601
  _encoder
  L__encoder602
  L__encoder603
  L__encoder604
  L__encoder605
  _initEncoder
  _printClockEncoders
  L__printClockEncoders606
  L__printClockEncoders607
  _getFrontDecimal
  L__getFrontDecimal608
  L__getFrontDecimal609
  L__getFrontDecimal610
  L__getFrontDecimal611
  L__getFrontDecimal612
  L__getFrontDecimal613
  L__getFrontDecimal614
  L__getFrontDecimal615
  L__getFrontDecimal616
  L__getFrontDecimal617
  _getBackDecimal
  L__getBackDecimal618
  L__getBackDecimal619
  L__getBackDecimal620
  L__getBackDecimal621
  _goStraight
  L__goStraight622
  L__goStraight623
  L__goStraight624
  L__goStraight625
  L__goStraight626
  L__goStraight627
  _goStraight_1
  L__goStraight_1628
  L__goStraight_1629
  L__goStraight_1630
  L__goStraight_1631
  L__goStraight_1632
  L__goStraight_1633
  L__goStraight_1634
  _followArrow
  L__followArrow635
  L__followArrow636
  L__followArrow637
  L__followArrow638
  L__followArrow639
  L__followArrow640
  L__followArrow641
  L__followArrow642
  L__followArrow643
  L__followArrow644
  L__followArrow645
  L__followArrow646
  L__followArrow647
  L__followArrow648
  L__followArrow649
  L__followArrow650
  L__followArrow651
  _interrupt
  L__interrupt652
  _init_timer
  _pulseIn1
  L__pulseIn1653
  L__pulseIn1654
  _pulseIn2
  L__pulseIn2655
  L__pulseIn2656
  _pulseIn3
  L__pulseIn3657
  L__pulseIn3658
  _getDis1
  _getDis2
  _getDis3
  _NidegL
  L__NidegL659
  _NidegR
  L__NidegR660
  _moFEnc
  L__moFEnc661
  _AllUltrasonicRead
  _normalize
  L__normalize662
  L__normalize663
  L__normalize664
  L__normalize665
  _Obs_avoid
  L__Obs_avoid666
  L__Obs_avoid667
  L__Obs_avoid668
  L__Obs_avoid669
  L__Obs_avoid670
  L__Obs_avoid671
  L__Obs_avoid672
  L__Obs_avoid673
  L__Obs_avoid674
  L__Obs_avoid675
  L__Obs_avoid676
  L__Obs_avoid677
  L__Obs_avoid678
  L__Obs_avoid679
  L__Obs_avoid680
  _avoidObstacles
  L__avoidObstacles681
  L__avoidObstacles682
  L__avoidObstacles683
  L__avoidObstacles684
  L__avoidObstacles685
  L__avoidObstacles686
  L__avoidObstacles687
  L__avoidObstacles688
  L__avoidObstacles689
  L__avoidObstacles690
  L__avoidObstacles691
  L__avoidObstacles692
  L__avoidObstacles693
  L__avoidObstacles694
  L__avoidObstacles695
  L__avoidObstacles696
  L__avoidObstacles697
  L__avoidObstacles698
  _main
  L_Delay_10us0
  L_Delay_22us1
  L_Delay_50us2
  L_Delay_80us3
  L_Delay_500us4
  L_Delay_5500us5
  L_Delay_8ms6
  L_Delay_5ms7
  L_Delay_100ms8
  L_Delay_1sec9
  L_boot16_Delay_5ms10
  L_Delay_Cyc11
  L_Delay_Cyc12
  L_VDelay_ms13
  L_VDelay_ms14
  L_VDelay_ms15
  L_VDelay_Advanced_ms16
  L_VDelay_Advanced_ms17
  L_VDelay_Advanced_ms18
  _Get_Fosc_kHz
  _Delay_1us
  _Delay_10us
  _Delay_22us
  _Delay_50us
  _Delay_80us
  _Delay_500us
  _Delay_5500us
  _Delay_8ms
  _Delay_5ms
  _Delay_100ms
  _Delay_1sec
  _boot16_Delay_5ms
  _Delay_Cyc
  _VDelay_ms
  L__VDelay_ms19
  L__VDelay_ms20
  L__VDelay_ms21
  _VDelay_Advanced_ms
  L__VDelay_Advanced_ms22
  L__VDelay_Advanced_ms23
  L__VDelay_Advanced_ms24
  L_Lcd_Cmd0
  L_Lcd_Cmd1
  L_Lcd_Out_CP2
  L_Lcd_Out_CP3
  L_Lcd_Chr4
  L_Lcd_Chr5
  L_Lcd_Chr6
  L_Lcd_Chr7
  L_Lcd_Chr8
  L_Lcd_Chr9
  L_Lcd_Chr10
  L_Lcd_Out11
  L_Lcd_Out12
  L_Lcd_Out13
  L_Lcd_Out14
  L_Lcd_Out15
  L_Lcd_Out16
  L_Lcd_Out17
  L_Lcd_Out18
  L_Lcd_Out19
  _Lcd_Cmd
  L__Lcd_Cmd20
  L__Lcd_Cmd21
  L__Lcd_Cmd22
  L__Lcd_Cmd23
  L__Lcd_Cmd24
  L__Lcd_Cmd25
  L__Lcd_Cmd26
  L__Lcd_Cmd27
  L__Lcd_Cmd28
  L__Lcd_Cmd29
  L__Lcd_Cmd30
  L__Lcd_Cmd31
  L__Lcd_Cmd32
  L__Lcd_Cmd33
  L__Lcd_Cmd34
  L__Lcd_Cmd35
  L__Lcd_Cmd36
  L__Lcd_Cmd37
  L__Lcd_Cmd38
  L__Lcd_Cmd39
  _Lcd_Chr_CP
  _Lcd_Out_CP
  _Lcd_Chr
  _Lcd_Init
  _Lcd_Out
  L_Div_16x16_S0
  L_Div_16x16_S1
  LOOPS3232A
  SADD22LA
  SOK22LA
  SADD22L8
  SOK22L8
  LOOPS3232B
  SADD22LB
  SOK22LB
  SADD22L16
  SOK22L16
  LOOPS3232C
  SADD22LC
  SOK22LC
  SADD22L24
  SOK22L24
  LOOPS3232D
  SADD22LD
  SOK22LD
  SOK22L
  L_Div_32x32_S6
  L_Div_32x32_S7
  L_Div_32x32_S8
  L_Div_32x32_S9
  FXD3232S
  END_ALL
  CA3232S
  C3232SX
  C3232SX1
  C3232S
  C3232S2
  C3232SX4
  C3232SOK
  C3232SX3
  C3232SX2
  avoid_comfrem
  LOOPU3232A
  UADD22LA
  UOK22LA
  UADD22L8
  UOK22L8
  LOOPU3232B
  UADD22LB
  UOK22LB
  UADD22L16
  UOK22L16
  LOOPU3232C
  UADD22LC
  UOK22LC
  UADD22L24
  UOK22L24
  LOOPU3232D
  UADD22LD
  UOK22LD
  UOK22L
  _NEXT
  _EXIT2
  _LOOP
  _EXIT1
  _IF_FIRST
  _IF_SECOND
  _INVERCE_FIRST
  _MULT
  _INBERSE_SECOND
  _EXIT
  _Mul_8x8_U
  _Mul_16x16_U
  _Div_8x8_U
  _Div_16x16_U
  _Mul_8x8_S
  _Mul_16x16_S
  _Div_16x16_S_L
  _Div_16x16_S
  _Div_8x8_S
  _SDIV3232L
  _COMFREM
  _Div_32x32_S
  _Div_32x32_U
  _Mul_32x32_U
  _Mul_32x32_S
  _PWM2_Init
  _PWM2_Set_Duty
  L__PWM2_Set_Duty0
  L__PWM2_Set_Duty1
  L__PWM2_Set_Duty2
  L__PWM2_Set_Duty3
  _PWM2_Start
  _PWM2_Stop
  _PWM1_Init
  _PWM1_Set_Duty
  L__PWM1_Set_Duty4
  L__PWM1_Set_Duty5
  L__PWM1_Set_Duty6
  L__PWM1_Set_Duty7
  _PWM1_Start
  _PWM1_Stop
  _CC2D_Loop1
  _____DoICP
  _____DoIFC
  ___CC2DW
  _Swap
  L_sensorRead0
  L_sensorRead1
  L_sensorRead2
  L_sensorRead3
  L_sensorRead4
  L_sensorRead5
  L_sensorRead6
  L_sensorRead7
  L_sensorRead8
  L_sensorRead9
  L_sensorRead10
  L_sensorRead11
  L_sensorRead12
  L_sensorRead13
  L_sensorRead14
  L_sensorRead15
  L_sensorRead16
  L_sensorRead17
  L_sensorRead18
  L_sensorRead19
  L_sensorRead20
  L_sensorRead21
  L_sensorRead22
  L_sensorRead23
  L_sensorRead24
  L_sensorRead25
  L_sensorRead26
  L_sensorRead27
  L_lineFollow28
  L_lineFollow29
  L_lineFollow30
  L_lineFollow31
  L_lineFollow32
  L_lineFollow33
  L_lineFollow34
  L_lineFollow35
  L_lineFollow36
  L_lineFollow37
  L_lineFollow38
  L_lineFollow39
  L_lineFollow40
  L_lineFollow41
  L_lineFollow42
  L_lineFollow43
  L_lineFollow44
  L_lineFollow45
  L_lineFollow46
  L_lineFollow47
  L_lineFollow48
  L_lineFollow49
  L_lineFollow50
  L_lineFollow51
  L_lineFollow52
  L_lineFollow53
  L_lineFollow54
  L_lineFollow55
  L_lineFollow56
  L_lineFollow57
  L_lineFollow58
  L_lineFollow59
  L_lineFollow60
  L_lineFollow61
  L_lineFollow62
  L_lineFollow63
  L_lineFollow64
  L_lineFollow65
  L_lineFollow66
  L_lineFollow67
  L_lineFollow68
  L_lineFollow69
  L_lineFollow70
  L_lineFollow71
  L_lineFollow72
  L_lineFollow73
  L_lineFollow74
  L_lineFollow75
  L_lineFollow76
  L_lineFollow77
  L_lineFollow78
  L_lineFollow79
  L_lineFollow80
  L_lineFollow81
  L_lineFollow82
  L_lineFollow83
  L_lineFollow84
  L_lineFollow85
  L_lineFollow86
  L_lineFollow87
  L_lineFollow88
  L_lineFollow89
  L_lineFollow90
  L_lineFollow91
  L_lineFollow92
  L_lineFollow93
  L_lineFollow94
  L_lineFollow95
  L_lineFollow96
  L_lineFollow97
  L_lineFollow98
  L_lineFollow99
  L_lineFollow100
  L_lineFollow101
  L_lineFollow102
  L_lineFollow103
  L_lineFollow104
  L_lineFollow105
  L_lineFollow106
  L_lineFollow107
  L_lineFollow108
  L_lineFollow109
  L_lineFollow110
  L_lineFollow111
  L_lineFollow112
  L_lineFollow113
  L_lineFollow114
  L_lineFollow115
  L_lineFollow116
  L_lineFollow117
  L_lineFollow118
  L_lineFollow119
  L_lineFollow120
  L_lineFollow121
  L_lineFollow122
  L_lineFollow123
  L_lineFollow124
  L_lineFollow125
  L_lineFollow126
  L_lineFollow127
  L_lineFollow128
  L_lineFollow129
  L_lineFollow130
  L_lineFollow131
  L_lineFollow132
  L_lineFollow133
  L_lineFollow134
  L_lineFollow135
  L_lineFollow136
  L_SemSmallFollow137
  L_SemSmallFollow138
  L_SemSmallFollow139
  L_SemSmallFollow140
  L_SemSmallFollow141
  L_SemSmallFollow142
  L_SemSmallFollow143
  L_SemSmallFollow144
  L_SemSmallFollow145
  L_SemSmallFollow146
  L_SemSmallFollow147
  L_SemSmallFollow148
  L_SemSmallFollow149
  L_SemSmallFollow150
  L_SemSmallFollow151
  L_SemSmallFollow152
  L_SemSmallFollow153
  L_SemSmallFollow154
  L_SemSmallFollow155
  L_SemSmallFollow156
  L_SemSmallFollow157
  L_SemSmallFollow158
  L_SemSmallFollow159
  L_SemSmallFollow160
  L_SemSmallFollow161
  L_SemSmallFollow162
  L_SemSmallFollow163
  L_SemSmallFollow164
  L_SemSmallFollow165
  L_SemSmallFollow166
  L_SemSmallFollow167
  L_SemSmallFollow168
  L_SemSmallFollow169
  L_SemSmallFollow170
  L_SemSmallFollow171
  L_SemSmallFollow172
  L_SemSmallFollow173
  L_SemSmallFollow174
  L_SemSmallFollow175
  L_SemSmallFollow176
  L_SemSmallFollow177
  L_SemSmallFollow178
  L_SemSmallFollow179
  L_SemSmallFollow180
  L_SemSmallFollow181
  L_SemSmallFollow182
  L_SemSmallFollow183
  L_SemSmallFollow184
  L_tuneToMiddle185
  L_tuneToMiddle186
  L_tuneToMiddle187
  L_tuneToMiddle188
  L_tuneToMiddle189
  L_tuneToMiddle190
  L_tuneToMiddle191
  L_tuneToMiddle192
  L_tuneToMiddle193
  L_tuneToMiddle194
  L_tuneToMiddle195
  L_tuneToMiddle196
  L_tuneToMiddle197
  L_tuneToMiddle198
  L_tuneToMiddle199
  L_tuneToMiddle200
  L_encoder201
  L_encoder202
  L_encoder203
  L_encoder204
  L_encoder205
  L_encoder206
  L_encoder207
  L_encoder208
  L_encoder209
  L_encoder210
  L_encoder211
  L_printClockEncoders212
  L_printClockEncoders213
  L_printClockEncoders214
  L_goStraight215
  L_goStraight216
  L_goStraight217
  L_goStraight218
  L_goStraight219
  L_goStraight220
  L_goStraight221
  L_goStraight222
  L_goStraight223
  L_goStraight224
  L_goStraight_1225
  L_goStraight_1226
  L_goStraight_1227
  L_goStraight_1228
  L_goStraight_1229
  L_goStraight_1230
  L_goStraight_1231
  L_goStraight_1232
  L_goStraight_1233
  L_goStraight_1234
  L_goStraight_1235
  L_goStraight_1236
  L_goStraight_1237
  L_followArrow238
  L_followArrow239
  L_followArrow240
  L_followArrow241
  L_followArrow242
  L_followArrow243
  L_followArrow244
  L_followArrow245
  L_followArrow246
  L_followArrow247
  L_followArrow248
  L_followArrow249
  L_followArrow250
  L_followArrow251
  L_followArrow252
  L_followArrow253
  L_followArrow254
  L_followArrow255
  L_followArrow256
  L_followArrow257
  L_followArrow258
  L_followArrow259
  L_followArrow260
  L_followArrow261
  L_followArrow262
  L_followArrow263
  L_followArrow264
  L_interrupt265
  L_pulseIn1266
  L_pulseIn1267
  L_pulseIn1268
  L_pulseIn1269
  L_pulseIn1270
  L_pulseIn1271
  L_pulseIn1272
  L_pulseIn1273
  L_pulseIn2274
  L_pulseIn2275
  L_pulseIn2276
  L_pulseIn2277
  L_pulseIn2278
  L_pulseIn2279
  L_pulseIn2280
  L_pulseIn2281
  L_pulseIn3282
  L_pulseIn3283
  L_pulseIn3284
  L_pulseIn3285
  L_pulseIn3286
  L_pulseIn3287
  L_pulseIn3288
  L_pulseIn3289
  L_getDis1290
  L_getDis1291
  L_getDis1292
  L_getDis2293
  L_getDis2294
  L_getDis2295
  L_getDis3296
  L_getDis3297
  L_getDis3298
  L_NidegL299
  L_NidegL300
  L_NidegL301
  L_NidegR302
  L_NidegR303
  L_NidegR304
  L_moFEnc305
  L_moFEnc306
  L_moFEnc307
  L_normalize308
  L_normalize309
  L_normalize310
  L_normalize311
  L_normalize312
  L_normalize313
  L_normalize314
  L_normalize315
  L_normalize316
  L_normalize317
  L_normalize318
  L_Obs_avoid319
  L_Obs_avoid320
  L_Obs_avoid321
  L_Obs_avoid322
  L_Obs_avoid323
  L_Obs_avoid324
  L_Obs_avoid325
  L_Obs_avoid326
  L_Obs_avoid327
  L_Obs_avoid328
  L_Obs_avoid329
  L_Obs_avoid330
  L_Obs_avoid331
  L_Obs_avoid332
  L_Obs_avoid333
  L_Obs_avoid334
  L_Obs_avoid335
  L_Obs_avoid336
  L_Obs_avoid337
  L_Obs_avoid338
  L_Obs_avoid339
  L_Obs_avoid340
  L_Obs_avoid341
  L_Obs_avoid342
  L_Obs_avoid343
  L_Obs_avoid344
  L_Obs_avoid345
  L_Obs_avoid346
  L_Obs_avoid347
  L_Obs_avoid348
  L_Obs_avoid349
  L_Obs_avoid350
  L_Obs_avoid351
  L_Obs_avoid352
  L_avoidObstacles353
  L_avoidObstacles354
  L_avoidObstacles355
  L_avoidObstacles356
  L_avoidObstacles357
  L_avoidObstacles358
  L_avoidObstacles359
  L_avoidObstacles360
  L_avoidObstacles361
  L_avoidObstacles362
  L_avoidObstacles363
  L_avoidObstacles364
  L_avoidObstacles365
  L_avoidObstacles366
  L_avoidObstacles367
  L_avoidObstacles368
  L_avoidObstacles369
  L_avoidObstacles370
  L_avoidObstacles371
  L_avoidObstacles372
  L_avoidObstacles373
  L_avoidObstacles374
  L_avoidObstacles375
  L_avoidObstacles376
  L_avoidObstacles377
  L_avoidObstacles378
  L_avoidObstacles379
  L_avoidObstacles380
  L_avoidObstacles381
  L_avoidObstacles382
  L_avoidObstacles383
  L_main384
  L_main385
  L_main386
  L__lineFollow387
  L__lineFollow388
  L__lineFollow389
  L__lineFollow390
  L__lineFollow391
  L__lineFollow392
  L__lineFollow393
  L__lineFollow394
  L__lineFollow395
  L__lineFollow396
  L__lineFollow397
  L__lineFollow398
  L__lineFollow399
  L__lineFollow400
  L__lineFollow401
  L__lineFollow402
  L__lineFollow403
  L__lineFollow404
  L__lineFollow405
  L__lineFollow406
  L__lineFollow407
  L__lineFollow408
  L__lineFollow409
  L__lineFollow410
  L__lineFollow411
  L__lineFollow412
  L__lineFollow413
  L__lineFollow414
  L__lineFollow415
  L__lineFollow416
  L__SemSmallFollow417
  L__SemSmallFollow418
  L__SemSmallFollow419
  L__SemSmallFollow420
  L__SemSmallFollow421
  L__SemSmallFollow422
  L__SemSmallFollow423
  L__SemSmallFollow424
  L__SemSmallFollow425
  L__SemSmallFollow426
  L__SemSmallFollow427
  L__SemSmallFollow428
  L__tuneToMiddle429
  L__encoder430
  L__encoder431
  L__goStraight432
  L__goStraight433
  L__goStraight_1434
  L__Obs_avoid435
  L__Obs_avoid436
  L__Obs_avoid437
  L__Obs_avoid438
  L__Obs_avoid439
  L__avoidObstacles440
  L__avoidObstacles441
  L__avoidObstacles442
  _speedChangeObsF
  _speedChangeback
  _rotateLeft
  _rotateRight
  _moveF
  _moveB
  _forward
  _backward
  _leftHardTurn
  _RightHardTurn
  _leftTurn
  _leftT
  _RightTurn
  _rightT
  _leftSoftTurn
  _rightSoftTurn
  _stopAll
  _sensorRead
  L__sensorRead443
  L__sensorRead444
  L__sensorRead445
  L__sensorRead446
  L__sensorRead447
  L__sensorRead448
  L__sensorRead449
  L__sensorRead450
  L__sensorRead451
  L__sensorRead452
  L__sensorRead453
  L__sensorRead454
  L__sensorRead455
  L__sensorRead456
  _bin_deci
  L__bin_deci457
  L__bin_deci458
  L__bin_deci459
  L__bin_deci460
  L__bin_deci461
  L__bin_deci462
  L__bin_deci463
  L__bin_deci464
  L__bin_deci465
  L__bin_deci466
  _lineFollow
  L__lineFollow467
  L__lineFollow468
  L__lineFollow469
  L__lineFollow470
  L__lineFollow471
  L__lineFollow472
  L__lineFollow473
  L__lineFollow474
  L__lineFollow475
  L__lineFollow476
  L__lineFollow477
  L__lineFollow478
  L__lineFollow479
  L__lineFollow480
  L__lineFollow481
  L__lineFollow482
  L__lineFollow483
  L__lineFollow484
  L__lineFollow485
  L__lineFollow486
  L__lineFollow487
  L__lineFollow488
  L__lineFollow489
  L__lineFollow490
  L__lineFollow491
  L__lineFollow492
  L__lineFollow493
  L__lineFollow494
  L__lineFollow495
  L__lineFollow496
  L__lineFollow497
  L__lineFollow498
  L__lineFollow499
  L__lineFollow500
  L__lineFollow501
  L__lineFollow502
  L__lineFollow503
  L__lineFollow504
  L__lineFollow505
  L__lineFollow506
  L__lineFollow507
  L__lineFollow508
  L__lineFollow509
  L__lineFollow510
  L__lineFollow511
  L__lineFollow512
  L__lineFollow513
  L__lineFollow514
  L__lineFollow515
  L__lineFollow516
  L__lineFollow517
  L__lineFollow518
  L__lineFollow519
  L__lineFollow520
  L__lineFollow521
  L__lineFollow522
  L__lineFollow523
  L__lineFollow524
  L__lineFollow525
  L__lineFollow526
  L__lineFollow527
  L__lineFollow528
  L__lineFollow529
  L__lineFollow530
  L__lineFollow531
  _SemSmallFollow
  L__SemSmallFollow532
  L__SemSmallFollow533
  L__SemSmallFollow534
  L__SemSmallFollow535
  L__SemSmallFollow536
  L__SemSmallFollow537
  L__SemSmallFollow538
  L__SemSmallFollow539
  L__SemSmallFollow540
  L__SemSmallFollow541
  L__SemSmallFollow542
  L__SemSmallFollow543
  L__SemSmallFollow544
  L__SemSmallFollow545
  L__SemSmallFollow546
  L__SemSmallFollow547
  L__SemSmallFollow548
  L__SemSmallFollow549
  L__SemSmallFollow550
  L__SemSmallFollow551
  L__SemSmallFollow552
  L__SemSmallFollow553
  L__SemSmallFollow554
  L__SemSmallFollow555
  L__SemSmallFollow556
  L__SemSmallFollow557
  L__SemSmallFollow558
  L__SemSmallFollow559
  L__SemSmallFollow560
  L__SemSmallFollow561
  L__SemSmallFollow562
  L__SemSmallFollow563
  L__SemSmallFollow564
  L__SemSmallFollow565
  L__SemSmallFollow566
  L__SemSmallFollow567
  L__SemSmallFollow568
  L__SemSmallFollow569
  L__SemSmallFollow570
  L__SemSmallFollow571
  L__SemSmallFollow572
  L__SemSmallFollow573
  L__SemSmallFollow574
  L__SemSmallFollow575
  L__SemSmallFollow576
  L__SemSmallFollow577
  L__SemSmallFollow578
  L__SemSmallFollow579
  L__SemSmallFollow580
  L__SemSmallFollow581
  L__SemSmallFollow582
  L__SemSmallFollow583
  L__SemSmallFollow584
  L__SemSmallFollow585
  L__SemSmallFollow586
  L__SemSmallFollow587
  L__SemSmallFollow588
  L__SemSmallFollow589
  L__SemSmallFollow590
  L__SemSmallFollow591
  _tuneToMiddle
  L__tuneToMiddle592
  L__tuneToMiddle593
  L__tuneToMiddle594
  L__tuneToMiddle595
  L__tuneToMiddle596
  L__tuneToMiddle597
  L__tuneToMiddle598
  L__tuneToMiddle599
  L__tuneToMiddle600
  L__tuneToMiddle601
  _encoder
  L__encoder602
  L__encoder603
  L__encoder604
  L__encoder605
  _initEncoder
  _printClockEncoders
  L__printClockEncoders606
  L__printClockEncoders607
  _getFrontDecimal
  L__getFrontDecimal608
  L__getFrontDecimal609
  L__getFrontDecimal610
  L__getFrontDecimal611
  L__getFrontDecimal612
  L__getFrontDecimal613
  L__getFrontDecimal614
  L__getFrontDecimal615
  L__getFrontDecimal616
  L__getFrontDecimal617
  _getBackDecimal
  L__getBackDecimal618
  L__getBackDecimal619
  L__getBackDecimal620
  L__getBackDecimal621
  _goStraight
  L__goStraight622
  L__goStraight623
  L__goStraight624
  L__goStraight625
  L__goStraight626
  L__goStraight627
  _goStraight_1
  L__goStraight_1628
  L__goStraight_1629
  L__goStraight_1630
  L__goStraight_1631
  L__goStraight_1632
  L__goStraight_1633
  L__goStraight_1634
  _followArrow
  L__followArrow635
  L__followArrow636
  L__followArrow637
  L__followArrow638
  L__followArrow639
  L__followArrow640
  L__followArrow641
  L__followArrow642
  L__followArrow643
  L__followArrow644
  L__followArrow645
  L__followArrow646
  L__followArrow647
  L__followArrow648
  L__followArrow649
  L__followArrow650
  L__followArrow651
  _interrupt
  L__interrupt652
  _init_timer
  _pulseIn1
  L__pulseIn1653
  L__pulseIn1654
  _pulseIn2
  L__pulseIn2655
  L__pulseIn2656
  _pulseIn3
  L__pulseIn3657
  L__pulseIn3658
  _getDis1
  _getDis2
  _getDis3
  _NidegL
  L__NidegL659
  _NidegR
  L__NidegR660
  _moFEnc
  L__moFEnc661
  _AllUltrasonicRead
  _normalize
  L__normalize662
  L__normalize663
  L__normalize664
  L__normalize665
  _Obs_avoid
  L__Obs_avoid666
  L__Obs_avoid667
  L__Obs_avoid668
  L__Obs_avoid669
  L__Obs_avoid670
  L__Obs_avoid671
  L__Obs_avoid672
  L__Obs_avoid673
  L__Obs_avoid674
  L__Obs_avoid675
  L__Obs_avoid676
  L__Obs_avoid677
  L__Obs_avoid678
  L__Obs_avoid679
  L__Obs_avoid680
  _avoidObstacles
  L__avoidObstacles681
  L__avoidObstacles682
  L__avoidObstacles683
  L__avoidObstacles684
  L__avoidObstacles685
  L__avoidObstacles686
  L__avoidObstacles687
  L__avoidObstacles688
  L__avoidObstacles689
  L__avoidObstacles690
  L__avoidObstacles691
  L__avoidObstacles692
  L__avoidObstacles693
  L__avoidObstacles694
  L__avoidObstacles695
  L__avoidObstacles696
  L__avoidObstacles697
  L__avoidObstacles698
  _main
