;  LST file generated by mikroListExporter - v.2.0 
; Date/Time: 9/12/2012 3:46:51 AM
;----------------------------------------------

;Address Opcode 	ASM
0x0000	0x299E      	GOTO       414
_interrupt:
0x0004	0x00FF      	MOVWF      R15
0x0005	0x0E03      	SWAPF      STATUS, 0
0x0006	0x0183      	CLRF       STATUS
0x0007	0x00B8      	MOVWF      ___saveSTATUS
0x0008	0x080A      	MOVF       PCLATH, 0
0x0009	0x00B7      	MOVWF      ___savePCLATH
0x000A	0x018A      	CLRF       PCLATH
0x000B	0x0870      	MOVF       R0, 0
0x000C	0x00A0      	MOVWF      32
;final_code_3.c,805 :: 		void interrupt(){                              //Timer0 interrupts are handled at here. Here is the main driving section of the cube
;final_code_3.c,806 :: 		if(INTCON.TMR0IF){
0x000D	0x1D0B      	BTFSS      INTCON, 2
0x000E	0x2811      	GOTO       L_interrupt255
;final_code_3.c,807 :: 		encoder();
0x000F	0x213A      	CALL       _encoder
;final_code_3.c,808 :: 		INTCON.TMR0IF = 0; // clear TMR1IF
0x0010	0x110B      	BCF        INTCON, 2
;final_code_3.c,809 :: 		}
L_interrupt255:
;final_code_3.c,812 :: 		}
L__interrupt739:
0x0011	0x0820      	MOVF       32, 0
0x0012	0x00F0      	MOVWF      R0
0x0013	0x0837      	MOVF       ___savePCLATH, 0
0x0014	0x008A      	MOVWF      PCLATH
0x0015	0x0E38      	SWAPF      ___saveSTATUS, 0
0x0016	0x0083      	MOVWF      STATUS
0x0017	0x0EFF      	SWAPF      R15, 1
0x0018	0x0E7F      	SWAPF      R15, 0
0x0019	0x0009      	RETFIE
; end of _interrupt
_Mul_16x16_U:
;__Lib_Math.c,136 :: 		
;__Lib_Math.c,143 :: 		
0x001A	0x1283      	BCF        STATUS, 5
;__Lib_Math.c,144 :: 		
0x001B	0x1303      	BCF        STATUS, 6
;__Lib_Math.c,145 :: 		
0x001C	0x01FB      	CLRF       R11
;__Lib_Math.c,146 :: 		
0x001D	0x01FA      	CLRF       R10
;__Lib_Math.c,147 :: 		
0x001E	0x01F9      	CLRF       R9
;__Lib_Math.c,148 :: 		
0x001F	0x3080      	MOVLW      128
;__Lib_Math.c,149 :: 		
0x0020	0x00F8      	MOVWF      R8
;__Lib_Math.c,150 :: 		
0x0021	0x0CF1      	RRF        R1, 1
;__Lib_Math.c,151 :: 		
0x0022	0x0CF0      	RRF        R0, 1
;__Lib_Math.c,152 :: 		
0x0023	0x1C03      	BTFSS      STATUS, 0
;__Lib_Math.c,153 :: 		
0x0024	0x282E      	GOTO       $+10
;__Lib_Math.c,154 :: 		
0x0025	0x0874      	MOVF       R4, 0
;__Lib_Math.c,155 :: 		
0x0026	0x07F9      	ADDWF      R9, 1
;__Lib_Math.c,156 :: 		
0x0027	0x0875      	MOVF       R5, 0
;__Lib_Math.c,157 :: 		
0x0028	0x1803      	BTFSC      STATUS, 0
;__Lib_Math.c,158 :: 		
0x0029	0x0F75      	INCFSZ     R5, 0
;__Lib_Math.c,159 :: 		
0x002A	0x07FA      	ADDWF      R10, 1
;__Lib_Math.c,160 :: 		
0x002B	0x1803      	BTFSC      STATUS, 0
;__Lib_Math.c,161 :: 		
0x002C	0x0AFB      	INCF       R11, 1
;__Lib_Math.c,162 :: 		
0x002D	0x1003      	BCF        STATUS, 0
;__Lib_Math.c,163 :: 		
0x002E	0x1FF0      	BTFSS      R0, 7
;__Lib_Math.c,164 :: 		
0x002F	0x2836      	GOTO       $+7
;__Lib_Math.c,165 :: 		
0x0030	0x0874      	MOVF       R4, 0
;__Lib_Math.c,166 :: 		
0x0031	0x07FA      	ADDWF      R10, 1
;__Lib_Math.c,167 :: 		
0x0032	0x0875      	MOVF       R5, 0
;__Lib_Math.c,168 :: 		
0x0033	0x1803      	BTFSC      STATUS, 0
;__Lib_Math.c,169 :: 		
0x0034	0x0F75      	INCFSZ     R5, 0
;__Lib_Math.c,170 :: 		
0x0035	0x07FB      	ADDWF      R11, 1
;__Lib_Math.c,171 :: 		
0x0036	0x0CFB      	RRF        R11, 1
;__Lib_Math.c,172 :: 		
0x0037	0x0CFA      	RRF        R10, 1
;__Lib_Math.c,173 :: 		
0x0038	0x0CF9      	RRF        R9, 1
;__Lib_Math.c,174 :: 		
0x0039	0x0CF8      	RRF        R8, 1
;__Lib_Math.c,175 :: 		
0x003A	0x1C03      	BTFSS      STATUS, 0
;__Lib_Math.c,176 :: 		
0x003B	0x2821      	GOTO       $-26
;__Lib_Math.c,177 :: 		
0x003C	0x087B      	MOVF       R11, 0
;__Lib_Math.c,178 :: 		
0x003D	0x00F3      	MOVWF      R3
;__Lib_Math.c,179 :: 		
0x003E	0x087A      	MOVF       R10, 0
;__Lib_Math.c,180 :: 		
0x003F	0x00F2      	MOVWF      R2
;__Lib_Math.c,181 :: 		
0x0040	0x0879      	MOVF       R9, 0
;__Lib_Math.c,182 :: 		
0x0041	0x00F1      	MOVWF      R1
;__Lib_Math.c,183 :: 		
0x0042	0x0878      	MOVF       R8, 0
;__Lib_Math.c,184 :: 		
0x0043	0x00F0      	MOVWF      R0
;__Lib_Math.c,187 :: 		
0x0044	0x0008      	RETURN
; end of _Mul_16x16_U
_stopAll:
;final_code_3.c,161 :: 		stopAll(){
;final_code_3.c,162 :: 		PORTC.F3=1;    //left motor backward
0x0045	0x1283      	BCF        STATUS, 5
0x0046	0x1303      	BCF        STATUS, 6
0x0047	0x1587      	BSF        PORTC, 3
;final_code_3.c,163 :: 		PORTC.F6=1;
0x0048	0x1707      	BSF        PORTC, 6
;final_code_3.c,164 :: 		PORTC.F4=1;    //Right motor forward
0x0049	0x1607      	BSF        PORTC, 4
;final_code_3.c,165 :: 		PORTC.F5=1;
0x004A	0x1687      	BSF        PORTC, 5
;final_code_3.c,166 :: 		}
0x004B	0x0008      	RETURN
; end of _stopAll
_rotateLeft:
;final_code_3.c,49 :: 		void rotateLeft(){
;final_code_3.c,50 :: 		PORTC.F3=0;
0x004C	0x1283      	BCF        STATUS, 5
0x004D	0x1303      	BCF        STATUS, 6
0x004E	0x1187      	BCF        PORTC, 3
;final_code_3.c,51 :: 		PORTC.F4=1;
0x004F	0x1607      	BSF        PORTC, 4
;final_code_3.c,52 :: 		PORTC.F5=0;
0x0050	0x1287      	BCF        PORTC, 5
;final_code_3.c,53 :: 		PORTC.F6=1;
0x0051	0x1707      	BSF        PORTC, 6
;final_code_3.c,54 :: 		rotationMode=1;
0x0052	0x3001      	MOVLW      1
0x0053	0x00AD      	MOVWF      _rotationMode
0x0054	0x3000      	MOVLW      0
0x0055	0x00AE      	MOVWF      _rotationMode+1
;final_code_3.c,55 :: 		}
0x0056	0x0008      	RETURN
; end of _rotateLeft
_rotateRight:
;final_code_3.c,57 :: 		void rotateRight(){
;final_code_3.c,58 :: 		PORTC.F3=1;
0x0057	0x1283      	BCF        STATUS, 5
0x0058	0x1303      	BCF        STATUS, 6
0x0059	0x1587      	BSF        PORTC, 3
;final_code_3.c,59 :: 		PORTC.F4=0;
0x005A	0x1207      	BCF        PORTC, 4
;final_code_3.c,60 :: 		PORTC.F5=1;
0x005B	0x1687      	BSF        PORTC, 5
;final_code_3.c,61 :: 		PORTC.F6=0;
0x005C	0x1307      	BCF        PORTC, 6
;final_code_3.c,62 :: 		rotationMode=2;
0x005D	0x3002      	MOVLW      2
0x005E	0x00AD      	MOVWF      _rotationMode
0x005F	0x3000      	MOVLW      0
0x0060	0x00AE      	MOVWF      _rotationMode+1
;final_code_3.c,63 :: 		}
0x0061	0x0008      	RETURN
; end of _rotateRight
_PWM1_Set_Duty:
;__Lib_PWM_c21.c,40 :: 		
;__Lib_PWM_c21.c,44 :: 		
0x0062	0x1683      	BSF        STATUS, 5
0x0063	0x1303      	BCF        STATUS, 6
0x0064	0x0812      	MOVF       PR2, 0
0x0065	0x3E01      	ADDLW      1
0x0066	0x00F0      	MOVWF      R0
0x0067	0x01F1      	CLRF       R0+1
0x0068	0x1803      	BTFSC      STATUS, 0
0x0069	0x0AF1      	INCF       R0+1, 1
0x006A	0x1283      	BCF        STATUS, 5
0x006B	0x083D      	MOVF       FARG_PWM1_Set_Duty_new_duty, 0
0x006C	0x00F4      	MOVWF      R4
0x006D	0x01F5      	CLRF       R4+1
0x006E	0x201A      	CALL       _Mul_16x16_U
0x006F	0x3006      	MOVLW      6
0x0070	0x00F2      	MOVWF      R2
0x0071	0x0870      	MOVF       R0, 0
0x0072	0x00F4      	MOVWF      R4
0x0073	0x0871      	MOVF       R0+1, 0
0x0074	0x00F5      	MOVWF      R4+1
0x0075	0x0872      	MOVF       R2, 0
L__PWM1_Set_Duty4:
0x0076	0x1903      	BTFSC      STATUS, 2
0x0077	0x287D      	GOTO       L__PWM1_Set_Duty5
0x0078	0x0CF5      	RRF        R4+1, 1
0x0079	0x0CF4      	RRF        R4, 1
0x007A	0x13F5      	BCF        R4+1, 7
0x007B	0x3EFF      	ADDLW      255
0x007C	0x2876      	GOTO       L__PWM1_Set_Duty4
L__PWM1_Set_Duty5:
;__Lib_PWM_c21.c,45 :: 		
0x007D	0x3004      	MOVLW      4
0x007E	0x00F1      	MOVWF      R1
0x007F	0x0874      	MOVF       R4, 0
0x0080	0x00F0      	MOVWF      R0
0x0081	0x0871      	MOVF       R1, 0
L__PWM1_Set_Duty6:
0x0082	0x1903      	BTFSC      STATUS, 2
0x0083	0x2888      	GOTO       L__PWM1_Set_Duty7
0x0084	0x0DF0      	RLF        R0, 1
0x0085	0x1070      	BCF        R0, 0
0x0086	0x3EFF      	ADDLW      255
0x0087	0x2882      	GOTO       L__PWM1_Set_Duty6
L__PWM1_Set_Duty7:
0x0088	0x1283      	BCF        STATUS, 5
0x0089	0x1303      	BCF        STATUS, 6
0x008A	0x3030      	MOVLW      48
0x008B	0x0570      	ANDWF      R0, 0
0x008C	0x00F3      	MOVWF      R3
;__Lib_PWM_c21.c,46 :: 		
0x008D	0x0874      	MOVF       R4, 0
0x008E	0x00F0      	MOVWF      R0
0x008F	0x0875      	MOVF       R4+1, 0
0x0090	0x00F1      	MOVWF      R0+1
0x0091	0x0CF1      	RRF        R0+1, 1
0x0092	0x0CF0      	RRF        R0, 1
0x0093	0x13F1      	BCF        R0+1, 7
0x0094	0x0CF1      	RRF        R0+1, 1
0x0095	0x0CF0      	RRF        R0, 1
0x0096	0x13F1      	BCF        R0+1, 7
0x0097	0x0870      	MOVF       R0, 0
0x0098	0x0095      	MOVWF      CCPR1L
;__Lib_PWM_c21.c,47 :: 		
0x0099	0x300F      	MOVLW      15
0x009A	0x0597      	ANDWF      CCP1CON, 1
;__Lib_PWM_c21.c,48 :: 		
0x009B	0x0873      	MOVF       R3, 0
0x009C	0x0497      	IORWF      CCP1CON, 1
;__Lib_PWM_c21.c,49 :: 		
0x009D	0x0008      	RETURN
; end of _PWM1_Set_Duty
_____DoICP:
;__Lib_System.c,6 :: 		
;__Lib_System.c,9 :: 		
0x009E	0x1283      	BCF        STATUS, 5
0x009F	0x1303      	BCF        STATUS, 6
0x00A0	0x0836      	MOVF       ___DoICPAddr+1, 0
0x00A1	0x008A      	MOVWF      PCLATH
;__Lib_System.c,10 :: 		
0x00A2	0x0835      	MOVF       ___DoICPAddr, 0
0x00A3	0x0082      	MOVWF      PCL
;__Lib_System.c,12 :: 		
0x00A4	0x0008      	RETURN
; end of _____DoICP
_PWM2_Set_Duty:
;__Lib_PWM_c21.c,8 :: 		
;__Lib_PWM_c21.c,12 :: 		
0x00A5	0x1683      	BSF        STATUS, 5
0x00A6	0x1303      	BCF        STATUS, 6
0x00A7	0x0812      	MOVF       PR2, 0
0x00A8	0x3E01      	ADDLW      1
0x00A9	0x00F0      	MOVWF      R0
0x00AA	0x01F1      	CLRF       R0+1
0x00AB	0x1803      	BTFSC      STATUS, 0
0x00AC	0x0AF1      	INCF       R0+1, 1
0x00AD	0x1283      	BCF        STATUS, 5
0x00AE	0x083D      	MOVF       FARG_PWM2_Set_Duty_new_duty, 0
0x00AF	0x00F4      	MOVWF      R4
0x00B0	0x01F5      	CLRF       R4+1
0x00B1	0x201A      	CALL       _Mul_16x16_U
0x00B2	0x3006      	MOVLW      6
0x00B3	0x00F2      	MOVWF      R2
0x00B4	0x0870      	MOVF       R0, 0
0x00B5	0x00F4      	MOVWF      R4
0x00B6	0x0871      	MOVF       R0+1, 0
0x00B7	0x00F5      	MOVWF      R4+1
0x00B8	0x0872      	MOVF       R2, 0
L__PWM2_Set_Duty0:
0x00B9	0x1903      	BTFSC      STATUS, 2
0x00BA	0x28C0      	GOTO       L__PWM2_Set_Duty1
0x00BB	0x0CF5      	RRF        R4+1, 1
0x00BC	0x0CF4      	RRF        R4, 1
0x00BD	0x13F5      	BCF        R4+1, 7
0x00BE	0x3EFF      	ADDLW      255
0x00BF	0x28B9      	GOTO       L__PWM2_Set_Duty0
L__PWM2_Set_Duty1:
;__Lib_PWM_c21.c,13 :: 		
0x00C0	0x3004      	MOVLW      4
0x00C1	0x00F1      	MOVWF      R1
0x00C2	0x0874      	MOVF       R4, 0
0x00C3	0x00F0      	MOVWF      R0
0x00C4	0x0871      	MOVF       R1, 0
L__PWM2_Set_Duty2:
0x00C5	0x1903      	BTFSC      STATUS, 2
0x00C6	0x28CB      	GOTO       L__PWM2_Set_Duty3
0x00C7	0x0DF0      	RLF        R0, 1
0x00C8	0x1070      	BCF        R0, 0
0x00C9	0x3EFF      	ADDLW      255
0x00CA	0x28C5      	GOTO       L__PWM2_Set_Duty2
L__PWM2_Set_Duty3:
0x00CB	0x1283      	BCF        STATUS, 5
0x00CC	0x1303      	BCF        STATUS, 6
0x00CD	0x3030      	MOVLW      48
0x00CE	0x0570      	ANDWF      R0, 0
0x00CF	0x00F3      	MOVWF      R3
;__Lib_PWM_c21.c,14 :: 		
0x00D0	0x0874      	MOVF       R4, 0
0x00D1	0x00F0      	MOVWF      R0
0x00D2	0x0875      	MOVF       R4+1, 0
0x00D3	0x00F1      	MOVWF      R0+1
0x00D4	0x0CF1      	RRF        R0+1, 1
0x00D5	0x0CF0      	RRF        R0, 1
0x00D6	0x13F1      	BCF        R0+1, 7
0x00D7	0x0CF1      	RRF        R0+1, 1
0x00D8	0x0CF0      	RRF        R0, 1
0x00D9	0x13F1      	BCF        R0+1, 7
0x00DA	0x0870      	MOVF       R0, 0
0x00DB	0x009B      	MOVWF      CCPR2L
;__Lib_PWM_c21.c,15 :: 		
0x00DC	0x300F      	MOVLW      15
0x00DD	0x059D      	ANDWF      CCP2CON, 1
;__Lib_PWM_c21.c,16 :: 		
0x00DE	0x0873      	MOVF       R3, 0
0x00DF	0x049D      	IORWF      CCP2CON, 1
;__Lib_PWM_c21.c,17 :: 		
0x00E0	0x0008      	RETURN
; end of _PWM2_Set_Duty
_PWM2_Start:
;__Lib_PWM_c21.c,19 :: 		
;__Lib_PWM_c21.c,20 :: 		
0x00E1	0x1683      	BSF        STATUS, 5
0x00E2	0x1303      	BCF        STATUS, 6
0x00E3	0x1087      	BCF        TRISC1_bit, 1
;__Lib_PWM_c21.c,21 :: 		
0x00E4	0x1283      	BCF        STATUS, 5
0x00E5	0x1512      	BSF        T2CON, 2
;__Lib_PWM_c21.c,22 :: 		
0x00E6	0x300C      	MOVLW      12
0x00E7	0x049D      	IORWF      CCP2CON, 1
;__Lib_PWM_c21.c,23 :: 		
0x00E8	0x0008      	RETURN
; end of _PWM2_Start
_init_timer:
;final_code_3.c,815 :: 		void init_timer(){
;final_code_3.c,816 :: 		OPTION_REG = 0b10000101; //Timer0 interrupts are configured
0x00E9	0x3085      	MOVLW      133
0x00EA	0x1683      	BSF        STATUS, 5
0x00EB	0x1303      	BCF        STATUS, 6
0x00EC	0x0081      	MOVWF      OPTION_REG
;final_code_3.c,817 :: 		INTCON = 0b10100000; //Interrupts are enabled.
0x00ED	0x30A0      	MOVLW      160
0x00EE	0x008B      	MOVWF      INTCON
;final_code_3.c,818 :: 		}
0x00EF	0x0008      	RETURN
; end of _init_timer
_straight_com:
;final_code_3.c,1539 :: 		void straight_com(){
;final_code_3.c,1541 :: 		PWM1_Set_Duty(180);
0x00F0	0x30B4      	MOVLW      180
0x00F1	0x1283      	BCF        STATUS, 5
0x00F2	0x1303      	BCF        STATUS, 6
0x00F3	0x00BD      	MOVWF      FARG_PWM1_Set_Duty_new_duty
0x00F4	0x2062      	CALL       _PWM1_Set_Duty
;final_code_3.c,1542 :: 		PWM2_Set_Duty(180);
0x00F5	0x30B4      	MOVLW      180
0x00F6	0x00BD      	MOVWF      FARG_PWM2_Set_Duty_new_duty
0x00F7	0x20A5      	CALL       _PWM2_Set_Duty
;final_code_3.c,1545 :: 		if(PORTD.F3==1 && PORTD.F4==1){
0x00F8	0x1D88      	BTFSS      PORTD, 3
0x00F9	0x290B      	GOTO       L_straight_com450
0x00FA	0x1E08      	BTFSS      PORTD, 4
0x00FB	0x290B      	GOTO       L_straight_com450
L__straight_com526:
;final_code_3.c,1546 :: 		stopAll();
0x00FC	0x2045      	CALL       _stopAll
;final_code_3.c,1547 :: 		delay_ms(500);
0x00FD	0x300D      	MOVLW      13
0x00FE	0x00FB      	MOVWF      R11
0x00FF	0x30AF      	MOVLW      175
0x0100	0x00FC      	MOVWF      R12
0x0101	0x30B6      	MOVLW      182
0x0102	0x00FD      	MOVWF      R13
L_straight_com451:
0x0103	0x0BFD      	DECFSZ     R13, 1
0x0104	0x2903      	GOTO       L_straight_com451
0x0105	0x0BFC      	DECFSZ     R12, 1
0x0106	0x2903      	GOTO       L_straight_com451
0x0107	0x0BFB      	DECFSZ     R11, 1
0x0108	0x2903      	GOTO       L_straight_com451
0x0109	0x0000      	NOP
;final_code_3.c,1548 :: 		}else if(PORTD.F4==1 && PORTD.F3==0){
0x010A	0x2922      	GOTO       L_straight_com452
L_straight_com450:
0x010B	0x1E08      	BTFSS      PORTD, 4
0x010C	0x2917      	GOTO       L_straight_com455
0x010D	0x1988      	BTFSC      PORTD, 3
0x010E	0x2917      	GOTO       L_straight_com455
L__straight_com525:
;final_code_3.c,1549 :: 		PWM1_Set_Duty(180);
0x010F	0x30B4      	MOVLW      180
0x0110	0x00BD      	MOVWF      FARG_PWM1_Set_Duty_new_duty
0x0111	0x2062      	CALL       _PWM1_Set_Duty
;final_code_3.c,1550 :: 		PWM2_Set_Duty(180);
0x0112	0x30B4      	MOVLW      180
0x0113	0x00BD      	MOVWF      FARG_PWM2_Set_Duty_new_duty
0x0114	0x20A5      	CALL       _PWM2_Set_Duty
;final_code_3.c,1551 :: 		rotateRight();
0x0115	0x2057      	CALL       _rotateRight
;final_code_3.c,1552 :: 		}else if(PORTD.F4==0 && PORTD.F3==1){
0x0116	0x2922      	GOTO       L_straight_com456
L_straight_com455:
0x0117	0x1A08      	BTFSC      PORTD, 4
0x0118	0x2922      	GOTO       L_straight_com459
0x0119	0x1D88      	BTFSS      PORTD, 3
0x011A	0x2922      	GOTO       L_straight_com459
L__straight_com524:
;final_code_3.c,1553 :: 		PWM1_Set_Duty(180);
0x011B	0x30B4      	MOVLW      180
0x011C	0x00BD      	MOVWF      FARG_PWM1_Set_Duty_new_duty
0x011D	0x2062      	CALL       _PWM1_Set_Duty
;final_code_3.c,1554 :: 		PWM2_Set_Duty(180);
0x011E	0x30B4      	MOVLW      180
0x011F	0x00BD      	MOVWF      FARG_PWM2_Set_Duty_new_duty
0x0120	0x20A5      	CALL       _PWM2_Set_Duty
;final_code_3.c,1555 :: 		rotateLeft();
0x0121	0x204C      	CALL       _rotateLeft
;final_code_3.c,1556 :: 		}
L_straight_com459:
L_straight_com456:
L_straight_com452:
;final_code_3.c,1559 :: 		}
0x0122	0x0008      	RETURN
; end of _straight_com
_PWM1_Start:
;__Lib_PWM_c21.c,51 :: 		
;__Lib_PWM_c21.c,52 :: 		
0x0123	0x1683      	BSF        STATUS, 5
0x0124	0x1303      	BCF        STATUS, 6
0x0125	0x1107      	BCF        TRISC2_bit, 2
;__Lib_PWM_c21.c,53 :: 		
0x0126	0x1283      	BCF        STATUS, 5
0x0127	0x1512      	BSF        T2CON, 2
;__Lib_PWM_c21.c,54 :: 		
0x0128	0x300C      	MOVLW      12
0x0129	0x0497      	IORWF      CCP1CON, 1
;__Lib_PWM_c21.c,55 :: 		
0x012A	0x0008      	RETURN
; end of _PWM1_Start
_mediumSpeed:
;final_code_3.c,34 :: 		void mediumSpeed(){
;final_code_3.c,35 :: 		speed =230;
0x012B	0x30E6      	MOVLW      230
0x012C	0x1283      	BCF        STATUS, 5
0x012D	0x1303      	BCF        STATUS, 6
0x012E	0x00A1      	MOVWF      _speed
0x012F	0x01A2      	CLRF       _speed+1
;final_code_3.c,36 :: 		speed1=200;
0x0130	0x30C8      	MOVLW      200
0x0131	0x00A3      	MOVWF      _speed1
0x0132	0x01A4      	CLRF       _speed1+1
;final_code_3.c,37 :: 		speed2=225;
0x0133	0x30E1      	MOVLW      225
0x0134	0x00A5      	MOVWF      _speed2
0x0135	0x01A6      	CLRF       _speed2+1
;final_code_3.c,38 :: 		speed3=205;     //speed1=225;
0x0136	0x30CD      	MOVLW      205
0x0137	0x00AF      	MOVWF      _speed3
0x0138	0x01B0      	CLRF       _speed3+1
;final_code_3.c,39 :: 		}
0x0139	0x0008      	RETURN
; end of _mediumSpeed
_encoder:
;final_code_3.c,531 :: 		void encoder(){
;final_code_3.c,532 :: 		if(PORTC.F0==1){
0x013A	0x1283      	BCF        STATUS, 5
0x013B	0x1303      	BCF        STATUS, 6
0x013C	0x1C07      	BTFSS      PORTC, 0
0x013D	0x2940      	GOTO       L_encoder170
;final_code_3.c,533 :: 		tm1st= 0;
0x013E	0x01A7      	CLRF       _tm1st
0x013F	0x01A8      	CLRF       _tm1st+1
;final_code_3.c,535 :: 		}
L_encoder170:
;final_code_3.c,536 :: 		if(PORTC.F0==0&&tm1st==0){
0x0140	0x1807      	BTFSC      PORTC, 0
0x0141	0x2969      	GOTO       L_encoder173
0x0142	0x3000      	MOVLW      0
0x0143	0x0628      	XORWF      _tm1st+1, 0
0x0144	0x1D03      	BTFSS      STATUS, 2
0x0145	0x2948      	GOTO       L__encoder676
0x0146	0x3000      	MOVLW      0
0x0147	0x0627      	XORWF      _tm1st, 0
L__encoder676:
0x0148	0x1D03      	BTFSS      STATUS, 2
0x0149	0x2969      	GOTO       L_encoder173
L__encoder501:
;final_code_3.c,537 :: 		tm1st= 1;
0x014A	0x3001      	MOVLW      1
0x014B	0x00A7      	MOVWF      _tm1st
0x014C	0x3000      	MOVLW      0
0x014D	0x00A8      	MOVWF      _tm1st+1
;final_code_3.c,538 :: 		TMR1_value= TMR1_value+1;
0x014E	0x0AB1      	INCF       _TMR1_value, 1
0x014F	0x1903      	BTFSC      STATUS, 2
0x0150	0x0AB2      	INCF       _TMR1_value+1, 1
;final_code_3.c,539 :: 		if(rotationMode==1){
0x0151	0x3000      	MOVLW      0
0x0152	0x062E      	XORWF      _rotationMode+1, 0
0x0153	0x1D03      	BTFSS      STATUS, 2
0x0154	0x2957      	GOTO       L__encoder677
0x0155	0x3001      	MOVLW      1
0x0156	0x062D      	XORWF      _rotationMode, 0
L__encoder677:
0x0157	0x1D03      	BTFSS      STATUS, 2
0x0158	0x295D      	GOTO       L_encoder174
;final_code_3.c,540 :: 		clockEncoder=clockEncoder+1;
0x0159	0x0AA9      	INCF       _clockEncoder, 1
0x015A	0x1903      	BTFSC      STATUS, 2
0x015B	0x0AAA      	INCF       _clockEncoder+1, 1
;final_code_3.c,541 :: 		}else if(rotationMode==2){
0x015C	0x2969      	GOTO       L_encoder175
L_encoder174:
0x015D	0x3000      	MOVLW      0
0x015E	0x062E      	XORWF      _rotationMode+1, 0
0x015F	0x1D03      	BTFSS      STATUS, 2
0x0160	0x2963      	GOTO       L__encoder678
0x0161	0x3002      	MOVLW      2
0x0162	0x062D      	XORWF      _rotationMode, 0
L__encoder678:
0x0163	0x1D03      	BTFSS      STATUS, 2
0x0164	0x2969      	GOTO       L_encoder176
;final_code_3.c,542 :: 		clockEncoder=clockEncoder-1;
0x0165	0x3001      	MOVLW      1
0x0166	0x02A9      	SUBWF      _clockEncoder, 1
0x0167	0x1C03      	BTFSS      STATUS, 0
0x0168	0x03AA      	DECF       _clockEncoder+1, 1
;final_code_3.c,543 :: 		}
L_encoder176:
L_encoder175:
;final_code_3.c,544 :: 		}
L_encoder173:
;final_code_3.c,546 :: 		if(PORTA.F4==1){
0x0169	0x1E05      	BTFSS      PORTA, 4
0x016A	0x296D      	GOTO       L_encoder177
;final_code_3.c,547 :: 		tm0st= 0;
0x016B	0x01AB      	CLRF       _tm0st
0x016C	0x01AC      	CLRF       _tm0st+1
;final_code_3.c,548 :: 		}
L_encoder177:
;final_code_3.c,549 :: 		if(PORTA.F4==0&&tm0st==0){
0x016D	0x1A05      	BTFSC      PORTA, 4
0x016E	0x297E      	GOTO       L_encoder180
0x016F	0x3000      	MOVLW      0
0x0170	0x062C      	XORWF      _tm0st+1, 0
0x0171	0x1D03      	BTFSS      STATUS, 2
0x0172	0x2975      	GOTO       L__encoder679
0x0173	0x3000      	MOVLW      0
0x0174	0x062B      	XORWF      _tm0st, 0
L__encoder679:
0x0175	0x1D03      	BTFSS      STATUS, 2
0x0176	0x297E      	GOTO       L_encoder180
L__encoder500:
;final_code_3.c,550 :: 		tm0st= 1;
0x0177	0x3001      	MOVLW      1
0x0178	0x00AB      	MOVWF      _tm0st
0x0179	0x3000      	MOVLW      0
0x017A	0x00AC      	MOVWF      _tm0st+1
;final_code_3.c,551 :: 		TMR0_value= TMR0_value+1;
0x017B	0x0AB3      	INCF       _TMR0_value, 1
0x017C	0x1903      	BTFSC      STATUS, 2
0x017D	0x0AB4      	INCF       _TMR0_value+1, 1
;final_code_3.c,552 :: 		}
L_encoder180:
;final_code_3.c,553 :: 		}
0x017E	0x0008      	RETURN
; end of _encoder
_initEncoder:
;final_code_3.c,555 :: 		void initEncoder(){
;final_code_3.c,556 :: 		TMR1_value=0;
0x017F	0x1283      	BCF        STATUS, 5
0x0180	0x1303      	BCF        STATUS, 6
0x0181	0x01B1      	CLRF       _TMR1_value
0x0182	0x01B2      	CLRF       _TMR1_value+1
;final_code_3.c,557 :: 		TMR0_value=0;
0x0183	0x01B3      	CLRF       _TMR0_value
0x0184	0x01B4      	CLRF       _TMR0_value+1
;final_code_3.c,558 :: 		}
0x0185	0x0008      	RETURN
; end of _initEncoder
_PWM1_Init:
;__Lib_PWM_c21.c,33 :: 		
;__Lib_PWM_c21.c,34 :: 		
;__Lib_PWM_c21.c,35 :: 		
0x0186	0x1283      	BCF        STATUS, 5
0x0187	0x1303      	BCF        STATUS, 6
0x0188	0x0195      	CLRF       CCPR1L
;__Lib_PWM_c21.c,36 :: 		
0x0189	0x1217      	BCF        CCP1CON, 4
;__Lib_PWM_c21.c,37 :: 		
0x018A	0x1297      	BCF        CCP1CON, 5
;__Lib_PWM_c21.c,38 :: 		
0x018B	0x0008      	RETURN
; end of _PWM1_Init
___CC2DW:
;__Lib_System.c,24 :: 		
;__Lib_System.c,27 :: 		
_CC2D_Loop1:
;__Lib_System.c,29 :: 		
0x018C	0x209E      	CALL       _____DoICP
0x018D	0x118A      	BCF        PCLATH, 3
0x018E	0x120A      	BCF        PCLATH, 4
;__Lib_System.c,31 :: 		
0x018F	0x0080      	MOVWF      INDF
;__Lib_System.c,32 :: 		
0x0190	0x0A84      	INCF       FSR, 1
;__Lib_System.c,33 :: 		
0x0191	0x0AB5      	INCF       ___DoICPAddr, 1
;__Lib_System.c,35 :: 		
0x0192	0x1903      	BTFSC      STATUS, 2
;__Lib_System.c,36 :: 		
0x0193	0x0AB6      	INCF       ___DoICPAddr+1, 1
;__Lib_System.c,37 :: 		
0x0194	0x03F0      	DECF       R0, 1
;__Lib_System.c,39 :: 		
0x0195	0x1D03      	BTFSS      STATUS, 2
;__Lib_System.c,40 :: 		
0x0196	0x298C      	GOTO       _CC2D_Loop1
;__Lib_System.c,42 :: 		
0x0197	0x0008      	RETURN
; end of ___CC2DW
_PWM2_Init:
;__Lib_PWM_c21.c,1 :: 		
;__Lib_PWM_c21.c,2 :: 		
;__Lib_PWM_c21.c,3 :: 		
0x0198	0x1283      	BCF        STATUS, 5
0x0199	0x1303      	BCF        STATUS, 6
0x019A	0x019B      	CLRF       CCPR2L
;__Lib_PWM_c21.c,4 :: 		
0x019B	0x121D      	BCF        CCP2CON, 4
;__Lib_PWM_c21.c,5 :: 		
0x019C	0x129D      	BCF        CCP2CON, 5
;__Lib_PWM_c21.c,6 :: 		
0x019D	0x0008      	RETURN
; end of _PWM2_Init
_main:
0x019E	0x30E6      	MOVLW      230
0x019F	0x1283      	BCF        STATUS, 5
0x01A0	0x1303      	BCF        STATUS, 6
0x01A1	0x00A1      	MOVWF      _speed
0x01A2	0x01A2      	CLRF       34
0x01A3	0x30C8      	MOVLW      200
0x01A4	0x00A3      	MOVWF      _speed1
0x01A5	0x01A4      	CLRF       36
0x01A6	0x30E1      	MOVLW      225
0x01A7	0x00A5      	MOVWF      _speed2
0x01A8	0x01A6      	CLRF       38
0x01A9	0x01A7      	CLRF       _tm1st
0x01AA	0x01A8      	CLRF       40
0x01AB	0x01A9      	CLRF       _clockEncoder
0x01AC	0x01AA      	CLRF       42
0x01AD	0x01AB      	CLRF       _tm0st
0x01AE	0x01AC      	CLRF       44
0x01AF	0x01AD      	CLRF       _rotationMode
0x01B0	0x01AE      	CLRF       46
0x01B1	0x30CD      	MOVLW      205
0x01B2	0x00AF      	MOVWF      _speed3
0x01B3	0x01B0      	CLRF       48
0x01B4	0x01B1      	CLRF       _TMR1_value
0x01B5	0x01B2      	CLRF       50
0x01B6	0x01B3      	CLRF       _TMR0_value
0x01B7	0x01B4      	CLRF       52
;final_code_3.c,1564 :: 		void main() {
;final_code_3.c,1565 :: 		TRISD=0b11000000;
0x01B8	0x30C0      	MOVLW      192
0x01B9	0x1683      	BSF        STATUS, 5
0x01BA	0x0088      	MOVWF      TRISD
;final_code_3.c,1566 :: 		TRISC=0b10000001;
0x01BB	0x3081      	MOVLW      129
0x01BC	0x0087      	MOVWF      TRISC
;final_code_3.c,1567 :: 		ADCON1=0x06; // Configure all input and output in to digital
0x01BD	0x3006      	MOVLW      6
0x01BE	0x009F      	MOVWF      ADCON1
;final_code_3.c,1568 :: 		TRISA.F4=1;
0x01BF	0x1605      	BSF        TRISA, 4
;final_code_3.c,1572 :: 		init_timer();
0x01C0	0x20E9      	CALL       _init_timer
;final_code_3.c,1573 :: 		TRISB.F6=0;
0x01C1	0x1306      	BCF        TRISB, 6
;final_code_3.c,1574 :: 		TRISB.F7=0;
0x01C2	0x1386      	BCF        TRISB, 7
;final_code_3.c,1576 :: 		PWM1_Init(5000);
0x01C3	0x1283      	BCF        STATUS, 5
0x01C4	0x1412      	BSF        T2CON, 0
0x01C5	0x1092      	BCF        T2CON, 1
0x01C6	0x30F9      	MOVLW      249
0x01C7	0x1683      	BSF        STATUS, 5
0x01C8	0x0092      	MOVWF      PR2
0x01C9	0x2186      	CALL       _PWM1_Init
;final_code_3.c,1577 :: 		PWM2_Init(5000);
0x01CA	0x1412      	BSF        T2CON, 0
0x01CB	0x1092      	BCF        T2CON, 1
0x01CC	0x30F9      	MOVLW      249
0x01CD	0x1683      	BSF        STATUS, 5
0x01CE	0x0092      	MOVWF      PR2
0x01CF	0x2198      	CALL       _PWM2_Init
;final_code_3.c,1578 :: 		PWM1_Set_Duty(230);
0x01D0	0x30E6      	MOVLW      230
0x01D1	0x00BD      	MOVWF      FARG_PWM1_Set_Duty_new_duty
0x01D2	0x2062      	CALL       _PWM1_Set_Duty
;final_code_3.c,1579 :: 		PWM2_Set_Duty(230);
0x01D3	0x30E6      	MOVLW      230
0x01D4	0x00BD      	MOVWF      FARG_PWM2_Set_Duty_new_duty
0x01D5	0x20A5      	CALL       _PWM2_Set_Duty
;final_code_3.c,1580 :: 		PWM1_Start();
0x01D6	0x2123      	CALL       _PWM1_Start
;final_code_3.c,1581 :: 		PWM2_Start();
0x01D7	0x20E1      	CALL       _PWM2_Start
;final_code_3.c,1582 :: 		TRISA.F4=1;
0x01D8	0x1683      	BSF        STATUS, 5
0x01D9	0x1605      	BSF        TRISA, 4
;final_code_3.c,1583 :: 		TRISC.F0=1;
0x01DA	0x1407      	BSF        TRISC, 0
;final_code_3.c,1585 :: 		PORTD.F7=1;
0x01DB	0x1283      	BCF        STATUS, 5
0x01DC	0x1788      	BSF        PORTD, 7
;final_code_3.c,1586 :: 		TRISD.F7 = 1;
0x01DD	0x1683      	BSF        STATUS, 5
0x01DE	0x1788      	BSF        TRISD, 7
;final_code_3.c,1587 :: 		TRISD.F0=1;
0x01DF	0x1408      	BSF        TRISD, 0
;final_code_3.c,1588 :: 		TRISD.F1=1;
0x01E0	0x1488      	BSF        TRISD, 1
;final_code_3.c,1589 :: 		TRISD.F2=1;
0x01E1	0x1508      	BSF        TRISD, 2
;final_code_3.c,1590 :: 		TRISC.F3=0;
0x01E2	0x1187      	BCF        TRISC, 3
;final_code_3.c,1591 :: 		TRISC.F4=0;
0x01E3	0x1207      	BCF        TRISC, 4
;final_code_3.c,1592 :: 		TRISC.F5=0;
0x01E4	0x1287      	BCF        TRISC, 5
;final_code_3.c,1593 :: 		TRISC.F6=0;
0x01E5	0x1307      	BCF        TRISC, 6
;final_code_3.c,1594 :: 		TRISD.F3=1;
0x01E6	0x1588      	BSF        TRISD, 3
;final_code_3.c,1595 :: 		TRISD.F4=1;
0x01E7	0x1608      	BSF        TRISD, 4
;final_code_3.c,1596 :: 		initEncoder();
0x01E8	0x217F      	CALL       _initEncoder
;final_code_3.c,1601 :: 		mediumSpeed();
0x01E9	0x212B      	CALL       _mediumSpeed
;final_code_3.c,1603 :: 		while(1){
L_main460:
;final_code_3.c,1638 :: 		straight_com();
0x01EA	0x20F0      	CALL       _straight_com
;final_code_3.c,1639 :: 		Delay_us(100);
0x01EB	0x30A6      	MOVLW      166
0x01EC	0x00FD      	MOVWF      R13
L_main462:
0x01ED	0x0BFD      	DECFSZ     R13, 1
0x01EE	0x29ED      	GOTO       L_main462
0x01EF	0x0000      	NOP
;final_code_3.c,1646 :: 		}
0x01F0	0x29EA      	GOTO       L_main460
;final_code_3.c,1649 :: 		}
0x01F1	0x29F1      	GOTO       $+0
; end of _main
Symbol List:
//** Routines locations **
//ADDRESS    SIZE    PROCEDURE
//----------------------------------------------
0x0004      [22]    _interrupt
0x001A      [43]    _Mul_16x16_U
0x0045       [7]    _stopAll
0x004C      [11]    _rotateLeft
0x0057      [11]    _rotateRight
0x0062      [60]    _PWM1_Set_Duty
0x009E       [7]    _____DoICP
0x00A5      [60]    _PWM2_Set_Duty
0x00E1       [8]    _PWM2_Start
0x00E9       [7]    _init_timer
0x00F0      [51]    _straight_com
0x0123       [8]    _PWM1_Start
0x012B      [15]    _mediumSpeed
0x013A      [69]    _encoder
0x017F       [7]    _initEncoder
0x0186       [6]    _PWM1_Init
0x018C      [12]    ___CC2DW
0x0198       [6]    _PWM2_Init
0x019E      [84]    _main
//** Variables locations ** 
//ADDRESS    SIZE    VARIABLE
//----------------------------------------------
0x0000       [1]    INDF
0x0001       [1]    TMR0
0x0002       [1]    PCL
0x0003       [0]    NOT_PD_bit
0x0003       [0]    NOT_TO_bit
0x0003       [0]    RP0_bit
0x0003       [0]    DC_bit
0x0003       [0]    Z_bit
0x0003       [0]    C_bit
0x0003       [1]    STATUS
0x0003       [0]    IRP_bit
0x0003       [0]    RP1_bit
0x0004       [1]    FSR
0x0004       [1]    FSRPTR
0x0005       [0]    RA2_bit
0x0005       [0]    RA4_bit
0x0005       [0]    RA3_bit
0x0005       [1]    PORTA
0x0005       [0]    RA0_bit
0x0005       [0]    RA1_bit
0x0005       [0]    RA7_bit
0x0005       [0]    RA5_bit
0x0005       [0]    RA6_bit
0x0006       [0]    RB2_bit
0x0006       [0]    RB5_bit
0x0006       [0]    RB7_bit
0x0006       [0]    RB3_bit
0x0006       [0]    RB6_bit
0x0006       [1]    PORTB
0x0006       [0]    RB1_bit
0x0006       [0]    RB0_bit
0x0006       [0]    RB4_bit
0x0007       [0]    RC4_bit
0x0007       [0]    RC2_bit
0x0007       [0]    RC5_bit
0x0007       [0]    RC7_bit
0x0007       [0]    RC0_bit
0x0007       [0]    RC3_bit
0x0007       [0]    RC6_bit
0x0007       [1]    PORTC
0x0007       [0]    RC1_bit
0x0008       [0]    RD4_bit
0x0008       [0]    RD5_bit
0x0008       [0]    RD6_bit
0x0008       [0]    RD1_bit
0x0008       [0]    RD2_bit
0x0008       [1]    PORTD
0x0008       [0]    RD0_bit
0x0008       [0]    RD7_bit
0x0008       [0]    RD3_bit
0x0009       [0]    RE2_bit
0x0009       [0]    RE1_bit
0x0009       [0]    RE3_bit
0x0009       [0]    RE0_bit
0x0009       [1]    PORTE
0x000A       [1]    PCLATH
0x000B       [0]    T0IE_bit
0x000B       [0]    PEIE_bit
0x000B       [0]    TMR0IE_bit
0x000B       [0]    RBIE_bit
0x000B       [0]    INTE_bit
0x000B       [0]    T0IF_bit
0x000B       [1]    INTCON
0x000B       [0]    RBIF_bit
0x000B       [0]    INTF_bit
0x000B       [0]    GIE_bit
0x000B       [0]    TMR0IF_bit
0x000C       [0]    CCP1IF_bit
0x000C       [0]    SSPIF_bit
0x000C       [0]    TMR1IF_bit
0x000C       [0]    TMR2IF_bit
0x000C       [0]    ADIF_bit
0x000C       [1]    PIR1
0x000C       [0]    TXIF_bit
0x000C       [0]    RCIF_bit
0x000D       [0]    ULPWUIF_bit
0x000D       [1]    PIR2
0x000D       [0]    CCP2IF_bit
0x000D       [0]    C2IF_bit
0x000D       [0]    C1IF_bit
0x000D       [0]    EEIF_bit
0x000D       [0]    BCLIF_bit
0x000D       [0]    OSFIF_bit
0x000E       [1]    TMR1L
0x000F       [1]    TMR1H
0x0010       [0]    T1INSYNC_bit
0x0010       [1]    T1CON
0x0010       [0]    T1SYNC_bit
0x0010       [0]    T1CKPS0_bit
0x0010       [0]    T1OSCEN_bit
0x0010       [0]    TMR1CS_bit
0x0010       [0]    TMR1ON_bit
0x0010       [0]    T1GINV_bit
0x0010       [0]    NOT_T1SYNC_bit
0x0010       [0]    T1CKPS1_bit
0x0010       [0]    TMR1GE_bit
0x0011       [1]    TMR2
0x0012       [0]    TOUTPS3_bit
0x0012       [0]    TMR2ON_bit
0x0012       [0]    TOUTPS2_bit
0x0012       [1]    T2CON
0x0012       [0]    T2CKPS1_bit
0x0012       [0]    TOUTPS0_bit
0x0012       [0]    T2CKPS0_bit
0x0012       [0]    TOUTPS1_bit
0x0013       [1]    SSPBUF
0x0014       [0]    WCOL_bit
0x0014       [0]    SSPOV_bit
0x0014       [0]    SSPM3_bit
0x0014       [0]    SSPM2_bit
0x0014       [1]    SSPCON
0x0014       [0]    SSPEN_bit
0x0014       [0]    CKP_bit
0x0014       [0]    SSPM0_bit
0x0014       [0]    SSPM1_bit
0x0015       [1]    CCPR1L
0x0015       [2]    CCPR1
0x0016       [1]    CCPR1H
0x0017       [1]    CCP1CON
0x0017       [0]    CCP1X_bit
0x0017       [0]    P1M1_bit
0x0017       [0]    DC1B0_bit
0x0017       [0]    P1M0_bit
0x0017       [0]    CCP1M3_bit
0x0017       [0]    CCP1M0_bit
0x0017       [0]    CCP1M2_bit
0x0017       [0]    DC1B1_bit
0x0017       [0]    CCP1M1_bit
0x0017       [0]    CCP1Y_bit
0x0018       [0]    RC9_bit
0x0018       [0]    ADDEN_bit
0x0018       [0]    OERR_bit
0x0018       [0]    NOT_RC8_bit
0x0018       [0]    CREN_bit
0x0018       [0]    SREN_bit
0x0018       [0]    RC8_9_bit
0x0018       [0]    RCD8_bit
0x0018       [0]    SPEN_bit
0x0018       [0]    FERR_bit
0x0018       [1]    RCSTA
0x0018       [0]    RX9D_bit
0x0018       [0]    RX9_bit
0x0019       [1]    TXREG
0x001A       [1]    RCREG
0x001B       [2]    CCPR2
0x001B       [1]    CCPR2L
0x001C       [1]    CCPR2H
0x001D       [0]    DC2B0_bit
0x001D       [0]    CCP2M3_bit
0x001D       [1]    CCP2CON
0x001D       [0]    CCP2M0_bit
0x001D       [0]    CCP2M1_bit
0x001D       [0]    CCP2X_bit
0x001D       [0]    CCP2M2_bit
0x001D       [0]    CCP2Y_bit
0x001D       [0]    DC2B1_bit
0x001E       [1]    ADRESH
0x001F       [0]    GO_DONE_bit
0x001F       [0]    NOT_DONE_bit
0x001F       [0]    ADCS0_bit
0x001F       [0]    ADON_bit
0x001F       [0]    CHS3_bit
0x001F       [0]    GO_bit
0x001F       [1]    ADCON0
0x001F       [0]    CHS1_bit
0x001F       [0]    ADCS1_bit
0x001F       [0]    CHS2_bit
0x001F       [0]    CHS0_bit
0x0021       [2]    _speed
0x0023       [2]    _speed1
0x0025       [2]    _speed2
0x0027       [2]    _tm1st
0x0029       [2]    _clockEncoder
0x002B       [2]    _tm0st
0x002D       [2]    _rotationMode
0x002F       [2]    _speed3
0x0031       [2]    _TMR1_value
0x0033       [2]    _TMR0_value
0x0035       [2]    ___DoICPAddr
0x0037       [1]    ___savePCLATH
0x0038       [1]    ___saveSTATUS
0x0039       [4]    FARG_PWM1_Init_PWM_Freq
0x0039       [4]    FARG_PWM2_Init_PWM_Freq
0x003D       [1]    FARG_PWM2_Set_Duty_new_duty
0x003D       [1]    FARG_PWM1_Set_Duty_new_duty
0x0070       [1]    R0
0x0071       [1]    R1
0x0072       [1]    R2
0x0073       [1]    R3
0x0074       [1]    R4
0x0075       [1]    R5
0x0076       [1]    R6
0x0077       [1]    R7
0x0078       [1]    R8
0x0079       [1]    R9
0x007A       [1]    R10
0x007B       [1]    R11
0x007C       [1]    R12
0x007D       [1]    R13
0x007E       [1]    R14
0x007F       [1]    R15
0x0081       [1]    OPTION_REG
0x0081       [0]    PS2_bit
0x0081       [0]    PS0_bit
0x0081       [0]    PS1_bit
0x0081       [0]    PSA_bit
0x0081       [0]    INTEDG_bit
0x0081       [0]    NOT_RBPU_bit
0x0081       [0]    T0SE_bit
0x0081       [0]    T0CS_bit
0x0085       [1]    TRISA
0x0085       [0]    TRISA2_bit
0x0085       [0]    TRISA7_bit
0x0085       [0]    TRISA0_bit
0x0085       [0]    TRISA1_bit
0x0085       [0]    TRISA4_bit
0x0085       [0]    TRISA5_bit
0x0085       [0]    TRISA3_bit
0x0085       [0]    TRISA6_bit
0x0086       [0]    TRISB4_bit
0x0086       [0]    TRISB3_bit
0x0086       [0]    TRISB0_bit
0x0086       [1]    TRISB
0x0086       [0]    TRISB2_bit
0x0086       [0]    TRISB1_bit
0x0086       [0]    TRISB5_bit
0x0086       [0]    TRISB6_bit
0x0086       [0]    TRISB7_bit
0x0087       [0]    TRISC1_bit
0x0087       [0]    TRISC7_bit
0x0087       [0]    TRISC0_bit
0x0087       [0]    TRISC6_bit
0x0087       [0]    TRISC2_bit
0x0087       [0]    TRISC4_bit
0x0087       [0]    TRISC3_bit
0x0087       [0]    TRISC5_bit
0x0087       [1]    TRISC
0x0088       [0]    TRISD7_bit
0x0088       [0]    TRISD3_bit
0x0088       [1]    TRISD
0x0088       [0]    TRISD0_bit
0x0088       [0]    TRISD4_bit
0x0088       [0]    TRISD6_bit
0x0088       [0]    TRISD2_bit
0x0088       [0]    TRISD1_bit
0x0088       [0]    TRISD5_bit
0x0089       [1]    TRISE
0x0089       [0]    TRISE0_bit
0x0089       [0]    TRISE1_bit
0x0089       [0]    TRISE3_bit
0x0089       [0]    TRISE2_bit
0x008C       [0]    SSPIE_bit
0x008C       [1]    PIE1
0x008C       [0]    TMR1IE_bit
0x008C       [0]    ADIE_bit
0x008C       [0]    TXIE_bit
0x008C       [0]    CCP1IE_bit
0x008C       [0]    RCIE_bit
0x008C       [0]    TMR2IE_bit
0x008D       [1]    PIE2
0x008D       [0]    OSFIE_bit
0x008D       [0]    BCLIE_bit
0x008D       [0]    C1IE_bit
0x008D       [0]    EEIE_bit
0x008D       [0]    CCP2IE_bit
0x008D       [0]    C2IE_bit
0x008D       [0]    ULPWUIE_bit
0x008E       [1]    PCON
0x008E       [0]    NOT_POR_bit
0x008E       [0]    NOT_BO_bit
0x008E       [0]    SBOREN_bit
0x008E       [0]    NOT_BOR_bit
0x008E       [0]    ULPWUE_bit
0x008F       [1]    OSCCON
0x008F       [0]    SCS_bit
0x008F       [0]    LTS_bit
0x008F       [0]    IRCF1_bit
0x008F       [0]    IRCF2_bit
0x008F       [0]    IRCF0_bit
0x008F       [0]    HTS_bit
0x008F       [0]    OSTS_bit
0x0090       [0]    TUN0_bit
0x0090       [0]    TUN1_bit
0x0090       [0]    TUN4_bit
0x0090       [1]    OSCTUNE
0x0090       [0]    TUN3_bit
0x0090       [0]    TUN2_bit
0x0091       [0]    PEN_bit
0x0091       [0]    RSEN_bit
0x0091       [1]    SSPCON2
0x0091       [0]    SEN_bit
0x0091       [0]    ACKSTAT_bit
0x0091       [0]    GCEN_bit
0x0091       [0]    ACKDT_bit
0x0091       [0]    RCEN_bit
0x0091       [0]    ACKEN_bit
0x0092       [1]    PR2
0x0093       [1]    MSK
0x0093       [1]    SSPMSK
0x0093       [1]    SSPADD
0x0094       [0]    R_W_bit
0x0094       [0]    NOT_WRITE_bit
0x0094       [0]    NOT_W_bit
0x0094       [0]    READ_WRITE_bit
0x0094       [1]    SSPSTAT
0x0094       [0]    BF_bit
0x0094       [0]    UA_bit
0x0094       [0]    I2C_READ_bit
0x0094       [0]    NOT_A_bit
0x0094       [0]    NOT_ADDRESS_bit
0x0094       [0]    D_A_bit
0x0094       [0]    I2C_DATA_bit
0x0094       [0]    SMP_bit
0x0094       [0]    CKE_bit
0x0094       [0]    D_bit
0x0094       [0]    I2C_STOP__bit
0x0094       [0]    P_bit
0x0094       [0]    DATA_ADDRESS_bit
0x0094       [0]    R_bit
0x0094       [0]    I2C_START__bit
0x0094       [0]    S_bit
0x0095       [0]    WPUB5_bit
0x0095       [0]    WPUB4_bit
0x0095       [0]    WPUB1_bit
0x0095       [0]    WPUB6_bit
0x0095       [0]    WPUB7_bit
0x0095       [0]    WPUB2_bit
0x0095       [0]    WPUB0_bit
0x0095       [1]    WPUB
0x0095       [0]    WPUB3_bit
0x0096       [1]    IOCB
0x0096       [0]    IOCB5_bit
0x0096       [0]    IOCB4_bit
0x0096       [0]    IOCB7_bit
0x0096       [0]    IOCB6_bit
0x0096       [0]    IOCB1_bit
0x0096       [0]    IOCB0_bit
0x0096       [0]    IOCB2_bit
0x0096       [0]    IOCB3_bit
0x0097       [1]    VRCON
0x0097       [0]    VRR_bit
0x0097       [0]    VRSS_bit
0x0097       [0]    VREN_bit
0x0097       [0]    VROE_bit
0x0097       [0]    VR1_bit
0x0097       [0]    VR0_bit
0x0097       [0]    VR2_bit
0x0097       [0]    VR3_bit
0x0098       [0]    TX9D_bit
0x0098       [0]    TXD8_bit
0x0098       [1]    TXSTA
0x0098       [0]    TRMT_bit
0x0098       [0]    TXEN_bit
0x0098       [0]    TX8_9_bit
0x0098       [0]    SENDB_bit
0x0098       [0]    SYNC_bit
0x0098       [0]    TX9_bit
0x0098       [0]    CSRC_bit
0x0098       [0]    BRGH_bit
0x0098       [0]    NOT_TX8_bit
0x0099       [0]    BRG1_bit
0x0099       [0]    BRG0_bit
0x0099       [1]    SPBRG
0x0099       [0]    BRG2_bit
0x0099       [0]    BRG6_bit
0x0099       [0]    BRG7_bit
0x0099       [0]    BRG3_bit
0x0099       [0]    BRG5_bit
0x0099       [0]    BRG4_bit
0x009A       [0]    BRG11_bit
0x009A       [0]    BRG8_bit
0x009A       [0]    BRG9_bit
0x009A       [0]    BRG10_bit
0x009A       [1]    SPBRGH
0x009A       [0]    BRG15_bit
0x009A       [0]    BRG14_bit
0x009A       [0]    BRG12_bit
0x009A       [0]    BRG13_bit
0x009B       [0]    PDC4_bit
0x009B       [0]    PDC1_bit
0x009B       [0]    PDC2_bit
0x009B       [0]    PDC3_bit
0x009B       [0]    PDC5_bit
0x009B       [0]    PRSEN_bit
0x009B       [0]    PDC0_bit
0x009B       [0]    PDC6_bit
0x009B       [1]    PWM1CON
0x009C       [0]    ECCPAS0_bit
0x009C       [1]    ECCPAS
0x009C       [0]    ECCPAS1_bit
0x009C       [0]    ECCPASE_bit
0x009C       [0]    ECCPAS2_bit
0x009C       [0]    PSSAC0_bit
0x009C       [0]    PSSBD1_bit
0x009C       [0]    PSSAC1_bit
0x009C       [0]    PSSBD0_bit
0x009D       [1]    PSTRCON
0x009D       [0]    STRB_bit
0x009D       [0]    STRSYNC_bit
0x009D       [0]    STRD_bit
0x009D       [0]    STRA_bit
0x009D       [0]    STRC_bit
0x009E       [1]    ADRESL
0x009F       [1]    ADCON1
0x009F       [0]    ADFM_bit
0x009F       [0]    VCFG1_bit
0x009F       [0]    VCFG0_bit
0x0105       [1]    WDTCON
0x0105       [0]    WDTPS3_bit
0x0105       [0]    WDTPS2_bit
0x0105       [0]    WDTPS0_bit
0x0105       [0]    WDTPS1_bit
0x0105       [0]    SWDTEN_bit
0x0107       [0]    C1OE_bit
0x0107       [0]    C1OUT_bit
0x0107       [0]    C1ON_bit
0x0107       [0]    C1POL_bit
0x0107       [0]    C1CH0_bit
0x0107       [0]    C1CH1_bit
0x0107       [0]    C1R_bit
0x0107       [1]    CM1CON0
0x0108       [0]    C2OE_bit
0x0108       [0]    C2OUT_bit
0x0108       [0]    C2ON_bit
0x0108       [0]    C2CH1_bit
0x0108       [0]    C2CH0_bit
0x0108       [0]    C2POL_bit
0x0108       [0]    C2R_bit
0x0108       [1]    CM2CON0
0x0109       [0]    MC1OUT_bit
0x0109       [0]    T1GSS_bit
0x0109       [0]    MC2OUT_bit
0x0109       [0]    C2RSEL_bit
0x0109       [0]    C1RSEL_bit
0x0109       [0]    C2SYNC_bit
0x0109       [1]    CM2CON1
0x010C       [1]    EEDAT
0x010C       [1]    EEDATA
0x010D       [1]    EEADR
0x010E       [1]    EEDATH
0x010F       [1]    EEADRH
0x0185       [0]    FVREN_bit
0x0185       [1]    SRCON
0x0185       [0]    PULSR_bit
0x0185       [0]    SR0_bit
0x0185       [0]    SR1_bit
0x0185       [0]    C1SEN_bit
0x0185       [0]    PULSS_bit
0x0185       [0]    C2REN_bit
0x0187       [1]    BAUDCTL
0x0187       [0]    SCKP_bit
0x0187       [0]    BRG16_bit
0x0187       [0]    ABDOVF_bit
0x0187       [0]    ABDEN_bit
0x0187       [0]    RCIDL_bit
0x0187       [0]    WUE_bit
0x0188       [0]    ANS4_bit
0x0188       [0]    ANS3_bit
0x0188       [0]    ANS6_bit
0x0188       [0]    ANS0_bit
0x0188       [0]    ANS1_bit
0x0188       [0]    ANS7_bit
0x0188       [0]    ANS2_bit
0x0188       [1]    ANSEL
0x0188       [0]    ANS5_bit
0x0189       [0]    ANS11_bit
0x0189       [0]    ANS13_bit
0x0189       [0]    ANS12_bit
0x0189       [0]    ANS9_bit
0x0189       [0]    ANS8_bit
0x0189       [1]    ANSELH
0x0189       [0]    ANS10_bit
0x018C       [0]    WREN_bit
0x018C       [0]    RD_bit
0x018C       [0]    EEPGD_bit
0x018C       [1]    EECON1
0x018C       [0]    WRERR_bit
0x018C       [0]    WR_bit
0x018D       [1]    EECON2
//** Label List: ** 
//----------------------------------------------
  L_sensorRead0
  L_sensorRead1
  L_sensorRead2
  L_sensorRead3
  L_sensorRead4
  L_sensorRead5
  L_sensorRead6
  L_sensorRead7
  L_sensorRead8
  L_sensorRead9
  L_sensorRead10
  L_sensorRead11
  L_sensorRead12
  L_sensorRead13
  L_sensorRead14
  L_sensorRead15
  L_sensorRead16
  L_sensorRead17
  L_sensorRead18
  L_sensorRead19
  L_sensorRead20
  L_sensorRead21
  L_sensorRead22
  L_sensorRead23
  L_sensorRead24
  L_sensorRead25
  L_sensorRead26
  L_sensorRead27
  L_printToLcd28
  L_printToLcd29
  L_printToLcd30
  L_lineFollow31
  L_lineFollow32
  L_lineFollow33
  L_lineFollow34
  L_lineFollow35
  L_lineFollow36
  L_lineFollow37
  L_lineFollow38
  L_lineFollow39
  L_lineFollow40
  L_lineFollow41
  L_lineFollow42
  L_lineFollow43
  L_lineFollow44
  L_lineFollow45
  L_lineFollow46
  L_lineFollow47
  L_lineFollow48
  L_lineFollow49
  L_lineFollow50
  L_lineFollow51
  L_lineFollow52
  L_lineFollow53
  L_lineFollow54
  L_lineFollow55
  L_lineFollow56
  L_lineFollow57
  L_lineFollow58
  L_lineFollow59
  L_lineFollow60
  L_lineFollow61
  L_lineFollow62
  L_lineFollow63
  L_lineFollow64
  L_lineFollow65
  L_lineFollow66
  L_lineFollow67
  L_lineFollow68
  L_lineFollow69
  L_lineFollow70
  L_lineFollow71
  L_lineFollow72
  L_lineFollow73
  L_lineFollow74
  L_lineFollow75
  L_lineFollow76
  L_lineFollow77
  L_lineFollow78
  L_lineFollow79
  L_lineFollow80
  L_lineFollow81
  L_lineFollow82
  L_lineFollow83
  L_lineFollow84
  L_lineFollow85
  L_lineFollow86
  L_lineFollow87
  L_lineFollow88
  L_lineFollow89
  L_lineFollow90
  L_lineFollow91
  L_lineFollow92
  L_lineFollow93
  L_lineFollow94
  L_lineFollow95
  L_lineFollow96
  L_lineFollow97
  L_lineFollow98
  L_lineFollow99
  L_lineFollow100
  L_lineFollow101
  L_lineFollow102
  L_lineFollow103
  L_lineFollow104
  L_lineFollow105
  L_lineFollow106
  L_lineFollow107
  L_lineFollow108
  L_lineFollow109
  L_SemSmallFollow110
  L_SemSmallFollow111
  L_SemSmallFollow112
  L_SemSmallFollow113
  L_SemSmallFollow114
  L_SemSmallFollow115
  L_SemSmallFollow116
  L_SemSmallFollow117
  L_SemSmallFollow118
  L_SemSmallFollow119
  L_SemSmallFollow120
  L_SemSmallFollow121
  L_SemSmallFollow122
  L_SemSmallFollow123
  L_SemSmallFollow124
  L_SemSmallFollow125
  L_SemSmallFollow126
  L_SemSmallFollow127
  L_SemSmallFollow128
  L_SemSmallFollow129
  L_SemSmallFollow130
  L_SemSmallFollow131
  L_SemSmallFollow132
  L_SemSmallFollow133
  L_SemSmallFollow134
  L_SemSmallFollow135
  L_SemSmallFollow136
  L_SemSmallFollow137
  L_SemSmallFollow138
  L_SemSmallFollow139
  L_SemSmallFollow140
  L_SemSmallFollow141
  L_SemSmallFollow142
  L_SemSmallFollow143
  L_SemSmallFollow144
  L_SemSmallFollow145
  L_SemSmallFollow146
  L_SemSmallFollow147
  L_SemSmallFollow148
  L_SemSmallFollow149
  L_SemSmallFollow150
  L_SemSmallFollow151
  L_SemSmallFollow152
  L_SemSmallFollow153
  L_SemSmallFollow154
  L_SemSmallFollow155
  L_SemSmallFollow156
  L_SemSmallFollow157
  L_SemSmallFollow158
  L_SemSmallFollow159
  L_SemSmallFollow160
  L_SemSmallFollow161
  L_SemSmallFollow162
  L_SemSmallFollow163
  L_SemSmallFollow164
  L_SemSmallFollow165
  L_SemSmallFollow166
  L_SemSmallFollow167
  L_SemSmallFollow168
  L_SemSmallFollow169
  L_encoder170
  L_encoder171
  L_encoder172
  L_encoder173
  L_encoder174
  L_encoder175
  L_encoder176
  L_encoder177
  L_encoder178
  L_encoder179
  L_encoder180
  L_goStraight181
  L_goStraight182
  L_goStraight183
  L_goStraight184
  L_goStraight185
  L_goStraight186
  L_goStraight187
  L_goStraight188
  L_goStraight189
  L_goStraight190
  L_goStraight191
  L_goStraight192
  L_goStraight193
  L_goStraight2194
  L_goStraight2195
  L_goStraight2196
  L_goStraight2197
  L_goStraight2198
  L_goStraight2199
  L_goStraight2200
  L_goStraight2201
  L_goStraight2202
  L_goStraight2203
  L_tuneToMiddle204
  L_tuneToMiddle205
  L_tuneToMiddle206
  L_tuneToMiddle207
  L_tuneToMiddle208
  L_tuneToMiddle209
  L_tuneToMiddle210
  L_tuneToMiddle211
  L_tuneToMiddle212
  L_tuneToMiddle213
  L_tuneToMiddle214
  L_tuneToMiddle215
  L_tuneToMiddle216
  L_tuneToMiddle217
  L_tuneToMiddle218
  L_tuneToMiddle219
  L_printClockEncoders220
  L_printClockEncoders221
  L_printClockEncoders222
  L_followArrow223
  L_followArrow224
  L_followArrow225
  L_followArrow226
  L_followArrow227
  L_followArrow228
  L_followArrow229
  L_followArrow230
  L_followArrow231
  L_followArrow232
  L_followArrow233
  L_followArrow234
  L_followArrow235
  L_followArrow236
  L_followArrow237
  L_followArrow238
  L_followArrow239
  L_followArrow240
  L_followArrow241
  L_followArrow242
  L_followArrow243
  L_followArrow244
  L_followArrow245
  L_followArrow246
  L_followArrow247
  L_followArrow248
  L_followArrow249
  L_followArrow250
  L_followArrow251
  L_followArrow252
  L_followArrow253
  L_followArrow254
  L_interrupt255
  L_pulseIn1256
  L_pulseIn1257
  L_pulseIn1258
  L_pulseIn1259
  L_pulseIn1260
  L_pulseIn1261
  L_pulseIn1262
  L_pulseIn1263
  L_pulseIn2264
  L_pulseIn2265
  L_pulseIn2266
  L_pulseIn2267
  L_pulseIn2268
  L_pulseIn2269
  L_pulseIn2270
  L_pulseIn2271
  L_pulseIn3272
  L_pulseIn3273
  L_pulseIn3274
  L_pulseIn3275
  L_pulseIn3276
  L_pulseIn3277
  L_pulseIn3278
  L_pulseIn3279
  L_getDis1280
  L_getDis1281
  L_getDis1282
  L_getDis2283
  L_getDis2284
  L_getDis2285
  L_getDis3286
  L_getDis3287
  L_getDis3288
  L_NidegL289
  L_NidegL290
  L_NidegL291
  L_NidegR292
  L_NidegR293
  L_NidegR294
  L_moFEnc295
  L_moFEnc296
  L_moFEnc297
  L_turnToPoint298
  L_turnToPoint299
  L_turnToPoint300
  L_turnToPoint301
  L_turnToPoint302
  L_turnToPoint303
  L_turnToPoint304
  L_turnToPoint305
  L_turnToPoint306
  L_turnToPoint307
  L_turnToPoint308
  L_turnToPoint309
  L_turnToPoint310
  L_turnToPoint311
  L_turnToPoint312
  L_turnToPoint313
  L_turnToPoint314
  L_turnToPoint315
  L_convert316
  L_convert317
  L_Read_Compass318
  L_Read_Compass319
  L_Read_Compass320
  L_Read_Compass321
  L_Read_Compass322
  L_Read_Compass323
  L_Read_Compass324
  L_Read_Compass325
  L_Read_Compass326
  L_Read_Compass327
  L_Read_Compass328
  L_Read_Compass329
  L_Read_Compass330
  L_Read_Compass331
  L_Read_Compass332
  L_Read_Compass333
  L_Read_Compass334
  L_Read_Compass335
  L_Read_Compass336
  L_Read_Compass337
  L_Read_Compass338
  L_Read_Compass339
  L_Read_Compass340
  L_Read_Compass341
  L_Read_Compass342
  L_Read_Compass343
  L_Read_Compass344
  L_Read_Compass345
  L_Read_Compass346
  L_Read_Compass347
  L_Read_Compass348
  L_Read_Compass349
  L_avoidObstacles350
  L_avoidObstacles351
  L_avoidObstacles352
  L_avoidObstacles353
  L_avoidObstacles354
  L_avoidObstacles355
  L_avoidObstacles356
  L_avoidObstacles357
  L_avoidObstacles358
  L_avoidObstacles359
  L_avoidObstacles360
  L_avoidObstacles361
  L_avoidObstacles362
  L_avoidObstacles363
  L_avoidObstacles364
  L_avoidObstacles365
  L_avoidObstacles366
  L_avoidObstacles367
  L_avoidObstacles368
  L_avoidObstacles369
  L_avoidObstacles370
  L_avoidObstacles371
  L_avoidObstacles372
  L_avoidObstacles373
  L_avoidObstacles374
  L_avoidObstacles375
  L_avoidObstacles376
  L_avoidObstacles377
  L_avoidObstacles378
  L_avoidObstacles379
  L_avoidObstacles380
  L_avoidObstacles381
  L_avoidObstacles382
  L_avoidObstacles383
  L_avoidObstacles384
  L_avoidObstacles385
  L_avoidObstacles386
  L_avoidObstacles387
  L_avoidObstacles388
  L_avoidObstacles389
  L_avoidObstacles390
  L_avoidObstacles391
  L_avoidObstacles392
  L_avoidObstacles393
  L_avoidObstacles394
  L_avoidObstacles395
  L_avoidObstacles396
  L_avoidObstacles397
  L_avoidObstacles398
  L_avoidObstacles399
  L_avoidObstacles400
  L_avoidObstacles401
  L_avoidObstacles402
  L_avoidObstacles403
  L_straight404
  L_straight405
  L_straight406
  L_straight407
  L_straight408
  L_straight409
  L_straight410
  L_straight411
  L_straight412
  L_straight413
  L_straight414
  L_avoidObstacles2415
  L_avoidObstacles2416
  L_avoidObstacles2417
  L_avoidObstacles2418
  L_avoidObstacles2419
  L_avoidObstacles2420
  L_avoidObstacles2421
  L_avoidObstacles2422
  L_avoidObstacles2423
  L_avoidObstacles2424
  L_avoidObstacles2425
  L_avoidObstacles2426
  L_avoidObstacles2427
  L_avoidObstacles2428
  L_avoidObstacles2429
  L_avoidObstacles2430
  L_turnToMiddle431
  L_turnToMiddle432
  L_turnToMiddle433
  L_turnToMiddle434
  L_turnToMiddle435
  L_turnToMiddle436
  L_turnToMiddle437
  L_AF438
  L_AF439
  L_AF440
  L_AF441
  L_AF442
  L_AF443
  L_AF444
  L_AF445
  L_AF446
  L_AF447
  L_straight_com448
  L_straight_com449
  L_straight_com450
  L_straight_com451
  L_straight_com452
  L_straight_com453
  L_straight_com454
  L_straight_com455
  L_straight_com456
  L_straight_com457
  L_straight_com458
  L_straight_com459
  L_main460
  L_main461
  L_main462
  L__lineFollow463
  L__lineFollow464
  L__lineFollow465
  L__lineFollow466
  L__lineFollow467
  L__lineFollow468
  L__lineFollow469
  L__lineFollow470
  L__lineFollow471
  L__lineFollow472
  L__lineFollow473
  L__lineFollow474
  L__lineFollow475
  L__lineFollow476
  L__lineFollow477
  L__lineFollow478
  L__lineFollow479
  L__lineFollow480
  L__lineFollow481
  L__lineFollow482
  L__lineFollow483
  L__lineFollow484
  L__SemSmallFollow485
  L__SemSmallFollow486
  L__SemSmallFollow487
  L__SemSmallFollow488
  L__SemSmallFollow489
  L__SemSmallFollow490
  L__SemSmallFollow491
  L__SemSmallFollow492
  L__SemSmallFollow493
  L__SemSmallFollow494
  L__SemSmallFollow495
  L__SemSmallFollow496
  L__SemSmallFollow497
  L__SemSmallFollow498
  L__SemSmallFollow499
  L__encoder500
  L__encoder501
  L__goStraight502
  L__goStraight2503
  L__goStraight2504
  L__tuneToMiddle505
  L__Read_Compass506
  L__Read_Compass507
  L__Read_Compass508
  L__Read_Compass509
  L__avoidObstacles510
  L__avoidObstacles511
  L__avoidObstacles512
  L__avoidObstacles513
  L__avoidObstacles514
  L__avoidObstacles515
  L__avoidObstacles516
  L__straight517
  L__straight518
  L__avoidObstacles2519
  L__avoidObstacles2520
  L__avoidObstacles2521
  L__turnToMiddle522
  L__AF523
  L__straight_com524
  L__straight_com525
  L__straight_com526
  _fullSpeed
  _mediumSpeed
  _arrow_speed
  _rotateLeft
  _rotateRight
  _moveF
  _moveB
  _forward
  _backward
  _leftHardTurn
  _leftHardT
  _RightHardTurn
  _leftTurn
  _RightTurn
  _leftSoftTurn
  _rightSoftTurn
  _stopAll
  _leftT
  _rightT
  _sensorRead
  L__sensorRead527
  L__sensorRead528
  L__sensorRead529
  L__sensorRead530
  L__sensorRead531
  L__sensorRead532
  L__sensorRead533
  L__sensorRead534
  L__sensorRead535
  L__sensorRead536
  L__sensorRead537
  L__sensorRead538
  L__sensorRead539
  L__sensorRead540
  _printToLcd
  L__printToLcd541
  _bin_deci
  L__bin_deci542
  L__bin_deci543
  L__bin_deci544
  L__bin_deci545
  L__bin_deci546
  L__bin_deci547
  L__bin_deci548
  L__bin_deci549
  L__bin_deci550
  L__bin_deci551
  _lineFollow
  L__lineFollow552
  L__lineFollow553
  L__lineFollow554
  L__lineFollow555
  L__lineFollow556
  L__lineFollow557
  L__lineFollow558
  L__lineFollow559
  L__lineFollow560
  L__lineFollow561
  L__lineFollow562
  L__lineFollow563
  L__lineFollow564
  L__lineFollow565
  L__lineFollow566
  L__lineFollow567
  L__lineFollow568
  L__lineFollow569
  L__lineFollow570
  L__lineFollow571
  L__lineFollow572
  L__lineFollow573
  L__lineFollow574
  L__lineFollow575
  L__lineFollow576
  L__lineFollow577
  L__lineFollow578
  L__lineFollow579
  L__lineFollow580
  L__lineFollow581
  L__lineFollow582
  L__lineFollow583
  L__lineFollow584
  L__lineFollow585
  L__lineFollow586
  L__lineFollow587
  L__lineFollow588
  L__lineFollow589
  L__lineFollow590
  L__lineFollow591
  L__lineFollow592
  L__lineFollow593
  L__lineFollow594
  L__lineFollow595
  L__lineFollow596
  L__lineFollow597
  L__lineFollow598
  L__lineFollow599
  L__lineFollow600
  _SemSmallFollow
  L__SemSmallFollow601
  L__SemSmallFollow602
  L__SemSmallFollow603
  L__SemSmallFollow604
  L__SemSmallFollow605
  L__SemSmallFollow606
  L__SemSmallFollow607
  L__SemSmallFollow608
  L__SemSmallFollow609
  L__SemSmallFollow610
  L__SemSmallFollow611
  L__SemSmallFollow612
  L__SemSmallFollow613
  L__SemSmallFollow614
  L__SemSmallFollow615
  L__SemSmallFollow616
  L__SemSmallFollow617
  L__SemSmallFollow618
  L__SemSmallFollow619
  L__SemSmallFollow620
  L__SemSmallFollow621
  L__SemSmallFollow622
  L__SemSmallFollow623
  L__SemSmallFollow624
  L__SemSmallFollow625
  L__SemSmallFollow626
  L__SemSmallFollow627
  L__SemSmallFollow628
  L__SemSmallFollow629
  L__SemSmallFollow630
  L__SemSmallFollow631
  L__SemSmallFollow632
  L__SemSmallFollow633
  L__SemSmallFollow634
  L__SemSmallFollow635
  L__SemSmallFollow636
  L__SemSmallFollow637
  L__SemSmallFollow638
  L__SemSmallFollow639
  L__SemSmallFollow640
  L__SemSmallFollow641
  L__SemSmallFollow642
  L__SemSmallFollow643
  L__SemSmallFollow644
  L__SemSmallFollow645
  L__SemSmallFollow646
  L__SemSmallFollow647
  L__SemSmallFollow648
  L__SemSmallFollow649
  L__SemSmallFollow650
  L__SemSmallFollow651
  L__SemSmallFollow652
  L__SemSmallFollow653
  L__SemSmallFollow654
  L__SemSmallFollow655
  L__SemSmallFollow656
  L__SemSmallFollow657
  L__SemSmallFollow658
  L__SemSmallFollow659
  L__SemSmallFollow660
  L__SemSmallFollow661
  L__SemSmallFollow662
  L__SemSmallFollow663
  L__SemSmallFollow664
  L__SemSmallFollow665
  L__SemSmallFollow666
  L__SemSmallFollow667
  L__SemSmallFollow668
  L__SemSmallFollow669
  L__SemSmallFollow670
  L__SemSmallFollow671
  L__SemSmallFollow672
  L__SemSmallFollow673
  L__SemSmallFollow674
  L__SemSmallFollow675
  _encoder
  L__encoder676
  L__encoder677
  L__encoder678
  L__encoder679
  _initEncoder
  _goStraight
  L__goStraight680
  L__goStraight681
  L__goStraight682
  L__goStraight683
  L__goStraight684
  L__goStraight685
  L__goStraight686
  _goStraight2
  L__goStraight2687
  L__goStraight2688
  L__goStraight2689
  L__goStraight2690
  L__goStraight2691
  L__goStraight2692
  _tuneToMiddle
  L__tuneToMiddle693
  L__tuneToMiddle694
  L__tuneToMiddle695
  L__tuneToMiddle696
  L__tuneToMiddle697
  L__tuneToMiddle698
  L__tuneToMiddle699
  L__tuneToMiddle700
  L__tuneToMiddle701
  L__tuneToMiddle702
  _printClockEncoders
  L__printClockEncoders703
  L__printClockEncoders704
  _getFrontDecimal
  L__getFrontDecimal705
  L__getFrontDecimal706
  L__getFrontDecimal707
  L__getFrontDecimal708
  L__getFrontDecimal709
  L__getFrontDecimal710
  L__getFrontDecimal711
  L__getFrontDecimal712
  L__getFrontDecimal713
  L__getFrontDecimal714
  _getBackDecimal
  L__getBackDecimal715
  L__getBackDecimal716
  L__getBackDecimal717
  L__getBackDecimal718
  _followArrow
  L__followArrow719
  L__followArrow720
  L__followArrow721
  L__followArrow722
  L__followArrow723
  L__followArrow724
  L__followArrow725
  L__followArrow726
  L__followArrow727
  L__followArrow728
  L__followArrow729
  L__followArrow730
  L__followArrow731
  L__followArrow732
  L__followArrow733
  L__followArrow734
  L__followArrow735
  L__followArrow736
  L__followArrow737
  L__followArrow738
  _interrupt
  L__interrupt739
  _init_timer
  _pulseIn1
  L__pulseIn1740
  L__pulseIn1741
  _pulseIn2
  L__pulseIn2742
  L__pulseIn2743
  _pulseIn3
  L__pulseIn3744
  L__pulseIn3745
  _getDis1
  _getDis2
  _getDis3
  _NidegL
  L__NidegL746
  _NidegR
  L__NidegR747
  _moFEnc
  L__moFEnc748
  _getCompass
  _turnToPoint
  L__turnToPoint749
  L__turnToPoint750
  L__turnToPoint751
  L__turnToPoint752
  L__turnToPoint753
  L__turnToPoint754
  L__turnToPoint755
  _convert
  L__convert756
  _Read_Compass
  L__Read_Compass757
  L__Read_Compass758
  L__Read_Compass759
  L__Read_Compass760
  L__Read_Compass761
  L__Read_Compass762
  L__Read_Compass763
  L__Read_Compass764
  L__Read_Compass765
  L__Read_Compass766
  _avoidObstacles
  L__avoidObstacles767
  L__avoidObstacles768
  L__avoidObstacles769
  L__avoidObstacles770
  L__avoidObstacles771
  L__avoidObstacles772
  L__avoidObstacles773
  L__avoidObstacles774
  L__avoidObstacles775
  L__avoidObstacles776
  L__avoidObstacles777
  L__avoidObstacles778
  L__avoidObstacles779
  L__avoidObstacles780
  L__avoidObstacles781
  L__avoidObstacles782
  L__avoidObstacles783
  L__avoidObstacles784
  L__avoidObstacles785
  L__avoidObstacles786
  L__avoidObstacles787
  L__avoidObstacles788
  L__avoidObstacles789
  L__avoidObstacles790
  L__avoidObstacles791
  L__avoidObstacles792
  L__avoidObstacles793
  L__avoidObstacles794
  L__avoidObstacles795
  L__avoidObstacles796
  L__avoidObstacles797
  _cal_front
  _straight
  L__straight798
  L__straight799
  L__straight800
  L__straight801
  L__straight802
  L__straight803
  _avoidObstacles2
  L__avoidObstacles2804
  L__avoidObstacles2805
  L__avoidObstacles2806
  L__avoidObstacles2807
  L__avoidObstacles2808
  L__avoidObstacles2809
  L__avoidObstacles2810
  L__avoidObstacles2811
  L__avoidObstacles2812
  L__avoidObstacles2813
  _turnToMiddle
  L__turnToMiddle814
  L__turnToMiddle815
  L__turnToMiddle816
  _AF
  L__AF817
  L__AF818
  L__AF819
  L__AF820
  L__AF821
  L__AF822
  _straight_com
  _main
  L_Div_16x16_S0
  L_Div_16x16_S1
  LOOPS3232A
  SADD22LA
  SOK22LA
  SADD22L8
  SOK22L8
  LOOPS3232B
  SADD22LB
  SOK22LB
  SADD22L16
  SOK22L16
  LOOPS3232C
  SADD22LC
  SOK22LC
  SADD22L24
  SOK22L24
  LOOPS3232D
  SADD22LD
  SOK22LD
  SOK22L
  L_Div_32x32_S6
  L_Div_32x32_S7
  L_Div_32x32_S8
  L_Div_32x32_S9
  FXD3232S
  END_ALL
  CA3232S
  C3232SX
  C3232SX1
  C3232S
  C3232S2
  C3232SX4
  C3232SOK
  C3232SX3
  C3232SX2
  avoid_comfrem
  LOOPU3232A
  UADD22LA
  UOK22LA
  UADD22L8
  UOK22L8
  LOOPU3232B
  UADD22LB
  UOK22LB
  UADD22L16
  UOK22L16
  LOOPU3232C
  UADD22LC
  UOK22LC
  UADD22L24
  UOK22L24
  LOOPU3232D
  UADD22LD
  UOK22LD
  UOK22L
  _NEXT
  _EXIT2
  _LOOP
  _EXIT1
  _IF_FIRST
  _IF_SECOND
  _INVERCE_FIRST
  _MULT
  _INBERSE_SECOND
  _EXIT
  _Mul_8x8_U
  _Mul_16x16_U
  _Div_8x8_U
  _Div_16x16_U
  _Mul_8x8_S
  _Mul_16x16_S
  _Div_16x16_S_L
  _Div_16x16_S
  _Div_8x8_S
  _SDIV3232L
  _COMFREM
  _Div_32x32_S
  _Div_32x32_U
  _Mul_32x32_U
  _Mul_32x32_S
  _PWM2_Init
  _PWM2_Set_Duty
  L__PWM2_Set_Duty0
  L__PWM2_Set_Duty1
  L__PWM2_Set_Duty2
  L__PWM2_Set_Duty3
  _PWM2_Start
  _PWM2_Stop
  _PWM1_Init
  _PWM1_Set_Duty
  L__PWM1_Set_Duty4
  L__PWM1_Set_Duty5
  L__PWM1_Set_Duty6
  L__PWM1_Set_Duty7
  _PWM1_Start
  _PWM1_Stop
  _CC2D_Loop1
  _____DoICP
  _____DoIFC
  ___CC2DW
  _Swap
  L_sensorRead0
  L_sensorRead1
  L_sensorRead2
  L_sensorRead3
  L_sensorRead4
  L_sensorRead5
  L_sensorRead6
  L_sensorRead7
  L_sensorRead8
  L_sensorRead9
  L_sensorRead10
  L_sensorRead11
  L_sensorRead12
  L_sensorRead13
  L_sensorRead14
  L_sensorRead15
  L_sensorRead16
  L_sensorRead17
  L_sensorRead18
  L_sensorRead19
  L_sensorRead20
  L_sensorRead21
  L_sensorRead22
  L_sensorRead23
  L_sensorRead24
  L_sensorRead25
  L_sensorRead26
  L_sensorRead27
  L_printToLcd28
  L_printToLcd29
  L_printToLcd30
  L_lineFollow31
  L_lineFollow32
  L_lineFollow33
  L_lineFollow34
  L_lineFollow35
  L_lineFollow36
  L_lineFollow37
  L_lineFollow38
  L_lineFollow39
  L_lineFollow40
  L_lineFollow41
  L_lineFollow42
  L_lineFollow43
  L_lineFollow44
  L_lineFollow45
  L_lineFollow46
  L_lineFollow47
  L_lineFollow48
  L_lineFollow49
  L_lineFollow50
  L_lineFollow51
  L_lineFollow52
  L_lineFollow53
  L_lineFollow54
  L_lineFollow55
  L_lineFollow56
  L_lineFollow57
  L_lineFollow58
  L_lineFollow59
  L_lineFollow60
  L_lineFollow61
  L_lineFollow62
  L_lineFollow63
  L_lineFollow64
  L_lineFollow65
  L_lineFollow66
  L_lineFollow67
  L_lineFollow68
  L_lineFollow69
  L_lineFollow70
  L_lineFollow71
  L_lineFollow72
  L_lineFollow73
  L_lineFollow74
  L_lineFollow75
  L_lineFollow76
  L_lineFollow77
  L_lineFollow78
  L_lineFollow79
  L_lineFollow80
  L_lineFollow81
  L_lineFollow82
  L_lineFollow83
  L_lineFollow84
  L_lineFollow85
  L_lineFollow86
  L_lineFollow87
  L_lineFollow88
  L_lineFollow89
  L_lineFollow90
  L_lineFollow91
  L_lineFollow92
  L_lineFollow93
  L_lineFollow94
  L_lineFollow95
  L_lineFollow96
  L_lineFollow97
  L_lineFollow98
  L_lineFollow99
  L_lineFollow100
  L_lineFollow101
  L_lineFollow102
  L_lineFollow103
  L_lineFollow104
  L_lineFollow105
  L_lineFollow106
  L_lineFollow107
  L_lineFollow108
  L_lineFollow109
  L_SemSmallFollow110
  L_SemSmallFollow111
  L_SemSmallFollow112
  L_SemSmallFollow113
  L_SemSmallFollow114
  L_SemSmallFollow115
  L_SemSmallFollow116
  L_SemSmallFollow117
  L_SemSmallFollow118
  L_SemSmallFollow119
  L_SemSmallFollow120
  L_SemSmallFollow121
  L_SemSmallFollow122
  L_SemSmallFollow123
  L_SemSmallFollow124
  L_SemSmallFollow125
  L_SemSmallFollow126
  L_SemSmallFollow127
  L_SemSmallFollow128
  L_SemSmallFollow129
  L_SemSmallFollow130
  L_SemSmallFollow131
  L_SemSmallFollow132
  L_SemSmallFollow133
  L_SemSmallFollow134
  L_SemSmallFollow135
  L_SemSmallFollow136
  L_SemSmallFollow137
  L_SemSmallFollow138
  L_SemSmallFollow139
  L_SemSmallFollow140
  L_SemSmallFollow141
  L_SemSmallFollow142
  L_SemSmallFollow143
  L_SemSmallFollow144
  L_SemSmallFollow145
  L_SemSmallFollow146
  L_SemSmallFollow147
  L_SemSmallFollow148
  L_SemSmallFollow149
  L_SemSmallFollow150
  L_SemSmallFollow151
  L_SemSmallFollow152
  L_SemSmallFollow153
  L_SemSmallFollow154
  L_SemSmallFollow155
  L_SemSmallFollow156
  L_SemSmallFollow157
  L_SemSmallFollow158
  L_SemSmallFollow159
  L_SemSmallFollow160
  L_SemSmallFollow161
  L_SemSmallFollow162
  L_SemSmallFollow163
  L_SemSmallFollow164
  L_SemSmallFollow165
  L_SemSmallFollow166
  L_SemSmallFollow167
  L_SemSmallFollow168
  L_SemSmallFollow169
  L_encoder170
  L_encoder171
  L_encoder172
  L_encoder173
  L_encoder174
  L_encoder175
  L_encoder176
  L_encoder177
  L_encoder178
  L_encoder179
  L_encoder180
  L_goStraight181
  L_goStraight182
  L_goStraight183
  L_goStraight184
  L_goStraight185
  L_goStraight186
  L_goStraight187
  L_goStraight188
  L_goStraight189
  L_goStraight190
  L_goStraight191
  L_goStraight192
  L_goStraight193
  L_goStraight2194
  L_goStraight2195
  L_goStraight2196
  L_goStraight2197
  L_goStraight2198
  L_goStraight2199
  L_goStraight2200
  L_goStraight2201
  L_goStraight2202
  L_goStraight2203
  L_tuneToMiddle204
  L_tuneToMiddle205
  L_tuneToMiddle206
  L_tuneToMiddle207
  L_tuneToMiddle208
  L_tuneToMiddle209
  L_tuneToMiddle210
  L_tuneToMiddle211
  L_tuneToMiddle212
  L_tuneToMiddle213
  L_tuneToMiddle214
  L_tuneToMiddle215
  L_tuneToMiddle216
  L_tuneToMiddle217
  L_tuneToMiddle218
  L_tuneToMiddle219
  L_printClockEncoders220
  L_printClockEncoders221
  L_printClockEncoders222
  L_followArrow223
  L_followArrow224
  L_followArrow225
  L_followArrow226
  L_followArrow227
  L_followArrow228
  L_followArrow229
  L_followArrow230
  L_followArrow231
  L_followArrow232
  L_followArrow233
  L_followArrow234
  L_followArrow235
  L_followArrow236
  L_followArrow237
  L_followArrow238
  L_followArrow239
  L_followArrow240
  L_followArrow241
  L_followArrow242
  L_followArrow243
  L_followArrow244
  L_followArrow245
  L_followArrow246
  L_followArrow247
  L_followArrow248
  L_followArrow249
  L_followArrow250
  L_followArrow251
  L_followArrow252
  L_followArrow253
  L_followArrow254
  L_interrupt255
  L_pulseIn1256
  L_pulseIn1257
  L_pulseIn1258
  L_pulseIn1259
  L_pulseIn1260
  L_pulseIn1261
  L_pulseIn1262
  L_pulseIn1263
  L_pulseIn2264
  L_pulseIn2265
  L_pulseIn2266
  L_pulseIn2267
  L_pulseIn2268
  L_pulseIn2269
  L_pulseIn2270
  L_pulseIn2271
  L_pulseIn3272
  L_pulseIn3273
  L_pulseIn3274
  L_pulseIn3275
  L_pulseIn3276
  L_pulseIn3277
  L_pulseIn3278
  L_pulseIn3279
  L_getDis1280
  L_getDis1281
  L_getDis1282
  L_getDis2283
  L_getDis2284
  L_getDis2285
  L_getDis3286
  L_getDis3287
  L_getDis3288
  L_NidegL289
  L_NidegL290
  L_NidegL291
  L_NidegR292
  L_NidegR293
  L_NidegR294
  L_moFEnc295
  L_moFEnc296
  L_moFEnc297
  L_turnToPoint298
  L_turnToPoint299
  L_turnToPoint300
  L_turnToPoint301
  L_turnToPoint302
  L_turnToPoint303
  L_turnToPoint304
  L_turnToPoint305
  L_turnToPoint306
  L_turnToPoint307
  L_turnToPoint308
  L_turnToPoint309
  L_turnToPoint310
  L_turnToPoint311
  L_turnToPoint312
  L_turnToPoint313
  L_turnToPoint314
  L_turnToPoint315
  L_convert316
  L_convert317
  L_Read_Compass318
  L_Read_Compass319
  L_Read_Compass320
  L_Read_Compass321
  L_Read_Compass322
  L_Read_Compass323
  L_Read_Compass324
  L_Read_Compass325
  L_Read_Compass326
  L_Read_Compass327
  L_Read_Compass328
  L_Read_Compass329
  L_Read_Compass330
  L_Read_Compass331
  L_Read_Compass332
  L_Read_Compass333
  L_Read_Compass334
  L_Read_Compass335
  L_Read_Compass336
  L_Read_Compass337
  L_Read_Compass338
  L_Read_Compass339
  L_Read_Compass340
  L_Read_Compass341
  L_Read_Compass342
  L_Read_Compass343
  L_Read_Compass344
  L_Read_Compass345
  L_Read_Compass346
  L_Read_Compass347
  L_Read_Compass348
  L_Read_Compass349
  L_avoidObstacles350
  L_avoidObstacles351
  L_avoidObstacles352
  L_avoidObstacles353
  L_avoidObstacles354
  L_avoidObstacles355
  L_avoidObstacles356
  L_avoidObstacles357
  L_avoidObstacles358
  L_avoidObstacles359
  L_avoidObstacles360
  L_avoidObstacles361
  L_avoidObstacles362
  L_avoidObstacles363
  L_avoidObstacles364
  L_avoidObstacles365
  L_avoidObstacles366
  L_avoidObstacles367
  L_avoidObstacles368
  L_avoidObstacles369
  L_avoidObstacles370
  L_avoidObstacles371
  L_avoidObstacles372
  L_avoidObstacles373
  L_avoidObstacles374
  L_avoidObstacles375
  L_avoidObstacles376
  L_avoidObstacles377
  L_avoidObstacles378
  L_avoidObstacles379
  L_avoidObstacles380
  L_avoidObstacles381
  L_avoidObstacles382
  L_avoidObstacles383
  L_avoidObstacles384
  L_avoidObstacles385
  L_avoidObstacles386
  L_avoidObstacles387
  L_avoidObstacles388
  L_avoidObstacles389
  L_avoidObstacles390
  L_avoidObstacles391
  L_avoidObstacles392
  L_avoidObstacles393
  L_avoidObstacles394
  L_avoidObstacles395
  L_avoidObstacles396
  L_avoidObstacles397
  L_avoidObstacles398
  L_avoidObstacles399
  L_avoidObstacles400
  L_avoidObstacles401
  L_avoidObstacles402
  L_avoidObstacles403
  L_straight404
  L_straight405
  L_straight406
  L_straight407
  L_straight408
  L_straight409
  L_straight410
  L_straight411
  L_straight412
  L_straight413
  L_straight414
  L_avoidObstacles2415
  L_avoidObstacles2416
  L_avoidObstacles2417
  L_avoidObstacles2418
  L_avoidObstacles2419
  L_avoidObstacles2420
  L_avoidObstacles2421
  L_avoidObstacles2422
  L_avoidObstacles2423
  L_avoidObstacles2424
  L_avoidObstacles2425
  L_avoidObstacles2426
  L_avoidObstacles2427
  L_avoidObstacles2428
  L_avoidObstacles2429
  L_avoidObstacles2430
  L_turnToMiddle431
  L_turnToMiddle432
  L_turnToMiddle433
  L_turnToMiddle434
  L_turnToMiddle435
  L_turnToMiddle436
  L_turnToMiddle437
  L_AF438
  L_AF439
  L_AF440
  L_AF441
  L_AF442
  L_AF443
  L_AF444
  L_AF445
  L_AF446
  L_AF447
  L_straight_com448
  L_straight_com449
  L_straight_com450
  L_straight_com451
  L_straight_com452
  L_straight_com453
  L_straight_com454
  L_straight_com455
  L_straight_com456
  L_straight_com457
  L_straight_com458
  L_straight_com459
  L_main460
  L_main461
  L_main462
  L__lineFollow463
  L__lineFollow464
  L__lineFollow465
  L__lineFollow466
  L__lineFollow467
  L__lineFollow468
  L__lineFollow469
  L__lineFollow470
  L__lineFollow471
  L__lineFollow472
  L__lineFollow473
  L__lineFollow474
  L__lineFollow475
  L__lineFollow476
  L__lineFollow477
  L__lineFollow478
  L__lineFollow479
  L__lineFollow480
  L__lineFollow481
  L__lineFollow482
  L__lineFollow483
  L__lineFollow484
  L__SemSmallFollow485
  L__SemSmallFollow486
  L__SemSmallFollow487
  L__SemSmallFollow488
  L__SemSmallFollow489
  L__SemSmallFollow490
  L__SemSmallFollow491
  L__SemSmallFollow492
  L__SemSmallFollow493
  L__SemSmallFollow494
  L__SemSmallFollow495
  L__SemSmallFollow496
  L__SemSmallFollow497
  L__SemSmallFollow498
  L__SemSmallFollow499
  L__encoder500
  L__encoder501
  L__goStraight502
  L__goStraight2503
  L__goStraight2504
  L__tuneToMiddle505
  L__Read_Compass506
  L__Read_Compass507
  L__Read_Compass508
  L__Read_Compass509
  L__avoidObstacles510
  L__avoidObstacles511
  L__avoidObstacles512
  L__avoidObstacles513
  L__avoidObstacles514
  L__avoidObstacles515
  L__avoidObstacles516
  L__straight517
  L__straight518
  L__avoidObstacles2519
  L__avoidObstacles2520
  L__avoidObstacles2521
  L__turnToMiddle522
  L__AF523
  L__straight_com524
  L__straight_com525
  L__straight_com526
  _fullSpeed
  _mediumSpeed
  _arrow_speed
  _rotateLeft
  _rotateRight
  _moveF
  _moveB
  _forward
  _backward
  _leftHardTurn
  _leftHardT
  _RightHardTurn
  _leftTurn
  _RightTurn
  _leftSoftTurn
  _rightSoftTurn
  _stopAll
  _leftT
  _rightT
  _sensorRead
  L__sensorRead527
  L__sensorRead528
  L__sensorRead529
  L__sensorRead530
  L__sensorRead531
  L__sensorRead532
  L__sensorRead533
  L__sensorRead534
  L__sensorRead535
  L__sensorRead536
  L__sensorRead537
  L__sensorRead538
  L__sensorRead539
  L__sensorRead540
  _printToLcd
  L__printToLcd541
  _bin_deci
  L__bin_deci542
  L__bin_deci543
  L__bin_deci544
  L__bin_deci545
  L__bin_deci546
  L__bin_deci547
  L__bin_deci548
  L__bin_deci549
  L__bin_deci550
  L__bin_deci551
  _lineFollow
  L__lineFollow552
  L__lineFollow553
  L__lineFollow554
  L__lineFollow555
  L__lineFollow556
  L__lineFollow557
  L__lineFollow558
  L__lineFollow559
  L__lineFollow560
  L__lineFollow561
  L__lineFollow562
  L__lineFollow563
  L__lineFollow564
  L__lineFollow565
  L__lineFollow566
  L__lineFollow567
  L__lineFollow568
  L__lineFollow569
  L__lineFollow570
  L__lineFollow571
  L__lineFollow572
  L__lineFollow573
  L__lineFollow574
  L__lineFollow575
  L__lineFollow576
  L__lineFollow577
  L__lineFollow578
  L__lineFollow579
  L__lineFollow580
  L__lineFollow581
  L__lineFollow582
  L__lineFollow583
  L__lineFollow584
  L__lineFollow585
  L__lineFollow586
  L__lineFollow587
  L__lineFollow588
  L__lineFollow589
  L__lineFollow590
  L__lineFollow591
  L__lineFollow592
  L__lineFollow593
  L__lineFollow594
  L__lineFollow595
  L__lineFollow596
  L__lineFollow597
  L__lineFollow598
  L__lineFollow599
  L__lineFollow600
  _SemSmallFollow
  L__SemSmallFollow601
  L__SemSmallFollow602
  L__SemSmallFollow603
  L__SemSmallFollow604
  L__SemSmallFollow605
  L__SemSmallFollow606
  L__SemSmallFollow607
  L__SemSmallFollow608
  L__SemSmallFollow609
  L__SemSmallFollow610
  L__SemSmallFollow611
  L__SemSmallFollow612
  L__SemSmallFollow613
  L__SemSmallFollow614
  L__SemSmallFollow615
  L__SemSmallFollow616
  L__SemSmallFollow617
  L__SemSmallFollow618
  L__SemSmallFollow619
  L__SemSmallFollow620
  L__SemSmallFollow621
  L__SemSmallFollow622
  L__SemSmallFollow623
  L__SemSmallFollow624
  L__SemSmallFollow625
  L__SemSmallFollow626
  L__SemSmallFollow627
  L__SemSmallFollow628
  L__SemSmallFollow629
  L__SemSmallFollow630
  L__SemSmallFollow631
  L__SemSmallFollow632
  L__SemSmallFollow633
  L__SemSmallFollow634
  L__SemSmallFollow635
  L__SemSmallFollow636
  L__SemSmallFollow637
  L__SemSmallFollow638
  L__SemSmallFollow639
  L__SemSmallFollow640
  L__SemSmallFollow641
  L__SemSmallFollow642
  L__SemSmallFollow643
  L__SemSmallFollow644
  L__SemSmallFollow645
  L__SemSmallFollow646
  L__SemSmallFollow647
  L__SemSmallFollow648
  L__SemSmallFollow649
  L__SemSmallFollow650
  L__SemSmallFollow651
  L__SemSmallFollow652
  L__SemSmallFollow653
  L__SemSmallFollow654
  L__SemSmallFollow655
  L__SemSmallFollow656
  L__SemSmallFollow657
  L__SemSmallFollow658
  L__SemSmallFollow659
  L__SemSmallFollow660
  L__SemSmallFollow661
  L__SemSmallFollow662
  L__SemSmallFollow663
  L__SemSmallFollow664
  L__SemSmallFollow665
  L__SemSmallFollow666
  L__SemSmallFollow667
  L__SemSmallFollow668
  L__SemSmallFollow669
  L__SemSmallFollow670
  L__SemSmallFollow671
  L__SemSmallFollow672
  L__SemSmallFollow673
  L__SemSmallFollow674
  L__SemSmallFollow675
  _encoder
  L__encoder676
  L__encoder677
  L__encoder678
  L__encoder679
  _initEncoder
  _goStraight
  L__goStraight680
  L__goStraight681
  L__goStraight682
  L__goStraight683
  L__goStraight684
  L__goStraight685
  L__goStraight686
  _goStraight2
  L__goStraight2687
  L__goStraight2688
  L__goStraight2689
  L__goStraight2690
  L__goStraight2691
  L__goStraight2692
  _tuneToMiddle
  L__tuneToMiddle693
  L__tuneToMiddle694
  L__tuneToMiddle695
  L__tuneToMiddle696
  L__tuneToMiddle697
  L__tuneToMiddle698
  L__tuneToMiddle699
  L__tuneToMiddle700
  L__tuneToMiddle701
  L__tuneToMiddle702
  _printClockEncoders
  L__printClockEncoders703
  L__printClockEncoders704
  _getFrontDecimal
  L__getFrontDecimal705
  L__getFrontDecimal706
  L__getFrontDecimal707
  L__getFrontDecimal708
  L__getFrontDecimal709
  L__getFrontDecimal710
  L__getFrontDecimal711
  L__getFrontDecimal712
  L__getFrontDecimal713
  L__getFrontDecimal714
  _getBackDecimal
  L__getBackDecimal715
  L__getBackDecimal716
  L__getBackDecimal717
  L__getBackDecimal718
  _followArrow
  L__followArrow719
  L__followArrow720
  L__followArrow721
  L__followArrow722
  L__followArrow723
  L__followArrow724
  L__followArrow725
  L__followArrow726
  L__followArrow727
  L__followArrow728
  L__followArrow729
  L__followArrow730
  L__followArrow731
  L__followArrow732
  L__followArrow733
  L__followArrow734
  L__followArrow735
  L__followArrow736
  L__followArrow737
  L__followArrow738
  _interrupt
  L__interrupt739
  _init_timer
  _pulseIn1
  L__pulseIn1740
  L__pulseIn1741
  _pulseIn2
  L__pulseIn2742
  L__pulseIn2743
  _pulseIn3
  L__pulseIn3744
  L__pulseIn3745
  _getDis1
  _getDis2
  _getDis3
  _NidegL
  L__NidegL746
  _NidegR
  L__NidegR747
  _moFEnc
  L__moFEnc748
  _getCompass
  _turnToPoint
  L__turnToPoint749
  L__turnToPoint750
  L__turnToPoint751
  L__turnToPoint752
  L__turnToPoint753
  L__turnToPoint754
  L__turnToPoint755
  _convert
  L__convert756
  _Read_Compass
  L__Read_Compass757
  L__Read_Compass758
  L__Read_Compass759
  L__Read_Compass760
  L__Read_Compass761
  L__Read_Compass762
  L__Read_Compass763
  L__Read_Compass764
  L__Read_Compass765
  L__Read_Compass766
  _avoidObstacles
  L__avoidObstacles767
  L__avoidObstacles768
  L__avoidObstacles769
  L__avoidObstacles770
  L__avoidObstacles771
  L__avoidObstacles772
  L__avoidObstacles773
  L__avoidObstacles774
  L__avoidObstacles775
  L__avoidObstacles776
  L__avoidObstacles777
  L__avoidObstacles778
  L__avoidObstacles779
  L__avoidObstacles780
  L__avoidObstacles781
  L__avoidObstacles782
  L__avoidObstacles783
  L__avoidObstacles784
  L__avoidObstacles785
  L__avoidObstacles786
  L__avoidObstacles787
  L__avoidObstacles788
  L__avoidObstacles789
  L__avoidObstacles790
  L__avoidObstacles791
  L__avoidObstacles792
  L__avoidObstacles793
  L__avoidObstacles794
  L__avoidObstacles795
  L__avoidObstacles796
  L__avoidObstacles797
  _cal_front
  _straight
  L__straight798
  L__straight799
  L__straight800
  L__straight801
  L__straight802
  L__straight803
  _avoidObstacles2
  L__avoidObstacles2804
  L__avoidObstacles2805
  L__avoidObstacles2806
  L__avoidObstacles2807
  L__avoidObstacles2808
  L__avoidObstacles2809
  L__avoidObstacles2810
  L__avoidObstacles2811
  L__avoidObstacles2812
  L__avoidObstacles2813
  _turnToMiddle
  L__turnToMiddle814
  L__turnToMiddle815
  L__turnToMiddle816
  _AF
  L__AF817
  L__AF818
  L__AF819
  L__AF820
  L__AF821
  L__AF822
  _straight_com
  _main
